<?xml version="1.0" encoding="UTF-8"?>
<coverage generated="1764208625650" clover="3.2.0">
  <project timestamp="1764208625650" name="All files">
    <metrics statements="796" coveredstatements="712" conditionals="400" coveredconditionals="338" methods="123" coveredmethods="106" elements="1319" coveredelements="1156" complexity="0" loc="796" ncloc="796" packages="6" files="21" classes="21"/>
    <package name="src">
      <metrics statements="40" coveredstatements="39" conditionals="6" coveredconditionals="6" methods="3" coveredmethods="2"/>
      <file name="app.ts" path="C:\Users\giovi\Desktop\Participium\SE25-Participium\Backend\src\app.ts">
        <metrics statements="30" coveredstatements="29" conditionals="2" coveredconditionals="2" methods="1" coveredmethods="0"/>
        <line num="1" count="5" type="stmt"/>
        <line num="3" count="5" type="stmt"/>
        <line num="4" count="5" type="stmt"/>
        <line num="5" count="5" type="stmt"/>
        <line num="6" count="5" type="stmt"/>
        <line num="7" count="5" type="stmt"/>
        <line num="8" count="5" type="stmt"/>
        <line num="9" count="5" type="stmt"/>
        <line num="10" count="5" type="stmt"/>
        <line num="11" count="5" type="stmt"/>
        <line num="12" count="5" type="stmt"/>
        <line num="13" count="5" type="stmt"/>
        <line num="14" count="5" type="stmt"/>
        <line num="15" count="5" type="stmt"/>
        <line num="17" count="5" type="stmt"/>
        <line num="20" count="5" type="stmt"/>
        <line num="23" count="5" type="stmt"/>
        <line num="24" count="5" type="stmt"/>
        <line num="31" count="5" type="stmt"/>
        <line num="44" count="5" type="stmt"/>
        <line num="45" count="5" type="stmt"/>
        <line num="46" count="5" type="stmt"/>
        <line num="65" count="5" type="stmt"/>
        <line num="66" count="5" type="stmt"/>
        <line num="67" count="5" type="stmt"/>
        <line num="68" count="5" type="stmt"/>
        <line num="69" count="5" type="stmt"/>
        <line num="71" count="5" type="stmt"/>
        <line num="72" count="0" type="stmt"/>
        <line num="76" count="5" type="stmt"/>
      </file>
      <file name="utils.ts" path="C:\Users\giovi\Desktop\Participium\SE25-Participium\Backend\src\utils.ts">
        <metrics statements="10" coveredstatements="10" conditionals="4" coveredconditionals="4" methods="2" coveredmethods="2"/>
        <line num="1" count="21" type="stmt"/>
        <line num="2" count="21" type="stmt"/>
        <line num="4" count="21" type="stmt"/>
        <line num="9" count="44" type="stmt"/>
        <line num="10" count="44" type="cond" truecount="2" falsecount="0"/>
        <line num="11" count="2" type="stmt"/>
        <line num="13" count="42" type="stmt"/>
        <line num="16" count="21" type="stmt"/>
        <line num="21" count="339" type="cond" truecount="2" falsecount="0"/>
        <line num="22" count="7" type="stmt"/>
      </file>
    </package>
    <package name="src.controllers">
      <metrics statements="199" coveredstatements="164" conditionals="80" coveredconditionals="66" methods="33" coveredmethods="25"/>
      <file name="authController.ts" path="C:\Users\giovi\Desktop\Participium\SE25-Participium\Backend\src\controllers\authController.ts">
        <metrics statements="53" coveredstatements="34" conditionals="25" coveredconditionals="17" methods="8" coveredmethods="4"/>
        <line num="1" count="7" type="stmt"/>
        <line num="2" count="7" type="stmt"/>
        <line num="3" count="7" type="stmt"/>
        <line num="4" count="7" type="stmt"/>
        <line num="5" count="7" type="stmt"/>
        <line num="6" count="7" type="stmt"/>
        <line num="7" count="7" type="stmt"/>
        <line num="8" count="7" type="stmt"/>
        <line num="9" count="7" type="stmt"/>
        <line num="11" count="7" type="stmt"/>
        <line num="12" count="7" type="stmt"/>
        <line num="15" count="7" type="stmt"/>
        <line num="17" count="0" type="stmt"/>
        <line num="18" count="0" type="cond" truecount="0" falsecount="2"/>
        <line num="19" count="0" type="stmt"/>
        <line num="21" count="0" type="stmt"/>
        <line num="24" count="0" type="stmt"/>
        <line num="25" count="0" type="stmt"/>
        <line num="30" count="7" type="stmt"/>
        <line num="34" count="0" type="stmt"/>
        <line num="35" count="0" type="stmt"/>
        <line num="36" count="0" type="stmt"/>
        <line num="37" count="0" type="cond" truecount="0" falsecount="4"/>
        <line num="38" count="0" type="stmt"/>
        <line num="40" count="0" type="stmt"/>
        <line num="45" count="7" type="stmt"/>
        <line num="55" count="21" type="stmt"/>
        <line num="56" count="21" type="stmt"/>
        <line num="59" count="21" type="cond" truecount="2" falsecount="0"/>
        <line num="63" count="21" type="stmt"/>
        <line num="74" count="17" type="stmt"/>
        <line num="78" count="7" type="stmt"/>
        <line num="86" count="0" type="stmt"/>
        <line num="87" count="0" type="stmt"/>
        <line num="89" count="0" type="cond" truecount="0" falsecount="2"/>
        <line num="90" count="0" type="stmt"/>
        <line num="93" count="0" type="stmt"/>
        <line num="95" count="0" type="stmt"/>
        <line num="104" count="0" type="stmt"/>
        <line num="107" count="7" type="stmt"/>
        <line num="108" count="30" type="stmt"/>
        <line num="110" count="30" type="cond" truecount="4" falsecount="0"/>
        <line num="111" count="6" type="stmt"/>
        <line num="114" count="24" type="cond" truecount="2" falsecount="0"/>
        <line num="116" count="24" type="stmt"/>
        <line num="117" count="24" type="cond" truecount="2" falsecount="0"/>
        <line num="118" count="2" type="stmt"/>
        <line num="121" count="22" type="cond" truecount="2" falsecount="0"/>
        <line num="122" count="9" type="stmt"/>
        <line num="128" count="13" type="stmt"/>
        <line num="129" count="13" type="cond" truecount="2" falsecount="0"/>
        <line num="130" count="1" type="stmt"/>
        <line num="133" count="12" type="stmt"/>
      </file>
      <file name="citizenController.ts" path="C:\Users\giovi\Desktop\Participium\SE25-Participium\Backend\src\controllers\citizenController.ts">
        <metrics statements="41" coveredstatements="30" conditionals="10" coveredconditionals="6" methods="8" coveredmethods="5"/>
        <line num="2" count="7" type="stmt"/>
        <line num="3" count="7" type="stmt"/>
        <line num="4" count="7" type="stmt"/>
        <line num="5" count="7" type="stmt"/>
        <line num="6" count="7" type="stmt"/>
        <line num="7" count="7" type="stmt"/>
        <line num="10" count="7" type="stmt"/>
        <line num="12" count="7" type="stmt"/>
        <line num="13" count="7" type="stmt"/>
        <line num="14" count="7" type="stmt"/>
        <line num="17" count="7" type="stmt"/>
        <line num="18" count="8" type="stmt"/>
        <line num="19" count="8" type="cond" truecount="2" falsecount="0"/>
        <line num="20" count="4" type="stmt"/>
        <line num="22" count="4" type="stmt"/>
        <line num="25" count="7" type="stmt"/>
        <line num="26" count="8" type="stmt"/>
        <line num="27" count="8" type="cond" truecount="2" falsecount="0"/>
        <line num="28" count="2" type="stmt"/>
        <line num="30" count="6" type="stmt"/>
        <line num="33" count="7" type="stmt"/>
        <line num="34" count="9" type="stmt"/>
        <line num="35" count="9" type="cond" truecount="2" falsecount="0"/>
        <line num="36" count="2" type="stmt"/>
        <line num="38" count="7" type="stmt"/>
        <line num="41" count="7" type="stmt"/>
        <line num="43" count="0" type="stmt"/>
        <line num="44" count="0" type="cond" truecount="0" falsecount="2"/>
        <line num="45" count="0" type="stmt"/>
        <line num="47" count="0" type="stmt"/>
        <line num="50" count="0" type="stmt"/>
        <line num="51" count="0" type="stmt"/>
        <line num="55" count="7" type="stmt"/>
        <line num="61" count="0" type="stmt"/>
        <line num="62" count="0" type="stmt"/>
        <line num="63" count="0" type="cond" truecount="0" falsecount="2"/>
        <line num="64" count="0" type="stmt"/>
        <line num="66" count="0" type="stmt"/>
        <line num="70" count="7" type="stmt"/>
        <line num="78" count="1" type="stmt"/>
        <line num="79" count="1" type="stmt"/>
      </file>
      <file name="notificationController.ts" path="C:\Users\giovi\Desktop\Participium\SE25-Participium\Backend\src\controllers\notificationController.ts">
        <metrics statements="11" coveredstatements="11" conditionals="4" coveredconditionals="4" methods="2" coveredmethods="2"/>
        <line num="1" count="6" type="stmt"/>
        <line num="2" count="6" type="stmt"/>
        <line num="4" count="6" type="stmt"/>
        <line num="6" count="6" type="stmt"/>
        <line num="7" count="4" type="cond" truecount="2" falsecount="0"/>
        <line num="10" count="2" type="cond" truecount="2" falsecount="0"/>
        <line num="11" count="1" type="stmt"/>
        <line num="13" count="1" type="stmt"/>
        <line num="16" count="2" type="stmt"/>
        <line num="19" count="6" type="stmt"/>
        <line num="20" count="1" type="stmt"/>
      </file>
      <file name="officeController.ts" path="C:\Users\giovi\Desktop\Participium\SE25-Participium\Backend\src\controllers\officeController.ts">
        <metrics statements="21" coveredstatements="18" conditionals="8" coveredconditionals="6" methods="2" coveredmethods="2"/>
        <line num="2" count="6" type="stmt"/>
        <line num="3" count="6" type="stmt"/>
        <line num="4" count="6" type="stmt"/>
        <line num="6" count="6" type="stmt"/>
        <line num="8" count="5" type="stmt"/>
        <line num="9" count="5" type="stmt"/>
        <line num="11" count="5" type="cond" truecount="4" falsecount="0"/>
        <line num="12" count="3" type="stmt"/>
        <line num="15" count="2" type="stmt"/>
        <line num="16" count="2" type="stmt"/>
        <line num="18" count="1" type="stmt"/>
        <line num="23" count="4" type="stmt"/>
        <line num="25" count="4" type="cond" truecount="1" falsecount="1"/>
        <line num="26" count="4" type="cond" truecount="1" falsecount="1"/>
        <line num="29" count="0" type="stmt"/>
        <line num="36" count="4" type="stmt"/>
        <line num="37" count="4" type="stmt"/>
        <line num="38" count="4" type="stmt"/>
        <line num="39" count="4" type="stmt"/>
        <line num="41" count="0" type="stmt"/>
        <line num="42" count="0" type="stmt"/>
      </file>
      <file name="reportController.ts" path="C:\Users\giovi\Desktop\Participium\SE25-Participium\Backend\src\controllers\reportController.ts">
        <metrics statements="73" coveredstatements="71" conditionals="33" coveredconditionals="33" methods="13" coveredmethods="12"/>
        <line num="1" count="6" type="stmt"/>
        <line num="2" count="6" type="stmt"/>
        <line num="3" count="6" type="stmt"/>
        <line num="4" count="6" type="stmt"/>
        <line num="6" count="6" type="stmt"/>
        <line num="7" count="6" type="stmt"/>
        <line num="8" count="6" type="stmt"/>
        <line num="9" count="6" type="stmt"/>
        <line num="12" count="6" type="stmt"/>
        <line num="16" count="6" type="stmt"/>
        <line num="17" count="6" type="stmt"/>
        <line num="19" count="6" type="stmt"/>
        <line num="21" count="2" type="stmt"/>
        <line num="22" count="2" type="cond" truecount="2" falsecount="0"/>
        <line num="23" count="1" type="stmt"/>
        <line num="25" count="2" type="stmt"/>
        <line num="28" count="2" type="stmt"/>
        <line num="29" count="2" type="stmt"/>
        <line num="33" count="6" type="stmt"/>
        <line num="41" count="4" type="stmt"/>
        <line num="42" count="4" type="stmt"/>
        <line num="43" count="4" type="stmt"/>
        <line num="44" count="4" type="cond" truecount="4" falsecount="0"/>
        <line num="45" count="3" type="stmt"/>
        <line num="47" count="1" type="stmt"/>
        <line num="52" count="6" type="stmt"/>
        <line num="60" count="19" type="stmt"/>
        <line num="62" count="19" type="stmt"/>
        <line num="64" count="19" type="cond" truecount="2" falsecount="0"/>
        <line num="65" count="1" type="stmt"/>
        <line num="68" count="18" type="cond" truecount="7" falsecount="0"/>
        <line num="69" count="2" type="stmt"/>
        <line num="72" count="16" type="cond" truecount="4" falsecount="0"/>
        <line num="73" count="2" type="stmt"/>
        <line num="75" count="14" type="stmt"/>
        <line num="76" count="14" type="cond" truecount="2" falsecount="0"/>
        <line num="77" count="14" type="cond" truecount="2" falsecount="0"/>
        <line num="79" count="14" type="cond" truecount="2" falsecount="0"/>
        <line num="80" count="14" type="stmt"/>
        <line num="81" count="14" type="stmt"/>
        <line num="85" count="14" type="stmt"/>
        <line num="99" count="6" type="stmt"/>
        <line num="100" count="7" type="stmt"/>
        <line num="101" count="7" type="stmt"/>
        <line num="104" count="6" type="stmt"/>
        <line num="105" count="0" type="stmt"/>
        <line num="106" count="0" type="stmt"/>
        <line num="109" count="6" type="stmt"/>
        <line num="110" count="4" type="stmt"/>
        <line num="111" count="3" type="stmt"/>
        <line num="114" count="6" type="stmt"/>
        <line num="119" count="4" type="stmt"/>
        <line num="120" count="3" type="stmt"/>
        <line num="123" count="6" type="stmt"/>
        <line num="128" count="4" type="stmt"/>
        <line num="129" count="3" type="stmt"/>
        <line num="132" count="6" type="stmt"/>
        <line num="133" count="7" type="stmt"/>
        <line num="135" count="6" type="stmt"/>
        <line num="139" count="6" type="stmt"/>
        <line num="140" count="6" type="cond" truecount="2" falsecount="0"/>
        <line num="141" count="3" type="cond" truecount="2" falsecount="0"/>
        <line num="142" count="1" type="stmt"/>
        <line num="143" count="2" type="stmt"/>
        <line num="144" count="3" type="cond" truecount="4" falsecount="0"/>
        <line num="145" count="1" type="stmt"/>
        <line num="148" count="4" type="stmt"/>
        <line num="150" count="4" type="stmt"/>
        <line num="153" count="6" type="stmt"/>
        <line num="154" count="3" type="stmt"/>
        <line num="156" count="2" type="stmt"/>
        <line num="159" count="2" type="stmt"/>
        <line num="160" count="2" type="stmt"/>
      </file>
    </package>
    <package name="src.middlewares">
      <metrics statements="25" coveredstatements="22" conditionals="18" coveredconditionals="15" methods="3" coveredmethods="3"/>
      <file name="authMiddleware.ts" path="C:\Users\giovi\Desktop\Participium\SE25-Participium\Backend\src\middlewares\authMiddleware.ts">
        <metrics statements="20" coveredstatements="17" conditionals="18" coveredconditionals="15" methods="2" coveredmethods="2"/>
        <line num="6" count="5" type="stmt"/>
        <line num="7" count="70" type="stmt"/>
        <line num="8" count="55" type="cond" truecount="2" falsecount="0"/>
        <line num="9" count="10" type="stmt"/>
        <line num="12" count="45" type="cond" truecount="3" falsecount="1"/>
        <line num="13" count="0" type="stmt"/>
        <line num="16" count="45" type="stmt"/>
        <line num="17" count="45" type="stmt"/>
        <line num="19" count="45" type="cond" truecount="2" falsecount="0"/>
        <line num="20" count="4" type="cond" truecount="1" falsecount="1"/>
        <line num="21" count="4" type="stmt"/>
        <line num="23" count="0" type="stmt"/>
        <line num="26" count="41" type="cond" truecount="1" falsecount="1"/>
        <line num="27" count="41" type="cond" truecount="2" falsecount="0"/>
        <line num="28" count="17" type="stmt"/>
        <line num="31" count="24" type="stmt"/>
        <line num="32" count="24" type="cond" truecount="4" falsecount="0"/>
        <line num="33" count="22" type="stmt"/>
        <line num="36" count="2" type="stmt"/>
        <line num="39" count="0" type="stmt"/>
      </file>
      <file name="errorMiddleware.ts" path="C:\Users\giovi\Desktop\Participium\SE25-Participium\Backend\src\middlewares\errorMiddleware.ts">
        <metrics statements="5" coveredstatements="5" conditionals="0" coveredconditionals="0" methods="1" coveredmethods="1"/>
        <line num="1" count="5" type="stmt"/>
        <line num="2" count="5" type="stmt"/>
        <line num="5" count="5" type="stmt"/>
        <line num="11" count="28" type="stmt"/>
        <line num="12" count="28" type="stmt"/>
      </file>
    </package>
    <package name="src.repositories">
      <metrics statements="245" coveredstatements="235" conditionals="140" coveredconditionals="117" methods="46" coveredmethods="44"/>
      <file name="citizenRepository.ts" path="C:\Users\giovi\Desktop\Participium\SE25-Participium\Backend\src\repositories\citizenRepository.ts">
        <metrics statements="31" coveredstatements="30" conditionals="16" coveredconditionals="12" methods="9" coveredmethods="9"/>
        <line num="1" count="13" type="stmt"/>
        <line num="2" count="13" type="stmt"/>
        <line num="3" count="13" type="stmt"/>
        <line num="5" count="13" type="stmt"/>
        <line num="7" count="13" type="stmt"/>
        <line num="11" count="56" type="stmt"/>
        <line num="16" count="8" type="stmt"/>
        <line num="21" count="10" type="stmt"/>
        <line num="26" count="10" type="stmt"/>
        <line num="31" count="42" type="stmt"/>
        <line num="45" count="117" type="cond" truecount="7" falsecount="0"/>
        <line num="46" count="1" type="stmt"/>
        <line num="49" count="116" type="stmt"/>
        <line num="50" count="116" type="stmt"/>
        <line num="51" count="116" type="stmt"/>
        <line num="52" count="116" type="stmt"/>
        <line num="55" count="116" type="stmt"/>
        <line num="57" count="1" type="stmt"/>
        <line num="61" count="115" type="stmt"/>
        <line num="63" count="2" type="stmt"/>
        <line num="67" count="113" type="stmt"/>
        <line num="88" count="2" type="stmt"/>
        <line num="89" count="2" type="cond" truecount="1" falsecount="1"/>
        <line num="90" count="0" type="stmt"/>
        <line num="93" count="2" type="cond" truecount="1" falsecount="1"/>
        <line num="94" count="2" type="stmt"/>
        <line num="97" count="2" type="cond" truecount="1" falsecount="1"/>
        <line num="98" count="2" type="stmt"/>
        <line num="101" count="2" type="cond" truecount="2" falsecount="0"/>
        <line num="102" count="1" type="stmt"/>
        <line num="105" count="2" type="stmt"/>
      </file>
      <file name="notificationRepository.ts" path="C:\Users\giovi\Desktop\Participium\SE25-Participium\Backend\src\repositories\notificationRepository.ts">
        <metrics statements="22" coveredstatements="22" conditionals="4" coveredconditionals="4" methods="6" coveredmethods="6"/>
        <line num="1" count="8" type="stmt"/>
        <line num="2" count="8" type="stmt"/>
        <line num="3" count="8" type="stmt"/>
        <line num="4" count="8" type="stmt"/>
        <line num="5" count="8" type="stmt"/>
        <line num="8" count="8" type="stmt"/>
        <line num="9" count="18" type="stmt"/>
        <line num="10" count="18" type="stmt"/>
        <line num="11" count="18" type="stmt"/>
        <line num="18" count="21" type="stmt"/>
        <line num="22" count="21" type="cond" truecount="2" falsecount="0"/>
        <line num="23" count="1" type="stmt"/>
        <line num="26" count="20" type="stmt"/>
        <line num="34" count="20" type="stmt"/>
        <line num="42" count="4" type="stmt"/>
        <line num="46" count="4" type="cond" truecount="2" falsecount="0"/>
        <line num="47" count="1" type="stmt"/>
        <line num="50" count="3" type="stmt"/>
        <line num="57" count="3" type="stmt"/>
        <line num="61" count="3" type="stmt"/>
        <line num="69" count="2" type="stmt"/>
        <line num="76" count="1" type="stmt"/>
      </file>
      <file name="officeRepository.ts" path="C:\Users\giovi\Desktop\Participium\SE25-Participium\Backend\src\repositories\officeRepository.ts">
        <metrics statements="48" coveredstatements="46" conditionals="26" coveredconditionals="22" methods="13" coveredmethods="12"/>
        <line num="1" count="21" type="stmt"/>
        <line num="2" count="21" type="stmt"/>
        <line num="3" count="21" type="stmt"/>
        <line num="5" count="21" type="stmt"/>
        <line num="7" count="21" type="stmt"/>
        <line num="11" count="17" type="stmt"/>
        <line num="16" count="7" type="stmt"/>
        <line num="64" count="7" type="stmt"/>
        <line num="65" count="63" type="stmt"/>
        <line num="67" count="63" type="cond" truecount="2" falsecount="0"/>
        <line num="68" count="54" type="stmt"/>
        <line num="69" count="54" type="stmt"/>
        <line num="70" count="54" type="stmt"/>
        <line num="77" count="6" type="stmt"/>
        <line num="82" count="8" type="stmt"/>
        <line num="87" count="5" type="stmt"/>
        <line num="92" count="2" type="stmt"/>
        <line num="101" count="38" type="cond" truecount="3" falsecount="1"/>
        <line num="102" count="0" type="stmt"/>
        <line num="105" count="38" type="stmt"/>
        <line num="107" count="38" type="cond" truecount="1" falsecount="1"/>
        <line num="108" count="38" type="stmt"/>
        <line num="112" count="38" type="stmt"/>
        <line num="114" count="0" type="stmt"/>
        <line num="119" count="38" type="stmt"/>
        <line num="121" count="1" type="stmt"/>
        <line num="125" count="37" type="stmt"/>
        <line num="139" count="4" type="stmt"/>
        <line num="141" count="4" type="cond" truecount="2" falsecount="0"/>
        <line num="142" count="1" type="stmt"/>
        <line num="146" count="3" type="cond" truecount="4" falsecount="0"/>
        <line num="147" count="2" type="stmt"/>
        <line num="148" count="2" type="stmt"/>
        <line num="150" count="1" type="stmt"/>
        <line num="153" count="1" type="stmt"/>
        <line num="157" count="2" type="cond" truecount="3" falsecount="1"/>
        <line num="159" count="2" type="stmt"/>
        <line num="161" count="1" type="stmt"/>
        <line num="164" count="1" type="stmt"/>
        <line num="167" count="1" type="cond" truecount="1" falsecount="1"/>
        <line num="168" count="1" type="stmt"/>
        <line num="171" count="1" type="stmt"/>
        <line num="176" count="3" type="stmt"/>
        <line num="178" count="3" type="cond" truecount="2" falsecount="0"/>
        <line num="179" count="1" type="stmt"/>
        <line num="183" count="2" type="cond" truecount="4" falsecount="0"/>
        <line num="184" count="1" type="stmt"/>
        <line num="190" count="1" type="stmt"/>
      </file>
      <file name="reportRepository.ts" path="C:\Users\giovi\Desktop\Participium\SE25-Participium\Backend\src\repositories\reportRepository.ts">
        <metrics statements="112" coveredstatements="106" conditionals="84" coveredconditionals="70" methods="9" coveredmethods="8"/>
        <line num="1" count="8" type="stmt"/>
        <line num="2" count="8" type="stmt"/>
        <line num="3" count="8" type="stmt"/>
        <line num="5" count="8" type="stmt"/>
        <line num="7" count="8" type="stmt"/>
        <line num="8" count="8" type="stmt"/>
        <line num="9" count="8" type="stmt"/>
        <line num="10" count="8" type="stmt"/>
        <line num="11" count="8" type="stmt"/>
        <line num="23" count="8" type="stmt"/>
        <line num="29" count="10" type="stmt"/>
        <line num="30" count="10" type="stmt"/>
        <line num="31" count="10" type="stmt"/>
        <line num="46" count="185" type="stmt"/>
        <line num="61" count="12" type="stmt"/>
        <line num="63" count="12" type="cond" truecount="2" falsecount="0"/>
        <line num="64" count="3" type="stmt"/>
        <line num="67" count="12" type="cond" truecount="2" falsecount="0"/>
        <line num="68" count="2" type="stmt"/>
        <line num="71" count="12" type="cond" truecount="2" falsecount="0"/>
        <line num="72" count="2" type="stmt"/>
        <line num="75" count="12" type="cond" truecount="2" falsecount="0"/>
        <line num="76" count="2" type="stmt"/>
        <line num="79" count="12" type="cond" truecount="1" falsecount="1"/>
        <line num="80" count="0" type="stmt"/>
        <line num="83" count="12" type="cond" truecount="4" falsecount="0"/>
        <line num="84" count="1" type="stmt"/>
        <line num="85" count="1" type="stmt"/>
        <line num="86" count="1" type="stmt"/>
        <line num="89" count="12" type="stmt"/>
        <line num="96" count="12" type="stmt"/>
        <line num="102" count="0" type="stmt"/>
        <line num="108" count="0" type="stmt"/>
        <line num="112" count="16" type="stmt"/>
        <line num="117" count="16" type="cond" truecount="2" falsecount="0"/>
        <line num="118" count="4" type="stmt"/>
        <line num="120" count="12" type="stmt"/>
        <line num="129" count="9" type="stmt"/>
        <line num="134" count="9" type="cond" truecount="2" falsecount="0"/>
        <line num="135" count="2" type="stmt"/>
        <line num="137" count="7" type="cond" truecount="2" falsecount="0"/>
        <line num="138" count="1" type="stmt"/>
        <line num="140" count="6" type="cond" truecount="3" falsecount="1"/>
        <line num="141" count="0" type="stmt"/>
        <line num="143" count="6" type="stmt"/>
        <line num="152" count="6" type="stmt"/>
        <line num="158" count="6" type="cond" truecount="3" falsecount="1"/>
        <line num="159" count="6" type="stmt"/>
        <line num="160" count="6" type="stmt"/>
        <line num="162" count="6" type="cond" truecount="2" falsecount="0"/>
        <line num="163" count="4" type="stmt"/>
        <line num="164" count="4" type="stmt"/>
        <line num="165" count="2" type="cond" truecount="1" falsecount="1"/>
        <line num="166" count="2" type="stmt"/>
        <line num="167" count="2" type="stmt"/>
        <line num="168" count="2" type="cond" truecount="1" falsecount="1"/>
        <line num="169" count="2" type="stmt"/>
        <line num="173" count="6" type="cond" truecount="1" falsecount="1"/>
        <line num="174" count="6" type="stmt"/>
        <line num="182" count="6" type="stmt"/>
        <line num="191" count="13" type="stmt"/>
        <line num="196" count="13" type="cond" truecount="2" falsecount="0"/>
        <line num="197" count="2" type="stmt"/>
        <line num="199" count="11" type="cond" truecount="2" falsecount="0"/>
        <line num="200" count="1" type="stmt"/>
        <line num="202" count="10" type="cond" truecount="2" falsecount="0"/>
        <line num="203" count="1" type="stmt"/>
        <line num="205" count="9" type="cond" truecount="2" falsecount="0"/>
        <line num="206" count="1" type="stmt"/>
        <line num="208" count="8" type="cond" truecount="2" falsecount="2"/>
        <line num="209" count="0" type="stmt"/>
        <line num="211" count="8" type="stmt"/>
        <line num="213" count="8" type="cond" truecount="2" falsecount="0"/>
        <line num="215" count="6" type="cond" truecount="2" falsecount="2"/>
        <line num="216" count="0" type="stmt"/>
        <line num="218" count="6" type="stmt"/>
        <line num="223" count="6" type="cond" truecount="2" falsecount="0"/>
        <line num="224" count="1" type="stmt"/>
        <line num="228" count="5" type="cond" truecount="2" falsecount="0"/>
        <line num="229" count="1" type="stmt"/>
        <line num="234" count="4" type="stmt"/>
        <line num="237" count="6" type="stmt"/>
        <line num="246" count="6" type="stmt"/>
        <line num="252" count="6" type="cond" truecount="3" falsecount="1"/>
        <line num="253" count="6" type="stmt"/>
        <line num="254" count="6" type="stmt"/>
        <line num="256" count="6" type="cond" truecount="2" falsecount="0"/>
        <line num="257" count="2" type="stmt"/>
        <line num="258" count="2" type="stmt"/>
        <line num="259" count="4" type="cond" truecount="2" falsecount="0"/>
        <line num="260" count="2" type="stmt"/>
        <line num="261" count="2" type="stmt"/>
        <line num="262" count="2" type="cond" truecount="1" falsecount="1"/>
        <line num="263" count="2" type="stmt"/>
        <line num="264" count="2" type="stmt"/>
        <line num="265" count="2" type="cond" truecount="1" falsecount="1"/>
        <line num="266" count="2" type="stmt"/>
        <line num="270" count="6" type="cond" truecount="1" falsecount="1"/>
        <line num="271" count="6" type="stmt"/>
        <line num="279" count="6" type="stmt"/>
        <line num="283" count="8" type="stmt"/>
        <line num="285" count="8" type="stmt"/>
        <line num="286" count="8" type="stmt"/>
        <line num="287" count="8" type="stmt"/>
        <line num="288" count="8" type="stmt"/>
        <line num="291" count="8" type="stmt"/>
        <line num="294" count="8" type="cond" truecount="4" falsecount="0"/>
        <line num="295" count="4" type="stmt"/>
        <line num="303" count="8" type="stmt"/>
        <line num="310" count="6" type="stmt"/>
        <line num="312" count="6" type="stmt"/>
        <line num="317" count="6" type="stmt"/>
      </file>
      <file name="staffRepository.ts" path="C:\Users\giovi\Desktop\Participium\SE25-Participium\Backend\src\repositories\staffRepository.ts">
        <metrics statements="32" coveredstatements="31" conditionals="10" coveredconditionals="9" methods="9" coveredmethods="9"/>
        <line num="1" count="21" type="stmt"/>
        <line num="2" count="21" type="stmt"/>
        <line num="4" count="21" type="stmt"/>
        <line num="5" count="21" type="stmt"/>
        <line num="6" count="21" type="stmt"/>
        <line num="7" count="21" type="stmt"/>
        <line num="9" count="21" type="stmt"/>
        <line num="14" count="55" type="stmt"/>
        <line num="15" count="55" type="stmt"/>
        <line num="19" count="10" type="stmt"/>
        <line num="20" count="10" type="cond" truecount="2" falsecount="0"/>
        <line num="21" count="9" type="stmt"/>
        <line num="23" count="8" type="stmt"/>
        <line num="26" count="8" type="stmt"/>
        <line num="34" count="8" type="stmt"/>
        <line num="35" count="8" type="stmt"/>
        <line num="41" count="1" type="stmt"/>
        <line num="46" count="1" type="stmt"/>
        <line num="51" count="48" type="stmt"/>
        <line num="63" count="29" type="cond" truecount="6" falsecount="0"/>
        <line num="64" count="1" type="stmt"/>
        <line num="67" count="28" type="stmt"/>
        <line num="68" count="28" type="stmt"/>
        <line num="69" count="28" type="stmt"/>
        <line num="71" count="28" type="stmt"/>
        <line num="73" count="1" type="stmt"/>
        <line num="77" count="27" type="cond" truecount="1" falsecount="1"/>
        <line num="78" count="0" type="stmt"/>
        <line num="81" count="27" type="stmt"/>
        <line num="83" count="26" type="stmt"/>
        <line num="88" count="26" type="stmt"/>
        <line num="97" count="26" type="stmt"/>
      </file>
    </package>
    <package name="src.routes">
      <metrics statements="260" coveredstatements="228" conditionals="141" coveredconditionals="124" methods="27" coveredmethods="24"/>
      <file name="authRoutes.ts" path="C:\Users\giovi\Desktop\Participium\SE25-Participium\Backend\src\routes\authRoutes.ts">
        <metrics statements="45" coveredstatements="40" conditionals="31" coveredconditionals="30" methods="6" coveredmethods="5"/>
        <line num="1" count="5" type="stmt"/>
        <line num="2" count="5" type="stmt"/>
        <line num="3" count="5" type="stmt"/>
        <line num="4" count="5" type="stmt"/>
        <line num="5" count="5" type="stmt"/>
        <line num="6" count="5" type="stmt"/>
        <line num="8" count="5" type="stmt"/>
        <line num="10" count="5" type="stmt"/>
        <line num="11" count="24" type="stmt"/>
        <line num="13" count="24" type="stmt"/>
        <line num="15" count="24" type="cond" truecount="5" falsecount="0"/>
        <line num="16" count="2" type="stmt"/>
        <line num="18" count="22" type="cond" truecount="4" falsecount="0"/>
        <line num="19" count="1" type="stmt"/>
        <line num="21" count="21" type="cond" truecount="4" falsecount="0"/>
        <line num="22" count="1" type="stmt"/>
        <line num="24" count="20" type="cond" truecount="4" falsecount="0"/>
        <line num="25" count="1" type="stmt"/>
        <line num="27" count="19" type="cond" truecount="4" falsecount="0"/>
        <line num="28" count="1" type="stmt"/>
        <line num="30" count="18" type="stmt"/>
        <line num="40" count="16" type="stmt"/>
        <line num="42" count="2" type="stmt"/>
        <line num="46" count="5" type="stmt"/>
        <line num="47" count="0" type="stmt"/>
        <line num="48" count="0" type="stmt"/>
        <line num="56" count="0" type="stmt"/>
        <line num="58" count="0" type="stmt"/>
        <line num="62" count="5" type="stmt"/>
        <line num="63" count="15" type="stmt"/>
        <line num="65" count="15" type="stmt"/>
        <line num="67" count="15" type="cond" truecount="4" falsecount="0"/>
        <line num="68" count="2" type="stmt"/>
        <line num="70" count="13" type="cond" truecount="4" falsecount="0"/>
        <line num="71" count="1" type="stmt"/>
        <line num="74" count="12" type="stmt"/>
        <line num="76" count="2" type="stmt"/>
        <line num="80" count="5" type="stmt"/>
        <line num="81" count="2" type="stmt"/>
        <line num="82" count="2" type="cond" truecount="1" falsecount="1"/>
        <line num="83" count="0" type="stmt"/>
        <line num="85" count="2" type="stmt"/>
        <line num="89" count="5" type="stmt"/>
        <line num="90" count="1" type="stmt"/>
        <line num="93" count="5" type="stmt"/>
      </file>
      <file name="citizenRoutes.ts" path="C:\Users\giovi\Desktop\Participium\SE25-Participium\Backend\src\routes\citizenRoutes.ts">
        <metrics statements="51" coveredstatements="31" conditionals="23" coveredconditionals="10" methods="5" coveredmethods="4"/>
        <line num="1" count="5" type="stmt"/>
        <line num="2" count="5" type="stmt"/>
        <line num="3" count="5" type="stmt"/>
        <line num="4" count="5" type="stmt"/>
        <line num="6" count="5" type="stmt"/>
        <line num="9" count="5" type="stmt"/>
        <line num="10" count="6" type="stmt"/>
        <line num="11" count="6" type="stmt"/>
        <line num="12" count="6" type="stmt"/>
        <line num="14" count="0" type="stmt"/>
        <line num="19" count="5" type="stmt"/>
        <line num="20" count="8" type="stmt"/>
        <line num="21" count="8" type="stmt"/>
        <line num="23" count="8" type="cond" truecount="2" falsecount="0"/>
        <line num="24" count="1" type="stmt"/>
        <line num="26" count="7" type="stmt"/>
        <line num="27" count="7" type="stmt"/>
        <line num="29" count="0" type="stmt"/>
        <line num="34" count="5" type="stmt"/>
        <line num="35" count="8" type="stmt"/>
        <line num="36" count="8" type="stmt"/>
        <line num="38" count="8" type="cond" truecount="5" falsecount="0"/>
        <line num="39" count="1" type="stmt"/>
        <line num="41" count="7" type="stmt"/>
        <line num="42" count="7" type="stmt"/>
        <line num="44" count="0" type="stmt"/>
        <line num="49" count="5" type="stmt"/>
        <line num="50" count="7" type="stmt"/>
        <line num="51" count="7" type="stmt"/>
        <line num="53" count="7" type="cond" truecount="3" falsecount="1"/>
        <line num="54" count="0" type="stmt"/>
        <line num="56" count="7" type="stmt"/>
        <line num="57" count="7" type="stmt"/>
        <line num="59" count="0" type="stmt"/>
        <line num="64" count="5" type="stmt"/>
        <line num="65" count="0" type="stmt"/>
        <line num="66" count="0" type="stmt"/>
        <line num="67" count="0" type="stmt"/>
        <line num="70" count="0" type="cond" truecount="0" falsecount="2"/>
        <line num="71" count="0" type="stmt"/>
        <line num="75" count="0" type="stmt"/>
        <line num="78" count="0" type="stmt"/>
        <line num="79" count="0" type="cond" truecount="0" falsecount="2"/>
        <line num="84" count="0" type="stmt"/>
        <line num="85" count="0" type="cond" truecount="0" falsecount="2"/>
        <line num="86" count="0" type="cond" truecount="0" falsecount="4"/>
        <line num="87" count="0" type="cond" truecount="0" falsecount="2"/>
        <line num="90" count="0" type="stmt"/>
        <line num="92" count="0" type="stmt"/>
        <line num="94" count="0" type="stmt"/>
        <line num="98" count="5" type="stmt"/>
      </file>
      <file name="notificationRoutes.ts" path="C:\Users\giovi\Desktop\Participium\SE25-Participium\Backend\src\routes\notificationRoutes.ts">
        <metrics statements="16" coveredstatements="16" conditionals="0" coveredconditionals="0" methods="2" coveredmethods="2"/>
        <line num="1" count="6" type="stmt"/>
        <line num="2" count="6" type="stmt"/>
        <line num="3" count="6" type="stmt"/>
        <line num="4" count="6" type="stmt"/>
        <line num="6" count="6" type="stmt"/>
        <line num="8" count="6" type="stmt"/>
        <line num="9" count="2" type="stmt"/>
        <line num="10" count="2" type="stmt"/>
        <line num="11" count="1" type="stmt"/>
        <line num="13" count="1" type="stmt"/>
        <line num="17" count="6" type="stmt"/>
        <line num="18" count="2" type="stmt"/>
        <line num="19" count="2" type="stmt"/>
        <line num="20" count="1" type="stmt"/>
        <line num="22" count="1" type="stmt"/>
        <line num="26" count="6" type="stmt"/>
      </file>
      <file name="officeRoutes.ts" path="C:\Users\giovi\Desktop\Participium\SE25-Participium\Backend\src\routes\officeRoutes.ts">
        <metrics statements="7" coveredstatements="7" conditionals="0" coveredconditionals="0" methods="0" coveredmethods="0"/>
        <line num="1" count="5" type="stmt"/>
        <line num="2" count="5" type="stmt"/>
        <line num="3" count="5" type="stmt"/>
        <line num="4" count="5" type="stmt"/>
        <line num="6" count="5" type="stmt"/>
        <line num="23" count="5" type="stmt"/>
        <line num="29" count="5" type="stmt"/>
      </file>
      <file name="reportRoutes.ts" path="C:\Users\giovi\Desktop\Participium\SE25-Participium\Backend\src\routes\reportRoutes.ts">
        <metrics statements="141" coveredstatements="134" conditionals="87" coveredconditionals="84" methods="14" coveredmethods="13"/>
        <line num="1" count="6" type="stmt"/>
        <line num="2" count="6" type="stmt"/>
        <line num="3" count="6" type="stmt"/>
        <line num="4" count="6" type="stmt"/>
        <line num="7" count="6" type="stmt"/>
        <line num="8" count="6" type="stmt"/>
        <line num="9" count="6" type="stmt"/>
        <line num="10" count="6" type="stmt"/>
        <line num="13" count="6" type="stmt"/>
        <line num="15" count="6" type="stmt"/>
        <line num="16" count="6" type="stmt"/>
        <line num="17" count="6" type="stmt"/>
        <line num="18" count="6" type="stmt"/>
        <line num="19" count="6" type="stmt"/>
        <line num="21" count="4" type="stmt"/>
        <line num="25" count="6" type="stmt"/>
        <line num="26" count="20" type="stmt"/>
        <line num="33" count="20" type="stmt"/>
        <line num="35" count="20" type="stmt"/>
        <line num="37" count="20" type="cond" truecount="2" falsecount="0"/>
        <line num="38" count="3" type="stmt"/>
        <line num="41" count="20" type="cond" truecount="2" falsecount="0"/>
        <line num="42" count="1" type="stmt"/>
        <line num="45" count="20" type="cond" truecount="1" falsecount="1"/>
        <line num="46" count="0" type="stmt"/>
        <line num="49" count="20" type="cond" truecount="6" falsecount="0"/>
        <line num="50" count="3" type="stmt"/>
        <line num="53" count="17" type="cond" truecount="2" falsecount="0"/>
        <line num="54" count="3" type="stmt"/>
        <line num="55" count="3" type="cond" truecount="1" falsecount="1"/>
        <line num="56" count="0" type="stmt"/>
        <line num="58" count="3" type="stmt"/>
        <line num="61" count="17" type="cond" truecount="2" falsecount="0"/>
        <line num="62" count="3" type="stmt"/>
        <line num="63" count="3" type="cond" truecount="1" falsecount="1"/>
        <line num="64" count="0" type="stmt"/>
        <line num="66" count="3" type="stmt"/>
        <line num="69" count="17" type="cond" truecount="5" falsecount="0"/>
        <line num="70" count="2" type="stmt"/>
        <line num="73" count="15" type="cond" truecount="2" falsecount="0"/>
        <line num="74" count="4" type="stmt"/>
        <line num="76" count="4" type="stmt"/>
        <line num="77" count="24" type="stmt"/>
        <line num="78" count="15" type="stmt"/>
        <line num="80" count="4" type="cond" truecount="2" falsecount="0"/>
        <line num="81" count="2" type="stmt"/>
        <line num="83" count="2" type="stmt"/>
        <line num="86" count="13" type="cond" truecount="2" falsecount="0"/>
        <line num="87" count="4" type="stmt"/>
        <line num="89" count="4" type="cond" truecount="2" falsecount="0"/>
        <line num="90" count="2" type="stmt"/>
        <line num="92" count="2" type="stmt"/>
        <line num="95" count="11" type="stmt"/>
        <line num="96" count="11" type="stmt"/>
        <line num="100" count="9" type="stmt"/>
        <line num="104" count="6" type="stmt"/>
        <line num="105" count="0" type="stmt"/>
        <line num="106" count="0" type="stmt"/>
        <line num="107" count="0" type="stmt"/>
        <line num="110" count="0" type="stmt"/>
        <line num="114" count="6" type="stmt"/>
        <line num="115" count="8" type="stmt"/>
        <line num="116" count="8" type="stmt"/>
        <line num="117" count="8" type="cond" truecount="2" falsecount="0"/>
        <line num="118" count="2" type="stmt"/>
        <line num="121" count="6" type="stmt"/>
        <line num="122" count="4" type="stmt"/>
        <line num="124" count="4" type="stmt"/>
        <line num="129" count="6" type="stmt"/>
        <line num="130" count="17" type="stmt"/>
        <line num="132" count="17" type="stmt"/>
        <line num="133" count="17" type="cond" truecount="2" falsecount="0"/>
        <line num="134" count="2" type="stmt"/>
        <line num="137" count="15" type="stmt"/>
        <line num="142" count="15" type="cond" truecount="2" falsecount="0"/>
        <line num="143" count="13" type="stmt"/>
        <line num="144" count="13" type="stmt"/>
        <line num="145" count="78" type="stmt"/>
        <line num="146" count="44" type="stmt"/>
        <line num="148" count="13" type="cond" truecount="2" falsecount="0"/>
        <line num="149" count="1" type="stmt"/>
        <line num="152" count="12" type="stmt"/>
        <line num="155" count="2" type="stmt"/>
        <line num="158" count="12" type="cond" truecount="5" falsecount="0"/>
        <line num="159" count="2" type="stmt"/>
        <line num="161" count="10" type="cond" truecount="5" falsecount="0"/>
        <line num="162" count="1" type="stmt"/>
        <line num="164" count="9" type="cond" truecount="4" falsecount="0"/>
        <line num="165" count="2" type="stmt"/>
        <line num="167" count="7" type="cond" truecount="2" falsecount="0"/>
        <line num="168" count="2" type="stmt"/>
        <line num="170" count="2" type="cond" truecount="4" falsecount="0"/>
        <line num="171" count="1" type="stmt"/>
        <line num="173" count="1" type="stmt"/>
        <line num="176" count="6" type="stmt"/>
        <line num="177" count="5" type="stmt"/>
        <line num="179" count="12" type="stmt"/>
        <line num="184" count="6" type="stmt"/>
        <line num="188" count="17" type="stmt"/>
        <line num="189" count="17" type="stmt"/>
        <line num="190" count="17" type="cond" truecount="2" falsecount="0"/>
        <line num="191" count="2" type="stmt"/>
        <line num="194" count="15" type="stmt"/>
        <line num="198" count="15" type="cond" truecount="2" falsecount="0"/>
        <line num="199" count="2" type="stmt"/>
        <line num="204" count="13" type="cond" truecount="2" falsecount="0"/>
        <line num="205" count="11" type="stmt"/>
        <line num="206" count="11" type="stmt"/>
        <line num="207" count="66" type="stmt"/>
        <line num="208" count="40" type="stmt"/>
        <line num="210" count="11" type="cond" truecount="2" falsecount="0"/>
        <line num="211" count="1" type="stmt"/>
        <line num="214" count="10" type="stmt"/>
        <line num="217" count="2" type="stmt"/>
        <line num="220" count="10" type="cond" truecount="5" falsecount="0"/>
        <line num="221" count="2" type="stmt"/>
        <line num="223" count="8" type="cond" truecount="4" falsecount="0"/>
        <line num="224" count="2" type="stmt"/>
        <line num="226" count="6" type="stmt"/>
        <line num="228" count="6" type="stmt"/>
        <line num="235" count="5" type="stmt"/>
        <line num="237" count="12" type="stmt"/>
        <line num="243" count="6" type="stmt"/>
        <line num="244" count="4" type="stmt"/>
        <line num="245" count="4" type="stmt"/>
        <line num="246" count="4" type="stmt"/>
        <line num="247" count="4" type="cond" truecount="2" falsecount="0"/>
        <line num="248" count="1" type="stmt"/>
        <line num="251" count="3" type="stmt"/>
        <line num="253" count="3" type="cond" truecount="5" falsecount="0"/>
        <line num="254" count="1" type="stmt"/>
        <line num="257" count="2" type="stmt"/>
        <line num="259" count="3" type="stmt"/>
        <line num="263" count="6" type="stmt"/>
        <line num="264" count="3" type="stmt"/>
        <line num="265" count="3" type="stmt"/>
        <line num="266" count="3" type="cond" truecount="2" falsecount="0"/>
        <line num="267" count="1" type="stmt"/>
        <line num="269" count="2" type="stmt"/>
        <line num="271" count="2" type="stmt"/>
        <line num="275" count="6" type="stmt"/>
      </file>
    </package>
    <package name="src.services">
      <metrics statements="27" coveredstatements="24" conditionals="15" coveredconditionals="10" methods="11" coveredmethods="8"/>
      <file name="errorService.ts" path="C:\Users\giovi\Desktop\Participium\SE25-Participium\Backend\src\services\errorService.ts">
        <metrics statements="10" coveredstatements="10" conditionals="9" coveredconditionals="4" methods="1" coveredmethods="1"/>
        <line num="2" count="5" type="stmt"/>
        <line num="3" count="5" type="stmt"/>
        <line num="4" count="5" type="stmt"/>
        <line num="6" count="5" type="stmt"/>
        <line num="7" count="28" type="stmt"/>
        <line num="13" count="28" type="stmt"/>
        <line num="14" count="28" type="stmt"/>
        <line num="18" count="28" type="cond" truecount="1" falsecount="1"/>
        <line num="22" count="28" type="stmt"/>
        <line num="25" count="28" type="stmt"/>
      </file>
      <file name="mapperService.ts" path="C:\Users\giovi\Desktop\Participium\SE25-Participium\Backend\src\services\mapperService.ts">
        <metrics statements="17" coveredstatements="14" conditionals="6" coveredconditionals="6" methods="10" coveredmethods="7"/>
        <line num="16" count="11" type="stmt"/>
        <line num="21" count="56" type="stmt"/>
        <line num="29" count="184" type="stmt"/>
        <line num="32" count="1076" type="cond" truecount="4" falsecount="0"/>
        <line num="41" count="11" type="stmt"/>
        <line num="42" count="50" type="stmt"/>
        <line num="53" count="11" type="stmt"/>
        <line num="54" count="45" type="stmt"/>
        <line num="63" count="11" type="stmt"/>
        <line num="64" count="0" type="stmt"/>
        <line num="68" count="0" type="stmt"/>
        <line num="74" count="11" type="stmt"/>
        <line num="75" count="26" type="stmt"/>
        <line num="93" count="11" type="stmt"/>
        <line num="94" count="0" type="stmt"/>
        <line num="106" count="11" type="stmt"/>
        <line num="107" count="7" type="stmt"/>
      </file>
    </package>
  </project>
</coverage>
