{"C:\\Users\\Utente\\OneDrive - Politecnico di Torino\\Universita\\Magistrale\\Secondo Anno\\Software_Engineering_2\\MainProject\\SE25-Participium\\Backend\\src\\app.ts": {"path":"C:\\Users\\Utente\\OneDrive - Politecnico di Torino\\Universita\\Magistrale\\Secondo Anno\\Software_Engineering_2\\MainProject\\SE25-Participium\\Backend\\src\\app.ts","statementMap":{"0":{"start":{"line":1,"column":0},"end":{"line":1,"column":30}},"1":{"start":{"line":3,"column":0},"end":{"line":3,"column":33}},"2":{"start":{"line":4,"column":0},"end":{"line":4,"column":60}},"3":{"start":{"line":5,"column":0},"end":{"line":5,"column":24}},"4":{"start":{"line":6,"column":0},"end":{"line":6,"column":29}},"5":{"start":{"line":7,"column":0},"end":{"line":7,"column":53}},"6":{"start":{"line":8,"column":0},"end":{"line":8,"column":46}},"7":{"start":{"line":9,"column":0},"end":{"line":9,"column":50}},"8":{"start":{"line":10,"column":0},"end":{"line":10,"column":48}},"9":{"start":{"line":11,"column":0},"end":{"line":11,"column":48}},"10":{"start":{"line":12,"column":0},"end":{"line":12,"column":60}},"11":{"start":{"line":13,"column":0},"end":{"line":13,"column":26}},"12":{"start":{"line":14,"column":0},"end":{"line":14,"column":38}},"13":{"start":{"line":15,"column":0},"end":{"line":15,"column":32}},"14":{"start":{"line":16,"column":0},"end":{"line":16,"column":53}},"15":{"start":{"line":18,"column":13},"end":{"line":18,"column":29}},"16":{"start":{"line":21,"column":0},"end":{"line":21,"column":75}},"17":{"start":{"line":24,"column":0},"end":{"line":24,"column":24}},"18":{"start":{"line":25,"column":0},"end":{"line":29,"column":4}},"19":{"start":{"line":32,"column":0},"end":{"line":42,"column":4}},"20":{"start":{"line":45,"column":0},"end":{"line":45,"column":31}},"21":{"start":{"line":46,"column":0},"end":{"line":46,"column":28}},"22":{"start":{"line":47,"column":0},"end":{"line":47,"column":20}},"23":{"start":{"line":66,"column":0},"end":{"line":66,"column":53}},"24":{"start":{"line":67,"column":0},"end":{"line":67,"column":46}},"25":{"start":{"line":68,"column":0},"end":{"line":68,"column":50}},"26":{"start":{"line":69,"column":0},"end":{"line":69,"column":48}},"27":{"start":{"line":70,"column":0},"end":{"line":70,"column":48}},"28":{"start":{"line":71,"column":0},"end":{"line":71,"column":60}},"29":{"start":{"line":73,"column":0},"end":{"line":75,"column":3}},"30":{"start":{"line":74,"column":4},"end":{"line":74,"column":19}},"31":{"start":{"line":78,"column":0},"end":{"line":78,"column":22}}},"fnMap":{"0":{"name":"(anonymous_1)","decl":{"start":{"line":73,"column":23},"end":{"line":73,"column":24}},"loc":{"start":{"line":73,"column":36},"end":{"line":75,"column":1}}}},"branchMap":{"0":{"loc":{"start":{"line":33,"column":12},"end":{"line":33,"column":71}},"type":"binary-expr","locations":[{"start":{"line":33,"column":12},"end":{"line":33,"column":38}},{"start":{"line":33,"column":42},"end":{"line":33,"column":71}}]}},"s":{"0":5,"1":5,"2":5,"3":5,"4":5,"5":5,"6":5,"7":5,"8":5,"9":5,"10":5,"11":5,"12":5,"13":5,"14":5,"15":5,"16":5,"17":5,"18":5,"19":5,"20":5,"21":5,"22":5,"23":5,"24":5,"25":5,"26":5,"27":5,"28":5,"29":5,"30":0,"31":5},"f":{"0":0},"b":{"0":[5,0]}}
,"C:\\Users\\Utente\\OneDrive - Politecnico di Torino\\Universita\\Magistrale\\Secondo Anno\\Software_Engineering_2\\MainProject\\SE25-Participium\\Backend\\src\\utils.ts": {"path":"C:\\Users\\Utente\\OneDrive - Politecnico di Torino\\Universita\\Magistrale\\Secondo Anno\\Software_Engineering_2\\MainProject\\SE25-Participium\\Backend\\src\\utils.ts","statementMap":{"0":{"start":{"line":10,"column":0},"end":{"line":10,"column":16}},"1":{"start":{"line":22,"column":0},"end":{"line":22,"column":16}},"2":{"start":{"line":32,"column":0},"end":{"line":32,"column":16}},"3":{"start":{"line":40,"column":0},"end":{"line":40,"column":16}},"4":{"start":{"line":81,"column":0},"end":{"line":81,"column":16}},"5":{"start":{"line":89,"column":0},"end":{"line":89,"column":16}},"6":{"start":{"line":99,"column":0},"end":{"line":99,"column":16}},"7":{"start":{"line":107,"column":0},"end":{"line":107,"column":16}},"8":{"start":{"line":115,"column":0},"end":{"line":115,"column":16}},"9":{"start":{"line":1,"column":0},"end":{"line":1,"column":61}},"10":{"start":{"line":2,"column":0},"end":{"line":2,"column":61}},"11":{"start":{"line":3,"column":0},"end":{"line":3,"column":40}},"12":{"start":{"line":4,"column":0},"end":{"line":4,"column":38}},"13":{"start":{"line":5,"column":0},"end":{"line":5,"column":56}},"14":{"start":{"line":6,"column":0},"end":{"line":6,"column":46}},"15":{"start":{"line":7,"column":0},"end":{"line":7,"column":54}},"16":{"start":{"line":8,"column":0},"end":{"line":8,"column":35}},"17":{"start":{"line":15,"column":15},"end":{"line":15,"column":36}},"18":{"start":{"line":16,"column":2},"end":{"line":18,"column":3}},"19":{"start":{"line":17,"column":4},"end":{"line":17,"column":42}},"20":{"start":{"line":19,"column":2},"end":{"line":19,"column":14}},"21":{"start":{"line":27,"column":2},"end":{"line":29,"column":3}},"22":{"start":{"line":28,"column":4},"end":{"line":28,"column":42}},"23":{"start":{"line":33,"column":24},"end":{"line":33,"column":52}},"24":{"start":{"line":34,"column":4},"end":{"line":36,"column":5}},"25":{"start":{"line":35,"column":8},"end":{"line":35,"column":53}},"26":{"start":{"line":37,"column":4},"end":{"line":37,"column":54}},"27":{"start":{"line":46,"column":2},"end":{"line":48,"column":3}},"28":{"start":{"line":47,"column":6},"end":{"line":47,"column":55}},"29":{"start":{"line":50,"column":24},"end":{"line":50,"column":46}},"30":{"start":{"line":52,"column":58},"end":{"line":58,"column":4}},"31":{"start":{"line":60,"column":2},"end":{"line":62,"column":3}},"32":{"start":{"line":61,"column":4},"end":{"line":61,"column":61}},"33":{"start":{"line":64,"column":2},"end":{"line":70,"column":3}},"34":{"start":{"line":65,"column":4},"end":{"line":66,"column":87}},"35":{"start":{"line":66,"column":6},"end":{"line":66,"column":87}},"36":{"start":{"line":68,"column":4},"end":{"line":69,"column":82}},"37":{"start":{"line":69,"column":6},"end":{"line":69,"column":82}},"38":{"start":{"line":72,"column":2},"end":{"line":76,"column":3}},"39":{"start":{"line":73,"column":4},"end":{"line":75,"column":5}},"40":{"start":{"line":74,"column":6},"end":{"line":74,"column":87}},"41":{"start":{"line":78,"column":2},"end":{"line":78,"column":23}},"42":{"start":{"line":82,"column":26},"end":{"line":82,"column":56}},"43":{"start":{"line":83,"column":4},"end":{"line":85,"column":5}},"44":{"start":{"line":84,"column":8},"end":{"line":84,"column":62}},"45":{"start":{"line":86,"column":4},"end":{"line":86,"column":72}},"46":{"start":{"line":90,"column":4},"end":{"line":96,"column":5}},"47":{"start":{"line":91,"column":8},"end":{"line":91,"column":20}},"48":{"start":{"line":92,"column":11},"end":{"line":96,"column":5}},"49":{"start":{"line":93,"column":8},"end":{"line":93,"column":21}},"50":{"start":{"line":95,"column":8},"end":{"line":95,"column":25}},"51":{"start":{"line":100,"column":15},"end":{"line":100,"column":31}},"52":{"start":{"line":101,"column":4},"end":{"line":103,"column":5}},"53":{"start":{"line":102,"column":8},"end":{"line":102,"column":55}},"54":{"start":{"line":104,"column":4},"end":{"line":104,"column":14}},"55":{"start":{"line":108,"column":17},"end":{"line":108,"column":42}},"56":{"start":{"line":109,"column":4},"end":{"line":111,"column":5}},"57":{"start":{"line":110,"column":8},"end":{"line":110,"column":66}},"58":{"start":{"line":112,"column":4},"end":{"line":112,"column":16}},"59":{"start":{"line":116,"column":4},"end":{"line":124,"column":5}},"60":{"start":{"line":117,"column":29},"end":{"line":117,"column":82}},"61":{"start":{"line":118,"column":22},"end":{"line":118,"column":44}},"62":{"start":{"line":120,"column":8},"end":{"line":120,"column":63}},"63":{"start":{"line":122,"column":8},"end":{"line":122,"column":65}},"64":{"start":{"line":123,"column":8},"end":{"line":123,"column":21}}},"fnMap":{"0":{"name":"findOrThrowNotFound","decl":{"start":{"line":10,"column":16},"end":{"line":10,"column":35}},"loc":{"start":{"line":13,"column":22},"end":{"line":20,"column":1}}},"1":{"name":"throwConflictIfFound","decl":{"start":{"line":22,"column":16},"end":{"line":22,"column":36}},"loc":{"start":{"line":25,"column":22},"end":{"line":30,"column":1}}},"2":{"name":"validateStatus","decl":{"start":{"line":32,"column":16},"end":{"line":32,"column":30}},"loc":{"start":{"line":32,"column":45},"end":{"line":38,"column":1}}},"3":{"name":"validateStatusByRole","decl":{"start":{"line":40,"column":16},"end":{"line":40,"column":36}},"loc":{"start":{"line":43,"column":20},"end":{"line":79,"column":1}}},"4":{"name":"validateOfficeCategory","decl":{"start":{"line":81,"column":16},"end":{"line":81,"column":38}},"loc":{"start":{"line":81,"column":55},"end":{"line":87,"column":1}}},"5":{"name":"validateIsExternal","decl":{"start":{"line":89,"column":16},"end":{"line":89,"column":34}},"loc":{"start":{"line":89,"column":70},"end":{"line":97,"column":1}}},"6":{"name":"validateReportId","decl":{"start":{"line":99,"column":16},"end":{"line":99,"column":32}},"loc":{"start":{"line":99,"column":50},"end":{"line":105,"column":1}}},"7":{"name":"validateDate","decl":{"start":{"line":107,"column":16},"end":{"line":107,"column":28}},"loc":{"start":{"line":107,"column":64},"end":{"line":113,"column":1}}},"8":{"name":"isWithinTurin","decl":{"start":{"line":115,"column":16},"end":{"line":115,"column":29}},"loc":{"start":{"line":115,"column":54},"end":{"line":125,"column":1}}}},"branchMap":{"0":{"loc":{"start":{"line":16,"column":2},"end":{"line":18,"column":3}},"type":"if","locations":[{"start":{"line":16,"column":2},"end":{"line":18,"column":3}},{"start":{},"end":{}}]},"1":{"loc":{"start":{"line":27,"column":2},"end":{"line":29,"column":3}},"type":"if","locations":[{"start":{"line":27,"column":2},"end":{"line":29,"column":3}},{"start":{},"end":{}}]},"2":{"loc":{"start":{"line":34,"column":4},"end":{"line":36,"column":5}},"type":"if","locations":[{"start":{"line":34,"column":4},"end":{"line":36,"column":5}},{"start":{},"end":{}}]},"3":{"loc":{"start":{"line":46,"column":2},"end":{"line":48,"column":3}},"type":"if","locations":[{"start":{"line":46,"column":2},"end":{"line":48,"column":3}},{"start":{},"end":{}}]},"4":{"loc":{"start":{"line":60,"column":2},"end":{"line":62,"column":3}},"type":"if","locations":[{"start":{"line":60,"column":2},"end":{"line":62,"column":3}},{"start":{},"end":{}}]},"5":{"loc":{"start":{"line":64,"column":2},"end":{"line":70,"column":3}},"type":"if","locations":[{"start":{"line":64,"column":2},"end":{"line":70,"column":3}},{"start":{},"end":{}}]},"6":{"loc":{"start":{"line":65,"column":4},"end":{"line":66,"column":87}},"type":"if","locations":[{"start":{"line":65,"column":4},"end":{"line":66,"column":87}},{"start":{},"end":{}}]},"7":{"loc":{"start":{"line":65,"column":7},"end":{"line":65,"column":89}},"type":"binary-expr","locations":[{"start":{"line":65,"column":8},"end":{"line":65,"column":40}},{"start":{"line":65,"column":44},"end":{"line":65,"column":77}},{"start":{"line":65,"column":82},"end":{"line":65,"column":89}}]},"8":{"loc":{"start":{"line":68,"column":4},"end":{"line":69,"column":82}},"type":"if","locations":[{"start":{"line":68,"column":4},"end":{"line":69,"column":82}},{"start":{},"end":{}}]},"9":{"loc":{"start":{"line":68,"column":8},"end":{"line":68,"column":53}},"type":"binary-expr","locations":[{"start":{"line":68,"column":8},"end":{"line":68,"column":41}},{"start":{"line":68,"column":45},"end":{"line":68,"column":53}}]},"10":{"loc":{"start":{"line":72,"column":2},"end":{"line":76,"column":3}},"type":"if","locations":[{"start":{"line":72,"column":2},"end":{"line":76,"column":3}},{"start":{},"end":{}}]},"11":{"loc":{"start":{"line":72,"column":6},"end":{"line":72,"column":54}},"type":"binary-expr","locations":[{"start":{"line":72,"column":6},"end":{"line":72,"column":29}},{"start":{"line":72,"column":33},"end":{"line":72,"column":54}}]},"12":{"loc":{"start":{"line":73,"column":4},"end":{"line":75,"column":5}},"type":"if","locations":[{"start":{"line":73,"column":4},"end":{"line":75,"column":5}},{"start":{},"end":{}}]},"13":{"loc":{"start":{"line":73,"column":8},"end":{"line":73,"column":52}},"type":"binary-expr","locations":[{"start":{"line":73,"column":8},"end":{"line":73,"column":41}},{"start":{"line":73,"column":45},"end":{"line":73,"column":52}}]},"14":{"loc":{"start":{"line":83,"column":4},"end":{"line":85,"column":5}},"type":"if","locations":[{"start":{"line":83,"column":4},"end":{"line":85,"column":5}},{"start":{},"end":{}}]},"15":{"loc":{"start":{"line":90,"column":4},"end":{"line":96,"column":5}},"type":"if","locations":[{"start":{"line":90,"column":4},"end":{"line":96,"column":5}},{"start":{"line":92,"column":11},"end":{"line":96,"column":5}}]},"16":{"loc":{"start":{"line":92,"column":11},"end":{"line":96,"column":5}},"type":"if","locations":[{"start":{"line":92,"column":11},"end":{"line":96,"column":5}},{"start":{"line":94,"column":11},"end":{"line":96,"column":5}}]},"17":{"loc":{"start":{"line":101,"column":4},"end":{"line":103,"column":5}},"type":"if","locations":[{"start":{"line":101,"column":4},"end":{"line":103,"column":5}},{"start":{},"end":{}}]},"18":{"loc":{"start":{"line":101,"column":8},"end":{"line":101,"column":60}},"type":"binary-expr","locations":[{"start":{"line":101,"column":8},"end":{"line":101,"column":24}},{"start":{"line":101,"column":28},"end":{"line":101,"column":49}},{"start":{"line":101,"column":53},"end":{"line":101,"column":60}}]},"19":{"loc":{"start":{"line":109,"column":4},"end":{"line":111,"column":5}},"type":"if","locations":[{"start":{"line":109,"column":4},"end":{"line":111,"column":5}},{"start":{},"end":{}}]}},"s":{"0":22,"1":22,"2":22,"3":22,"4":22,"5":22,"6":22,"7":22,"8":22,"9":22,"10":22,"11":22,"12":22,"13":22,"14":22,"15":22,"16":22,"17":359,"18":359,"19":6,"20":353,"21":48,"22":6,"23":30,"24":30,"25":4,"26":26,"27":31,"28":3,"29":28,"30":25,"31":25,"32":3,"33":22,"34":11,"35":1,"36":10,"37":1,"38":20,"39":11,"40":2,"41":18,"42":5,"43":5,"44":2,"45":3,"46":5,"47":1,"48":4,"49":1,"50":3,"51":107,"52":107,"53":4,"54":103,"55":4,"56":4,"57":0,"58":4,"59":14,"60":14,"61":14,"62":14,"63":0,"64":0},"f":{"0":359,"1":48,"2":30,"3":31,"4":5,"5":5,"6":107,"7":4,"8":14},"b":{"0":[6,353],"1":[6,42],"2":[4,26],"3":[3,28],"4":[3,22],"5":[11,11],"6":[1,10],"7":[11,11,9],"8":[1,9],"9":[10,2],"10":[11,9],"11":[20,9],"12":[2,9],"13":[11,9],"14":[2,3],"15":[1,4],"16":[1,3],"17":[4,103],"18":[107,103,103],"19":[0,4]}}
,"C:\\Users\\Utente\\OneDrive - Politecnico di Torino\\Universita\\Magistrale\\Secondo Anno\\Software_Engineering_2\\MainProject\\SE25-Participium\\Backend\\src\\controllers\\authController.ts": {"path":"C:\\Users\\Utente\\OneDrive - Politecnico di Torino\\Universita\\Magistrale\\Secondo Anno\\Software_Engineering_2\\MainProject\\SE25-Participium\\Backend\\src\\controllers\\authController.ts","statementMap":{"0":{"start":{"line":50,"column":0},"end":{"line":50,"column":7}},"1":{"start":{"line":86,"column":0},"end":{"line":86,"column":7}},"2":{"start":{"line":112,"column":0},"end":{"line":112,"column":7}},"3":{"start":{"line":141,"column":0},"end":{"line":141,"column":7}},"4":{"start":{"line":173,"column":0},"end":{"line":173,"column":7}},"5":{"start":{"line":204,"column":0},"end":{"line":204,"column":7}},"6":{"start":{"line":212,"column":0},"end":{"line":212,"column":7}},"7":{"start":{"line":220,"column":0},"end":{"line":220,"column":7}},"8":{"start":{"line":1,"column":0},"end":{"line":1,"column":68}},"9":{"start":{"line":2,"column":0},"end":{"line":2,"column":28}},"10":{"start":{"line":3,"column":0},"end":{"line":3,"column":28}},"11":{"start":{"line":4,"column":0},"end":{"line":4,"column":29}},"12":{"start":{"line":5,"column":0},"end":{"line":5,"column":25}},"13":{"start":{"line":6,"column":0},"end":{"line":6,"column":77}},"14":{"start":{"line":7,"column":0},"end":{"line":7,"column":49}},"15":{"start":{"line":8,"column":0},"end":{"line":8,"column":64}},"16":{"start":{"line":9,"column":0},"end":{"line":9,"column":52}},"17":{"start":{"line":11,"column":0},"end":{"line":11,"column":32}},"18":{"start":{"line":12,"column":0},"end":{"line":12,"column":56}},"19":{"start":{"line":13,"column":0},"end":{"line":13,"column":90}},"20":{"start":{"line":15,"column":0},"end":{"line":15,"column":63}},"21":{"start":{"line":20,"column":16},"end":{"line":32,"column":2}},"22":{"start":{"line":22,"column":26},"end":{"line":22,"column":46}},"23":{"start":{"line":23,"column":8},"end":{"line":25,"column":9}},"24":{"start":{"line":24,"column":12},"end":{"line":24,"column":57}},"25":{"start":{"line":26,"column":8},"end":{"line":26,"column":28}},"26":{"start":{"line":29,"column":27},"end":{"line":29,"column":119}},"27":{"start":{"line":30,"column":8},"end":{"line":30,"column":29}},"28":{"start":{"line":35,"column":13},"end":{"line":48,"column":3}},"29":{"start":{"line":39,"column":29},"end":{"line":39,"column":43}},"30":{"start":{"line":40,"column":24},"end":{"line":40,"column":88}},"31":{"start":{"line":41,"column":25},"end":{"line":41,"column":57}},"32":{"start":{"line":42,"column":8},"end":{"line":46,"column":9}},"33":{"start":{"line":43,"column":12},"end":{"line":43,"column":27}},"34":{"start":{"line":45,"column":12},"end":{"line":45,"column":53}},"35":{"start":{"line":60,"column":24},"end":{"line":60,"column":47}},"36":{"start":{"line":61,"column":27},"end":{"line":61,"column":58}},"37":{"start":{"line":64,"column":27},"end":{"line":66,"column":19}},"38":{"start":{"line":69,"column":23},"end":{"line":77,"column":null}},"39":{"start":{"line":80,"column":4},"end":{"line":80,"column":62}},"40":{"start":{"line":82,"column":4},"end":{"line":82,"column":42}},"41":{"start":{"line":87,"column":19},"end":{"line":87,"column":54}},"42":{"start":{"line":88,"column":17},"end":{"line":88,"column":77}},"43":{"start":{"line":89,"column":4},"end":{"line":90,"column":79}},"44":{"start":{"line":90,"column":8},"end":{"line":90,"column":79}},"45":{"start":{"line":92,"column":4},"end":{"line":99,"column":5}},"46":{"start":{"line":93,"column":38},"end":{"line":93,"column":91}},"47":{"start":{"line":94,"column":8},"end":{"line":97,"column":9}},"48":{"start":{"line":96,"column":12},"end":{"line":96,"column":137}},"49":{"start":{"line":98,"column":8},"end":{"line":98,"column":52}},"50":{"start":{"line":102,"column":32},"end":{"line":105,"column":null}},"51":{"start":{"line":109,"column":4},"end":{"line":109,"column":88}},"52":{"start":{"line":120,"column":22},"end":{"line":120,"column":43}},"53":{"start":{"line":121,"column":27},"end":{"line":121,"column":58}},"54":{"start":{"line":123,"column":4},"end":{"line":125,"column":5}},"55":{"start":{"line":124,"column":8},"end":{"line":124,"column":63}},"56":{"start":{"line":127,"column":22},"end":{"line":127,"column":63}},"57":{"start":{"line":129,"column":21},"end":{"line":135,"column":null}},"58":{"start":{"line":138,"column":4},"end":{"line":138,"column":38}},"59":{"start":{"line":142,"column":4},"end":{"line":170,"column":5}},"60":{"start":{"line":143,"column":25},"end":{"line":143,"column":52}},"61":{"start":{"line":145,"column":21},"end":{"line":145,"column":42}},"62":{"start":{"line":146,"column":41},"end":{"line":146,"column":49}},"63":{"start":{"line":148,"column":8},"end":{"line":151,"column":9}},"64":{"start":{"line":149,"column":28},"end":{"line":149,"column":76}},"65":{"start":{"line":150,"column":12},"end":{"line":150,"column":67}},"66":{"start":{"line":153,"column":8},"end":{"line":156,"column":9}},"67":{"start":{"line":154,"column":28},"end":{"line":154,"column":70}},"68":{"start":{"line":155,"column":12},"end":{"line":155,"column":67}},"69":{"start":{"line":158,"column":8},"end":{"line":161,"column":9}},"70":{"start":{"line":159,"column":28},"end":{"line":159,"column":78}},"71":{"start":{"line":160,"column":12},"end":{"line":160,"column":67}},"72":{"start":{"line":163,"column":8},"end":{"line":166,"column":11}},"73":{"start":{"line":169,"column":8},"end":{"line":169,"column":18}},"74":{"start":{"line":174,"column":20},"end":{"line":174,"column":34}},"75":{"start":{"line":176,"column":4},"end":{"line":178,"column":5}},"76":{"start":{"line":177,"column":8},"end":{"line":177,"column":72}},"77":{"start":{"line":180,"column":21},"end":{"line":180,"column":76}},"78":{"start":{"line":182,"column":4},"end":{"line":201,"column":23}},"79":{"start":{"line":183,"column":8},"end":{"line":185,"column":9}},"80":{"start":{"line":184,"column":12},"end":{"line":184,"column":29}},"81":{"start":{"line":187,"column":8},"end":{"line":192,"column":9}},"82":{"start":{"line":188,"column":12},"end":{"line":191,"column":15}},"83":{"start":{"line":194,"column":8},"end":{"line":200,"column":11}},"84":{"start":{"line":195,"column":12},"end":{"line":197,"column":13}},"85":{"start":{"line":196,"column":16},"end":{"line":196,"column":33}},"86":{"start":{"line":199,"column":12},"end":{"line":199,"column":46}},"87":{"start":{"line":205,"column":20},"end":{"line":205,"column":85}},"88":{"start":{"line":206,"column":4},"end":{"line":207,"column":84}},"89":{"start":{"line":207,"column":8},"end":{"line":207,"column":84}},"90":{"start":{"line":208,"column":19},"end":{"line":208,"column":54}},"91":{"start":{"line":209,"column":4},"end":{"line":209,"column":100}},"92":{"start":{"line":213,"column":4},"end":{"line":215,"column":5}},"93":{"start":{"line":214,"column":8},"end":{"line":214,"column":74}},"94":{"start":{"line":216,"column":19},"end":{"line":216,"column":54}},"95":{"start":{"line":217,"column":4},"end":{"line":217,"column":71}},"96":{"start":{"line":221,"column":4},"end":{"line":223,"column":5}},"97":{"start":{"line":222,"column":8},"end":{"line":222,"column":74}},"98":{"start":{"line":224,"column":19},"end":{"line":224,"column":54}},"99":{"start":{"line":225,"column":4},"end":{"line":225,"column":62}}},"fnMap":{"0":{"name":"(anonymous_1)","decl":{"start":{"line":21,"column":17},"end":{"line":21,"column":18}},"loc":{"start":{"line":21,"column":35},"end":{"line":27,"column":5}}},"1":{"name":"(anonymous_2)","decl":{"start":{"line":28,"column":14},"end":{"line":28,"column":15}},"loc":{"start":{"line":28,"column":32},"end":{"line":31,"column":5}}},"2":{"name":"(anonymous_3)","decl":{"start":{"line":38,"column":16},"end":{"line":38,"column":17}},"loc":{"start":{"line":38,"column":34},"end":{"line":47,"column":5}}},"3":{"name":"register","decl":{"start":{"line":50,"column":22},"end":{"line":50,"column":30}},"loc":{"start":{"line":58,"column":30},"end":{"line":84,"column":1}}},"4":{"name":"createEmailVerification","decl":{"start":{"line":86,"column":22},"end":{"line":86,"column":45}},"loc":{"start":{"line":86,"column":78},"end":{"line":110,"column":1}}},"5":{"name":"registerMunicipalityUser","decl":{"start":{"line":112,"column":22},"end":{"line":112,"column":46}},"loc":{"start":{"line":118,"column":25},"end":{"line":139,"column":1}}},"6":{"name":"updateStaffOffices","decl":{"start":{"line":141,"column":22},"end":{"line":141,"column":40}},"loc":{"start":{"line":141,"column":88},"end":{"line":171,"column":1}}},"7":{"name":"login","decl":{"start":{"line":173,"column":22},"end":{"line":173,"column":27}},"loc":{"start":{"line":173,"column":75},"end":{"line":202,"column":1}}},"8":{"name":"(anonymous_9)","decl":{"start":{"line":182,"column":36},"end":{"line":182,"column":37}},"loc":{"start":{"line":182,"column":71},"end":{"line":201,"column":5}}},"9":{"name":"(anonymous_10)","decl":{"start":{"line":194,"column":24},"end":{"line":194,"column":25}},"loc":{"start":{"line":194,"column":32},"end":{"line":200,"column":9}}},"10":{"name":"createTelegramVerification","decl":{"start":{"line":204,"column":22},"end":{"line":204,"column":48}},"loc":{"start":{"line":204,"column":80},"end":{"line":210,"column":1}}},"11":{"name":"verifyTelegramUser","decl":{"start":{"line":212,"column":22},"end":{"line":212,"column":40}},"loc":{"start":{"line":212,"column":71},"end":{"line":218,"column":1}}},"12":{"name":"verifyEmailUser","decl":{"start":{"line":220,"column":22},"end":{"line":220,"column":37}},"loc":{"start":{"line":220,"column":50},"end":{"line":226,"column":1}}}},"branchMap":{"0":{"loc":{"start":{"line":23,"column":8},"end":{"line":25,"column":9}},"type":"if","locations":[{"start":{"line":23,"column":8},"end":{"line":25,"column":9}},{"start":{},"end":{}}]},"1":{"loc":{"start":{"line":42,"column":8},"end":{"line":46,"column":9}},"type":"if","locations":[{"start":{"line":42,"column":8},"end":{"line":46,"column":9}},{"start":{"line":44,"column":15},"end":{"line":46,"column":9}}]},"2":{"loc":{"start":{"line":42,"column":12},"end":{"line":42,"column":31}},"type":"binary-expr","locations":[{"start":{"line":42,"column":12},"end":{"line":42,"column":19}},{"start":{"line":42,"column":23},"end":{"line":42,"column":31}}]},"3":{"loc":{"start":{"line":56,"column":4},"end":{"line":56,"column":35}},"type":"default-arg","locations":[{"start":{"line":56,"column":30},"end":{"line":56,"column":35}}]},"4":{"loc":{"start":{"line":64,"column":27},"end":{"line":66,"column":19}},"type":"cond-expr","locations":[{"start":{"line":65,"column":10},"end":{"line":65,"column":60}},{"start":{"line":66,"column":10},"end":{"line":66,"column":19}}]},"5":{"loc":{"start":{"line":89,"column":4},"end":{"line":90,"column":79}},"type":"if","locations":[{"start":{"line":89,"column":4},"end":{"line":90,"column":79}},{"start":{},"end":{}}]},"6":{"loc":{"start":{"line":92,"column":4},"end":{"line":99,"column":5}},"type":"if","locations":[{"start":{"line":92,"column":4},"end":{"line":99,"column":5}},{"start":{},"end":{}}]},"7":{"loc":{"start":{"line":94,"column":8},"end":{"line":97,"column":9}},"type":"if","locations":[{"start":{"line":94,"column":8},"end":{"line":97,"column":9}},{"start":{},"end":{}}]},"8":{"loc":{"start":{"line":123,"column":4},"end":{"line":125,"column":5}},"type":"if","locations":[{"start":{"line":123,"column":4},"end":{"line":125,"column":5}},{"start":{},"end":{}}]},"9":{"loc":{"start":{"line":148,"column":8},"end":{"line":151,"column":9}},"type":"if","locations":[{"start":{"line":148,"column":8},"end":{"line":151,"column":9}},{"start":{},"end":{}}]},"10":{"loc":{"start":{"line":153,"column":8},"end":{"line":156,"column":9}},"type":"if","locations":[{"start":{"line":153,"column":8},"end":{"line":156,"column":9}},{"start":{},"end":{}}]},"11":{"loc":{"start":{"line":158,"column":8},"end":{"line":161,"column":9}},"type":"if","locations":[{"start":{"line":158,"column":8},"end":{"line":161,"column":9}},{"start":{},"end":{}}]},"12":{"loc":{"start":{"line":176,"column":4},"end":{"line":178,"column":5}},"type":"if","locations":[{"start":{"line":176,"column":4},"end":{"line":178,"column":5}},{"start":{},"end":{}}]},"13":{"loc":{"start":{"line":176,"column":8},"end":{"line":176,"column":52}},"type":"binary-expr","locations":[{"start":{"line":176,"column":8},"end":{"line":176,"column":29}},{"start":{"line":176,"column":33},"end":{"line":176,"column":52}}]},"14":{"loc":{"start":{"line":180,"column":21},"end":{"line":180,"column":76}},"type":"cond-expr","locations":[{"start":{"line":180,"column":45},"end":{"line":180,"column":60}},{"start":{"line":180,"column":63},"end":{"line":180,"column":76}}]},"15":{"loc":{"start":{"line":183,"column":8},"end":{"line":185,"column":9}},"type":"if","locations":[{"start":{"line":183,"column":8},"end":{"line":185,"column":9}},{"start":{},"end":{}}]},"16":{"loc":{"start":{"line":187,"column":8},"end":{"line":192,"column":9}},"type":"if","locations":[{"start":{"line":187,"column":8},"end":{"line":192,"column":9}},{"start":{},"end":{}}]},"17":{"loc":{"start":{"line":189,"column":25},"end":{"line":189,"column":65}},"type":"binary-expr","locations":[{"start":{"line":189,"column":25},"end":{"line":189,"column":38}},{"start":{"line":189,"column":42},"end":{"line":189,"column":65}}]},"18":{"loc":{"start":{"line":195,"column":12},"end":{"line":197,"column":13}},"type":"if","locations":[{"start":{"line":195,"column":12},"end":{"line":197,"column":13}},{"start":{},"end":{}}]},"19":{"loc":{"start":{"line":206,"column":4},"end":{"line":207,"column":84}},"type":"if","locations":[{"start":{"line":206,"column":4},"end":{"line":207,"column":84}},{"start":{},"end":{}}]},"20":{"loc":{"start":{"line":213,"column":4},"end":{"line":215,"column":5}},"type":"if","locations":[{"start":{"line":213,"column":4},"end":{"line":215,"column":5}},{"start":{},"end":{}}]},"21":{"loc":{"start":{"line":221,"column":4},"end":{"line":223,"column":5}},"type":"if","locations":[{"start":{"line":221,"column":4},"end":{"line":223,"column":5}},{"start":{},"end":{}}]}},"s":{"0":11,"1":11,"2":11,"3":11,"4":11,"5":11,"6":11,"7":11,"8":11,"9":11,"10":11,"11":11,"12":11,"13":11,"14":11,"15":11,"16":11,"17":11,"18":11,"19":11,"20":11,"21":11,"22":0,"23":0,"24":0,"25":0,"26":0,"27":0,"28":11,"29":0,"30":0,"31":0,"32":0,"33":0,"34":0,"35":8,"36":8,"37":8,"38":8,"39":4,"40":4,"41":4,"42":4,"43":4,"44":0,"45":4,"46":0,"47":0,"48":0,"49":0,"50":4,"51":4,"52":0,"53":0,"54":0,"55":0,"56":0,"57":0,"58":0,"59":56,"60":56,"61":56,"62":56,"63":56,"64":33,"65":28,"66":23,"67":9,"68":6,"69":14,"70":9,"71":8,"72":5,"73":9,"74":51,"75":51,"76":4,"77":47,"78":47,"79":47,"80":1,"81":46,"82":4,"83":42,"84":42,"85":0,"86":42,"87":0,"88":0,"89":0,"90":0,"91":0,"92":0,"93":0,"94":0,"95":0,"96":7,"97":1,"98":6,"99":6},"f":{"0":0,"1":0,"2":0,"3":8,"4":4,"5":0,"6":56,"7":51,"8":47,"9":42,"10":0,"11":0,"12":7},"b":{"0":[0,0],"1":[0,0],"2":[0,0],"3":[2],"4":[3,5],"5":[0,4],"6":[0,4],"7":[0,0],"8":[0,0],"9":[33,23],"10":[9,14],"11":[9,5],"12":[4,47],"13":[51,30],"14":[21,26],"15":[1,46],"16":[4,42],"17":[4,0],"18":[0,42],"19":[0,0],"20":[0,0],"21":[1,6]}}
,"C:\\Users\\Utente\\OneDrive - Politecnico di Torino\\Universita\\Magistrale\\Secondo Anno\\Software_Engineering_2\\MainProject\\SE25-Participium\\Backend\\src\\controllers\\citizenController.ts": {"path":"C:\\Users\\Utente\\OneDrive - Politecnico di Torino\\Universita\\Magistrale\\Secondo Anno\\Software_Engineering_2\\MainProject\\SE25-Participium\\Backend\\src\\controllers\\citizenController.ts","statementMap":{"0":{"start":{"line":13,"column":0},"end":{"line":13,"column":7}},"1":{"start":{"line":18,"column":0},"end":{"line":18,"column":7}},"2":{"start":{"line":26,"column":0},"end":{"line":26,"column":7}},"3":{"start":{"line":34,"column":0},"end":{"line":34,"column":7}},"4":{"start":{"line":71,"column":0},"end":{"line":71,"column":7}},"5":{"start":{"line":83,"column":0},"end":{"line":83,"column":7}},"6":{"start":{"line":2,"column":0},"end":{"line":2,"column":67}},"7":{"start":{"line":3,"column":0},"end":{"line":3,"column":60}},"8":{"start":{"line":4,"column":0},"end":{"line":4,"column":28}},"9":{"start":{"line":5,"column":0},"end":{"line":5,"column":25}},"10":{"start":{"line":6,"column":0},"end":{"line":6,"column":29}},"11":{"start":{"line":7,"column":0},"end":{"line":7,"column":58}},"12":{"start":{"line":8,"column":0},"end":{"line":8,"column":52}},"13":{"start":{"line":11,"column":13},"end":{"line":11,"column":57}},"14":{"start":{"line":14,"column":24},"end":{"line":14,"column":64}},"15":{"start":{"line":15,"column":4},"end":{"line":15,"column":47}},"16":{"start":{"line":19,"column":24},"end":{"line":19,"column":66}},"17":{"start":{"line":20,"column":4},"end":{"line":22,"column":5}},"18":{"start":{"line":21,"column":8},"end":{"line":21,"column":20}},"19":{"start":{"line":23,"column":4},"end":{"line":23,"column":42}},"20":{"start":{"line":27,"column":24},"end":{"line":27,"column":72}},"21":{"start":{"line":28,"column":4},"end":{"line":30,"column":5}},"22":{"start":{"line":29,"column":8},"end":{"line":29,"column":20}},"23":{"start":{"line":31,"column":4},"end":{"line":31,"column":42}},"24":{"start":{"line":35,"column":24},"end":{"line":35,"column":78}},"25":{"start":{"line":36,"column":4},"end":{"line":38,"column":5}},"26":{"start":{"line":37,"column":8},"end":{"line":37,"column":20}},"27":{"start":{"line":39,"column":4},"end":{"line":39,"column":42}},"28":{"start":{"line":42,"column":23},"end":{"line":54,"column":2}},"29":{"start":{"line":44,"column":26},"end":{"line":44,"column":46}},"30":{"start":{"line":45,"column":8},"end":{"line":47,"column":9}},"31":{"start":{"line":46,"column":12},"end":{"line":46,"column":57}},"32":{"start":{"line":48,"column":8},"end":{"line":48,"column":28}},"33":{"start":{"line":51,"column":27},"end":{"line":51,"column":119}},"34":{"start":{"line":52,"column":8},"end":{"line":52,"column":29}},"35":{"start":{"line":56,"column":13},"end":{"line":69,"column":3}},"36":{"start":{"line":62,"column":29},"end":{"line":62,"column":43}},"37":{"start":{"line":63,"column":20},"end":{"line":63,"column":65}},"38":{"start":{"line":64,"column":8},"end":{"line":66,"column":9}},"39":{"start":{"line":65,"column":12},"end":{"line":65,"column":74}},"40":{"start":{"line":67,"column":8},"end":{"line":67,"column":23}},"41":{"start":{"line":79,"column":23},"end":{"line":79,"column":79}},"42":{"start":{"line":80,"column":4},"end":{"line":80,"column":42}},"43":{"start":{"line":84,"column":24},"end":{"line":84,"column":95}},"44":{"start":{"line":85,"column":4},"end":{"line":87,"column":5}},"45":{"start":{"line":86,"column":8},"end":{"line":86,"column":111}},"46":{"start":{"line":88,"column":4},"end":{"line":88,"column":42}}},"fnMap":{"0":{"name":"getAllCitizens","decl":{"start":{"line":13,"column":22},"end":{"line":13,"column":36}},"loc":{"start":{"line":13,"column":36},"end":{"line":16,"column":1}}},"1":{"name":"getCitizenById","decl":{"start":{"line":18,"column":22},"end":{"line":18,"column":36}},"loc":{"start":{"line":18,"column":47},"end":{"line":24,"column":1}}},"2":{"name":"getCitizenByEmail","decl":{"start":{"line":26,"column":22},"end":{"line":26,"column":39}},"loc":{"start":{"line":26,"column":53},"end":{"line":32,"column":1}}},"3":{"name":"getCitizenByUsername","decl":{"start":{"line":34,"column":22},"end":{"line":34,"column":42}},"loc":{"start":{"line":34,"column":59},"end":{"line":40,"column":1}}},"4":{"name":"(anonymous_5)","decl":{"start":{"line":43,"column":17},"end":{"line":43,"column":18}},"loc":{"start":{"line":43,"column":35},"end":{"line":49,"column":5}}},"5":{"name":"(anonymous_6)","decl":{"start":{"line":50,"column":14},"end":{"line":50,"column":15}},"loc":{"start":{"line":50,"column":32},"end":{"line":53,"column":5}}},"6":{"name":"(anonymous_7)","decl":{"start":{"line":61,"column":16},"end":{"line":61,"column":17}},"loc":{"start":{"line":61,"column":34},"end":{"line":68,"column":5}}},"7":{"name":"updateCitizenProfile","decl":{"start":{"line":71,"column":22},"end":{"line":71,"column":42}},"loc":{"start":{"line":77,"column":5},"end":{"line":81,"column":1}}},"8":{"name":"getCitizenByTelegramUsername","decl":{"start":{"line":83,"column":22},"end":{"line":83,"column":50}},"loc":{"start":{"line":83,"column":76},"end":{"line":89,"column":1}}}},"branchMap":{"0":{"loc":{"start":{"line":20,"column":4},"end":{"line":22,"column":5}},"type":"if","locations":[{"start":{"line":20,"column":4},"end":{"line":22,"column":5}},{"start":{},"end":{}}]},"1":{"loc":{"start":{"line":28,"column":4},"end":{"line":30,"column":5}},"type":"if","locations":[{"start":{"line":28,"column":4},"end":{"line":30,"column":5}},{"start":{},"end":{}}]},"2":{"loc":{"start":{"line":36,"column":4},"end":{"line":38,"column":5}},"type":"if","locations":[{"start":{"line":36,"column":4},"end":{"line":38,"column":5}},{"start":{},"end":{}}]},"3":{"loc":{"start":{"line":45,"column":8},"end":{"line":47,"column":9}},"type":"if","locations":[{"start":{"line":45,"column":8},"end":{"line":47,"column":9}},{"start":{},"end":{}}]},"4":{"loc":{"start":{"line":64,"column":8},"end":{"line":66,"column":9}},"type":"if","locations":[{"start":{"line":64,"column":8},"end":{"line":66,"column":9}},{"start":{},"end":{}}]},"5":{"loc":{"start":{"line":85,"column":4},"end":{"line":87,"column":5}},"type":"if","locations":[{"start":{"line":85,"column":4},"end":{"line":87,"column":5}},{"start":{},"end":{}}]}},"s":{"0":8,"1":8,"2":8,"3":8,"4":8,"5":8,"6":8,"7":8,"8":8,"9":8,"10":8,"11":8,"12":8,"13":8,"14":6,"15":6,"16":9,"17":9,"18":5,"19":4,"20":9,"21":9,"22":3,"23":6,"24":10,"25":10,"26":3,"27":7,"28":8,"29":1,"30":1,"31":0,"32":1,"33":1,"34":1,"35":8,"36":1,"37":1,"38":1,"39":0,"40":1,"41":7,"42":7,"43":14,"44":14,"45":1,"46":13},"f":{"0":6,"1":9,"2":9,"3":10,"4":1,"5":1,"6":1,"7":7,"8":14},"b":{"0":[5,4],"1":[3,6],"2":[3,7],"3":[0,1],"4":[0,1],"5":[1,13]}}
,"C:\\Users\\Utente\\OneDrive - Politecnico di Torino\\Universita\\Magistrale\\Secondo Anno\\Software_Engineering_2\\MainProject\\SE25-Participium\\Backend\\src\\controllers\\notificationController.ts": {"path":"C:\\Users\\Utente\\OneDrive - Politecnico di Torino\\Universita\\Magistrale\\Secondo Anno\\Software_Engineering_2\\MainProject\\SE25-Participium\\Backend\\src\\controllers\\notificationController.ts","statementMap":{"0":{"start":{"line":6,"column":0},"end":{"line":6,"column":7}},"1":{"start":{"line":19,"column":0},"end":{"line":19,"column":7}},"2":{"start":{"line":1,"column":0},"end":{"line":1,"column":78}},"3":{"start":{"line":2,"column":0},"end":{"line":2,"column":66}},"4":{"start":{"line":4,"column":13},"end":{"line":4,"column":41}},"5":{"start":{"line":7,"column":4},"end":{"line":7,"column":25}},"6":{"start":{"line":7,"column":15},"end":{"line":7,"column":25}},"7":{"start":{"line":10,"column":4},"end":{"line":14,"column":5}},"8":{"start":{"line":11,"column":8},"end":{"line":11,"column":71}},"9":{"start":{"line":13,"column":8},"end":{"line":13,"column":69}},"10":{"start":{"line":16,"column":4},"end":{"line":16,"column":48}},"11":{"start":{"line":20,"column":4},"end":{"line":20,"column":30}}},"fnMap":{"0":{"name":"getNotificationsOfUser","decl":{"start":{"line":6,"column":22},"end":{"line":6,"column":44}},"loc":{"start":{"line":6,"column":54},"end":{"line":17,"column":1}}},"1":{"name":"markNotificationAsRead","decl":{"start":{"line":19,"column":22},"end":{"line":19,"column":44}},"loc":{"start":{"line":19,"column":55},"end":{"line":21,"column":1}}}},"branchMap":{"0":{"loc":{"start":{"line":7,"column":4},"end":{"line":7,"column":25}},"type":"if","locations":[{"start":{"line":7,"column":4},"end":{"line":7,"column":25}},{"start":{},"end":{}}]},"1":{"loc":{"start":{"line":10,"column":4},"end":{"line":14,"column":5}},"type":"if","locations":[{"start":{"line":10,"column":4},"end":{"line":14,"column":5}},{"start":{"line":12,"column":11},"end":{"line":14,"column":5}}]}},"s":{"0":7,"1":7,"2":7,"3":7,"4":7,"5":7,"6":2,"7":5,"8":3,"9":2,"10":5,"11":3},"f":{"0":7,"1":3},"b":{"0":[2,5],"1":[3,2]}}
,"C:\\Users\\Utente\\OneDrive - Politecnico di Torino\\Universita\\Magistrale\\Secondo Anno\\Software_Engineering_2\\MainProject\\SE25-Participium\\Backend\\src\\controllers\\officeController.ts": {"path":"C:\\Users\\Utente\\OneDrive - Politecnico di Torino\\Universita\\Magistrale\\Secondo Anno\\Software_Engineering_2\\MainProject\\SE25-Participium\\Backend\\src\\controllers\\officeController.ts","statementMap":{"0":{"start":{"line":2,"column":0},"end":{"line":2,"column":66}},"1":{"start":{"line":3,"column":0},"end":{"line":3,"column":42}},"2":{"start":{"line":8,"column":4},"end":{"line":17,"column":5}},"3":{"start":{"line":9,"column":30},"end":{"line":9,"column":76}},"4":{"start":{"line":10,"column":25},"end":{"line":10,"column":60}},"5":{"start":{"line":11,"column":25},"end":{"line":11,"column":47}},"6":{"start":{"line":12,"column":22},"end":{"line":12,"column":64}},"7":{"start":{"line":13,"column":6},"end":{"line":13,"column":43}},"8":{"start":{"line":15,"column":6},"end":{"line":15,"column":54}},"9":{"start":{"line":16,"column":6},"end":{"line":16,"column":74}},"10":{"start":{"line":5,"column":0},"end":{"line":5,"column":13}}},"fnMap":{"0":{"name":"(anonymous_0)","decl":{"start":{"line":7,"column":2},"end":{"line":7,"column":8}},"loc":{"start":{"line":7,"column":56},"end":{"line":18,"column":3}}}},"branchMap":{},"s":{"0":6,"1":6,"2":5,"3":5,"4":5,"5":5,"6":5,"7":5,"8":0,"9":0,"10":6},"f":{"0":5},"b":{}}
,"C:\\Users\\Utente\\OneDrive - Politecnico di Torino\\Universita\\Magistrale\\Secondo Anno\\Software_Engineering_2\\MainProject\\SE25-Participium\\Backend\\src\\controllers\\reportController.ts": {"path":"C:\\Users\\Utente\\OneDrive - Politecnico di Torino\\Universita\\Magistrale\\Secondo Anno\\Software_Engineering_2\\MainProject\\SE25-Participium\\Backend\\src\\controllers\\reportController.ts","statementMap":{"0":{"start":{"line":54,"column":0},"end":{"line":54,"column":7}},"1":{"start":{"line":103,"column":0},"end":{"line":103,"column":7}},"2":{"start":{"line":112,"column":0},"end":{"line":112,"column":7}},"3":{"start":{"line":117,"column":0},"end":{"line":117,"column":7}},"4":{"start":{"line":122,"column":0},"end":{"line":122,"column":7}},"5":{"start":{"line":127,"column":0},"end":{"line":127,"column":7}},"6":{"start":{"line":132,"column":0},"end":{"line":132,"column":7}},"7":{"start":{"line":137,"column":0},"end":{"line":137,"column":7}},"8":{"start":{"line":142,"column":0},"end":{"line":142,"column":7}},"9":{"start":{"line":184,"column":0},"end":{"line":184,"column":7}},"10":{"start":{"line":198,"column":0},"end":{"line":198,"column":7}},"11":{"start":{"line":211,"column":0},"end":{"line":211,"column":7}},"12":{"start":{"line":1,"column":0},"end":{"line":1,"column":79}},"13":{"start":{"line":2,"column":0},"end":{"line":2,"column":66}},"14":{"start":{"line":3,"column":0},"end":{"line":3,"column":52}},"15":{"start":{"line":4,"column":0},"end":{"line":4,"column":56}},"16":{"start":{"line":6,"column":0},"end":{"line":6,"column":28}},"17":{"start":{"line":7,"column":0},"end":{"line":7,"column":25}},"18":{"start":{"line":8,"column":0},"end":{"line":8,"column":29}},"19":{"start":{"line":9,"column":0},"end":{"line":9,"column":75}},"20":{"start":{"line":12,"column":0},"end":{"line":12,"column":58}},"21":{"start":{"line":13,"column":0},"end":{"line":13,"column":40}},"22":{"start":{"line":15,"column":0},"end":{"line":15,"column":62}},"23":{"start":{"line":17,"column":13},"end":{"line":17,"column":35}},"24":{"start":{"line":18,"column":20},"end":{"line":18,"column":43}},"25":{"start":{"line":19,"column":18},"end":{"line":19,"column":39}},"26":{"start":{"line":21,"column":22},"end":{"line":33,"column":2}},"27":{"start":{"line":23,"column":26},"end":{"line":23,"column":45}},"28":{"start":{"line":24,"column":8},"end":{"line":26,"column":9}},"29":{"start":{"line":25,"column":12},"end":{"line":25,"column":57}},"30":{"start":{"line":27,"column":8},"end":{"line":27,"column":28}},"31":{"start":{"line":30,"column":27},"end":{"line":30,"column":119}},"32":{"start":{"line":31,"column":8},"end":{"line":31,"column":29}},"33":{"start":{"line":35,"column":13},"end":{"line":52,"column":3}},"34":{"start":{"line":43,"column":29},"end":{"line":43,"column":43}},"35":{"start":{"line":44,"column":24},"end":{"line":44,"column":88}},"36":{"start":{"line":45,"column":25},"end":{"line":45,"column":57}},"37":{"start":{"line":46,"column":8},"end":{"line":50,"column":9}},"38":{"start":{"line":47,"column":12},"end":{"line":47,"column":27}},"39":{"start":{"line":49,"column":12},"end":{"line":49,"column":82}},"40":{"start":{"line":62,"column":8},"end":{"line":62,"column":12}},"41":{"start":{"line":64,"column":23},"end":{"line":64,"column":70}},"42":{"start":{"line":66,"column":4},"end":{"line":68,"column":5}},"43":{"start":{"line":67,"column":8},"end":{"line":67,"column":97}},"44":{"start":{"line":70,"column":4},"end":{"line":72,"column":5}},"45":{"start":{"line":71,"column":8},"end":{"line":71,"column":61}},"46":{"start":{"line":74,"column":4},"end":{"line":76,"column":5}},"47":{"start":{"line":75,"column":8},"end":{"line":75,"column":68}},"48":{"start":{"line":77,"column":19},"end":{"line":77,"column":59}},"49":{"start":{"line":78,"column":19},"end":{"line":78,"column":83}},"50":{"start":{"line":79,"column":19},"end":{"line":79,"column":83}},"51":{"start":{"line":81,"column":24},"end":{"line":81,"column":66}},"52":{"start":{"line":82,"column":16},"end":{"line":82,"column":43}},"53":{"start":{"line":83,"column":16},"end":{"line":83,"column":44}},"54":{"start":{"line":85,"column":4},"end":{"line":87,"column":5}},"55":{"start":{"line":86,"column":8},"end":{"line":86,"column":90}},"56":{"start":{"line":89,"column":4},"end":{"line":100,"column":6}},"57":{"start":{"line":104,"column":21},"end":{"line":104,"column":70}},"58":{"start":{"line":105,"column":4},"end":{"line":107,"column":5}},"59":{"start":{"line":106,"column":8},"end":{"line":106,"column":82}},"60":{"start":{"line":108,"column":23},"end":{"line":108,"column":63}},"61":{"start":{"line":109,"column":4},"end":{"line":109,"column":45}},"62":{"start":{"line":113,"column":23},"end":{"line":113,"column":49}},"63":{"start":{"line":114,"column":4},"end":{"line":114,"column":45}},"64":{"start":{"line":118,"column":22},"end":{"line":118,"column":56}},"65":{"start":{"line":119,"column":4},"end":{"line":119,"column":40}},"66":{"start":{"line":123,"column":29},"end":{"line":123,"column":109}},"67":{"start":{"line":124,"column":4},"end":{"line":124,"column":47}},"68":{"start":{"line":128,"column":29},"end":{"line":128,"column":81}},"69":{"start":{"line":129,"column":4},"end":{"line":129,"column":47}},"70":{"start":{"line":133,"column":29},"end":{"line":133,"column":107}},"71":{"start":{"line":134,"column":4},"end":{"line":134,"column":47}},"72":{"start":{"line":138,"column":29},"end":{"line":138,"column":93}},"73":{"start":{"line":139,"column":4},"end":{"line":139,"column":47}},"74":{"start":{"line":143,"column":29},"end":{"line":143,"column":105}},"75":{"start":{"line":144,"column":4},"end":{"line":144,"column":47}},"76":{"start":{"line":148,"column":17},"end":{"line":148,"column":61}},"77":{"start":{"line":149,"column":4},"end":{"line":151,"column":5}},"78":{"start":{"line":150,"column":8},"end":{"line":150,"column":77}},"79":{"start":{"line":153,"column":4},"end":{"line":161,"column":5}},"80":{"start":{"line":154,"column":8},"end":{"line":156,"column":9}},"81":{"start":{"line":155,"column":12},"end":{"line":155,"column":76}},"82":{"start":{"line":157,"column":8},"end":{"line":159,"column":9}},"83":{"start":{"line":158,"column":12},"end":{"line":158,"column":84}},"84":{"start":{"line":160,"column":8},"end":{"line":160,"column":82}},"85":{"start":{"line":163,"column":4},"end":{"line":168,"column":5}},"86":{"start":{"line":164,"column":8},"end":{"line":166,"column":9}},"87":{"start":{"line":165,"column":12},"end":{"line":165,"column":76}},"88":{"start":{"line":167,"column":8},"end":{"line":167,"column":77}},"89":{"start":{"line":170,"column":4},"end":{"line":170,"column":84}},"90":{"start":{"line":174,"column":17},"end":{"line":174,"column":65}},"91":{"start":{"line":175,"column":4},"end":{"line":177,"column":5}},"92":{"start":{"line":176,"column":8},"end":{"line":176,"column":79}},"93":{"start":{"line":178,"column":4},"end":{"line":180,"column":5}},"94":{"start":{"line":179,"column":8},"end":{"line":179,"column":100}},"95":{"start":{"line":181,"column":4},"end":{"line":181,"column":61}},"96":{"start":{"line":185,"column":22},"end":{"line":188,"column":null}},"97":{"start":{"line":187,"column":14},"end":{"line":187,"column":18}},"98":{"start":{"line":191,"column":29},"end":{"line":193,"column":66}},"99":{"start":{"line":195,"column":4},"end":{"line":195,"column":47}},"100":{"start":{"line":199,"column":22},"end":{"line":202,"column":null}},"101":{"start":{"line":201,"column":14},"end":{"line":201,"column":18}},"102":{"start":{"line":205,"column":4},"end":{"line":207,"column":5}},"103":{"start":{"line":206,"column":8},"end":{"line":206,"column":84}},"104":{"start":{"line":208,"column":4},"end":{"line":208,"column":74}},"105":{"start":{"line":212,"column":23},"end":{"line":212,"column":78}},"106":{"start":{"line":213,"column":4},"end":{"line":215,"column":5}},"107":{"start":{"line":214,"column":8},"end":{"line":214,"column":86}},"108":{"start":{"line":218,"column":22},"end":{"line":221,"column":13}},"109":{"start":{"line":223,"column":35},"end":{"line":225,"column":6}},"110":{"start":{"line":227,"column":23},"end":{"line":227,"column":64}},"111":{"start":{"line":228,"column":4},"end":{"line":228,"column":45}}},"fnMap":{"0":{"name":"(anonymous_1)","decl":{"start":{"line":22,"column":17},"end":{"line":22,"column":18}},"loc":{"start":{"line":22,"column":35},"end":{"line":28,"column":5}}},"1":{"name":"(anonymous_2)","decl":{"start":{"line":29,"column":14},"end":{"line":29,"column":15}},"loc":{"start":{"line":29,"column":32},"end":{"line":32,"column":5}}},"2":{"name":"(anonymous_3)","decl":{"start":{"line":42,"column":16},"end":{"line":42,"column":17}},"loc":{"start":{"line":42,"column":34},"end":{"line":51,"column":5}}},"3":{"name":"createReport","decl":{"start":{"line":54,"column":22},"end":{"line":54,"column":34}},"loc":{"start":{"line":54,"column":92},"end":{"line":101,"column":1}}},"4":{"name":"getReports","decl":{"start":{"line":103,"column":22},"end":{"line":103,"column":32}},"loc":{"start":{"line":103,"column":79},"end":{"line":110,"column":1}}},"5":{"name":"getMapReports","decl":{"start":{"line":112,"column":22},"end":{"line":112,"column":35}},"loc":{"start":{"line":112,"column":35},"end":{"line":115,"column":1}}},"6":{"name":"getReportById","decl":{"start":{"line":117,"column":22},"end":{"line":117,"column":35}},"loc":{"start":{"line":117,"column":52},"end":{"line":120,"column":1}}},"7":{"name":"updateReportAsMPRO","decl":{"start":{"line":122,"column":22},"end":{"line":122,"column":40}},"loc":{"start":{"line":122,"column":132},"end":{"line":125,"column":1}}},"8":{"name":"selfAssignReport","decl":{"start":{"line":127,"column":22},"end":{"line":127,"column":38}},"loc":{"start":{"line":127,"column":78},"end":{"line":130,"column":1}}},"9":{"name":"updateReportAsTOSM","decl":{"start":{"line":132,"column":22},"end":{"line":132,"column":40}},"loc":{"start":{"line":132,"column":121},"end":{"line":135,"column":1}}},"10":{"name":"assignReportToEM","decl":{"start":{"line":137,"column":22},"end":{"line":137,"column":38}},"loc":{"start":{"line":137,"column":98},"end":{"line":140,"column":1}}},"11":{"name":"updateReportAsEM","decl":{"start":{"line":142,"column":22},"end":{"line":142,"column":38}},"loc":{"start":{"line":142,"column":119},"end":{"line":145,"column":1}}},"12":{"name":"handleStaffMessage","decl":{"start":{"line":147,"column":15},"end":{"line":147,"column":33}},"loc":{"start":{"line":147,"column":110},"end":{"line":171,"column":1}}},"13":{"name":"handleCitizenMessage","decl":{"start":{"line":173,"column":15},"end":{"line":173,"column":35}},"loc":{"start":{"line":173,"column":91},"end":{"line":182,"column":1}}},"14":{"name":"addMessageToReport","decl":{"start":{"line":184,"column":22},"end":{"line":184,"column":40}},"loc":{"start":{"line":184,"column":144},"end":{"line":196,"column":1}}},"15":{"name":"(anonymous_16)","decl":{"start":{"line":187,"column":8},"end":{"line":187,"column":11}},"loc":{"start":{"line":187,"column":14},"end":{"line":187,"column":18}}},"16":{"name":"getAllMessages","decl":{"start":{"line":198,"column":22},"end":{"line":198,"column":36}},"loc":{"start":{"line":198,"column":84},"end":{"line":209,"column":1}}},"17":{"name":"(anonymous_18)","decl":{"start":{"line":201,"column":8},"end":{"line":201,"column":11}},"loc":{"start":{"line":201,"column":14},"end":{"line":201,"column":18}}},"18":{"name":"getReportsByCitizenUsername","decl":{"start":{"line":211,"column":22},"end":{"line":211,"column":49}},"loc":{"start":{"line":211,"column":73},"end":{"line":229,"column":1}}}},"branchMap":{"0":{"loc":{"start":{"line":24,"column":8},"end":{"line":26,"column":9}},"type":"if","locations":[{"start":{"line":24,"column":8},"end":{"line":26,"column":9}},{"start":{},"end":{}}]},"1":{"loc":{"start":{"line":46,"column":8},"end":{"line":50,"column":9}},"type":"if","locations":[{"start":{"line":46,"column":8},"end":{"line":50,"column":9}},{"start":{"line":48,"column":15},"end":{"line":50,"column":9}}]},"2":{"loc":{"start":{"line":46,"column":12},"end":{"line":46,"column":31}},"type":"binary-expr","locations":[{"start":{"line":46,"column":12},"end":{"line":46,"column":19}},{"start":{"line":46,"column":23},"end":{"line":46,"column":31}}]},"3":{"loc":{"start":{"line":66,"column":4},"end":{"line":68,"column":5}},"type":"if","locations":[{"start":{"line":66,"column":4},"end":{"line":68,"column":5}},{"start":{},"end":{}}]},"4":{"loc":{"start":{"line":70,"column":4},"end":{"line":72,"column":5}},"type":"if","locations":[{"start":{"line":70,"column":4},"end":{"line":72,"column":5}},{"start":{},"end":{}}]},"5":{"loc":{"start":{"line":70,"column":8},"end":{"line":70,"column":96}},"type":"binary-expr","locations":[{"start":{"line":70,"column":8},"end":{"line":70,"column":14}},{"start":{"line":70,"column":18},"end":{"line":70,"column":30}},{"start":{"line":70,"column":34},"end":{"line":70,"column":43}},{"start":{"line":70,"column":47},"end":{"line":70,"column":69}},{"start":{"line":70,"column":73},"end":{"line":70,"column":96}}]},"6":{"loc":{"start":{"line":74,"column":4},"end":{"line":76,"column":5}},"type":"if","locations":[{"start":{"line":74,"column":4},"end":{"line":76,"column":5}},{"start":{},"end":{}}]},"7":{"loc":{"start":{"line":74,"column":8},"end":{"line":74,"column":37}},"type":"binary-expr","locations":[{"start":{"line":74,"column":8},"end":{"line":74,"column":15}},{"start":{"line":74,"column":19},"end":{"line":74,"column":37}}]},"8":{"loc":{"start":{"line":78,"column":19},"end":{"line":78,"column":83}},"type":"cond-expr","locations":[{"start":{"line":78,"column":31},"end":{"line":78,"column":71}},{"start":{"line":78,"column":74},"end":{"line":78,"column":83}}]},"9":{"loc":{"start":{"line":79,"column":19},"end":{"line":79,"column":83}},"type":"cond-expr","locations":[{"start":{"line":79,"column":31},"end":{"line":79,"column":71}},{"start":{"line":79,"column":74},"end":{"line":79,"column":83}}]},"10":{"loc":{"start":{"line":81,"column":24},"end":{"line":81,"column":66}},"type":"binary-expr","locations":[{"start":{"line":81,"column":24},"end":{"line":81,"column":44}},{"start":{"line":81,"column":48},"end":{"line":81,"column":66}}]},"11":{"loc":{"start":{"line":85,"column":4},"end":{"line":87,"column":5}},"type":"if","locations":[{"start":{"line":85,"column":4},"end":{"line":87,"column":5}},{"start":{},"end":{}}]},"12":{"loc":{"start":{"line":105,"column":4},"end":{"line":107,"column":5}},"type":"if","locations":[{"start":{"line":105,"column":4},"end":{"line":107,"column":5}},{"start":{},"end":{}}]},"13":{"loc":{"start":{"line":149,"column":4},"end":{"line":151,"column":5}},"type":"if","locations":[{"start":{"line":149,"column":4},"end":{"line":151,"column":5}},{"start":{},"end":{}}]},"14":{"loc":{"start":{"line":153,"column":4},"end":{"line":161,"column":5}},"type":"if","locations":[{"start":{"line":153,"column":4},"end":{"line":161,"column":5}},{"start":{},"end":{}}]},"15":{"loc":{"start":{"line":154,"column":8},"end":{"line":156,"column":9}},"type":"if","locations":[{"start":{"line":154,"column":8},"end":{"line":156,"column":9}},{"start":{},"end":{}}]},"16":{"loc":{"start":{"line":154,"column":12},"end":{"line":154,"column":90}},"type":"binary-expr","locations":[{"start":{"line":154,"column":12},"end":{"line":154,"column":36}},{"start":{"line":154,"column":40},"end":{"line":154,"column":90}}]},"17":{"loc":{"start":{"line":157,"column":8},"end":{"line":159,"column":9}},"type":"if","locations":[{"start":{"line":157,"column":8},"end":{"line":159,"column":9}},{"start":{},"end":{}}]},"18":{"loc":{"start":{"line":163,"column":4},"end":{"line":168,"column":5}},"type":"if","locations":[{"start":{"line":163,"column":4},"end":{"line":168,"column":5}},{"start":{},"end":{}}]},"19":{"loc":{"start":{"line":164,"column":8},"end":{"line":166,"column":9}},"type":"if","locations":[{"start":{"line":164,"column":8},"end":{"line":166,"column":9}},{"start":{},"end":{}}]},"20":{"loc":{"start":{"line":164,"column":12},"end":{"line":164,"column":84}},"type":"binary-expr","locations":[{"start":{"line":164,"column":12},"end":{"line":164,"column":33}},{"start":{"line":164,"column":37},"end":{"line":164,"column":84}}]},"21":{"loc":{"start":{"line":175,"column":4},"end":{"line":177,"column":5}},"type":"if","locations":[{"start":{"line":175,"column":4},"end":{"line":177,"column":5}},{"start":{},"end":{}}]},"22":{"loc":{"start":{"line":178,"column":4},"end":{"line":180,"column":5}},"type":"if","locations":[{"start":{"line":178,"column":4},"end":{"line":180,"column":5}},{"start":{},"end":{}}]},"23":{"loc":{"start":{"line":191,"column":29},"end":{"line":193,"column":66}},"type":"cond-expr","locations":[{"start":{"line":192,"column":10},"end":{"line":192,"column":75}},{"start":{"line":193,"column":10},"end":{"line":193,"column":66}}]},"24":{"loc":{"start":{"line":205,"column":4},"end":{"line":207,"column":5}},"type":"if","locations":[{"start":{"line":205,"column":4},"end":{"line":207,"column":5}},{"start":{},"end":{}}]},"25":{"loc":{"start":{"line":213,"column":4},"end":{"line":215,"column":5}},"type":"if","locations":[{"start":{"line":213,"column":4},"end":{"line":215,"column":5}},{"start":{},"end":{}}]}},"s":{"0":7,"1":7,"2":7,"3":7,"4":7,"5":7,"6":7,"7":7,"8":7,"9":7,"10":7,"11":7,"12":7,"13":7,"14":7,"15":7,"16":7,"17":7,"18":7,"19":7,"20":7,"21":7,"22":7,"23":7,"24":7,"25":7,"26":7,"27":21,"28":21,"29":0,"30":21,"31":21,"32":21,"33":7,"34":21,"35":21,"36":21,"37":21,"38":21,"39":0,"40":24,"41":24,"42":24,"43":1,"44":23,"45":6,"46":17,"47":3,"48":14,"49":14,"50":14,"51":14,"52":14,"53":14,"54":14,"55":0,"56":14,"57":10,"58":10,"59":0,"60":10,"61":10,"62":0,"63":0,"64":6,"65":4,"66":13,"67":12,"68":28,"69":28,"70":4,"71":3,"72":22,"73":20,"74":5,"75":4,"76":23,"77":23,"78":0,"79":23,"80":15,"81":1,"82":14,"83":1,"84":13,"85":8,"86":6,"87":3,"88":3,"89":2,"90":4,"91":4,"92":0,"93":4,"94":0,"95":4,"96":29,"97":27,"98":27,"99":20,"100":8,"101":6,"102":6,"103":2,"104":4,"105":0,"106":0,"107":0,"108":0,"109":0,"110":0,"111":0},"f":{"0":21,"1":21,"2":21,"3":24,"4":10,"5":0,"6":6,"7":13,"8":28,"9":4,"10":22,"11":5,"12":23,"13":4,"14":29,"15":27,"16":8,"17":6,"18":0},"b":{"0":[0,21],"1":[21,0],"2":[21,21],"3":[1,23],"4":[6,17],"5":[23,20,19,19,18],"6":[3,14],"7":[17,17],"8":[5,9],"9":[3,11],"10":[14,14],"11":[0,14],"12":[0,10],"13":[0,23],"14":[15,8],"15":[1,14],"16":[15,14],"17":[1,13],"18":[6,2],"19":[3,3],"20":[6,3],"21":[0,4],"22":[0,4],"23":[23,4],"24":[2,4],"25":[0,0]}}
,"C:\\Users\\Utente\\OneDrive - Politecnico di Torino\\Universita\\Magistrale\\Secondo Anno\\Software_Engineering_2\\MainProject\\SE25-Participium\\Backend\\src\\controllers\\staffController.ts": {"path":"C:\\Users\\Utente\\OneDrive - Politecnico di Torino\\Universita\\Magistrale\\Secondo Anno\\Software_Engineering_2\\MainProject\\SE25-Participium\\Backend\\src\\controllers\\staffController.ts","statementMap":{"0":{"start":{"line":8,"column":0},"end":{"line":8,"column":7}},"1":{"start":{"line":26,"column":0},"end":{"line":26,"column":7}},"2":{"start":{"line":41,"column":0},"end":{"line":41,"column":7}},"3":{"start":{"line":2,"column":0},"end":{"line":2,"column":66}},"4":{"start":{"line":3,"column":0},"end":{"line":3,"column":62}},"5":{"start":{"line":4,"column":0},"end":{"line":4,"column":57}},"6":{"start":{"line":6,"column":13},"end":{"line":6,"column":34}},"7":{"start":{"line":9,"column":4},"end":{"line":23,"column":5}},"8":{"start":{"line":10,"column":32},"end":{"line":10,"column":78}},"9":{"start":{"line":11,"column":30},"end":{"line":11,"column":74}},"10":{"start":{"line":13,"column":27},"end":{"line":13,"column":62}},"11":{"start":{"line":15,"column":25},"end":{"line":15,"column":90}},"12":{"start":{"line":17,"column":23},"end":{"line":17,"column":68}},"13":{"start":{"line":19,"column":8},"end":{"line":19,"column":59}},"14":{"start":{"line":21,"column":8},"end":{"line":21,"column":62}},"15":{"start":{"line":22,"column":8},"end":{"line":22,"column":75}},"16":{"start":{"line":27,"column":4},"end":{"line":38,"column":5}},"17":{"start":{"line":28,"column":30},"end":{"line":28,"column":74}},"18":{"start":{"line":30,"column":25},"end":{"line":30,"column":90}},"19":{"start":{"line":32,"column":23},"end":{"line":32,"column":62}},"20":{"start":{"line":34,"column":8},"end":{"line":34,"column":59}},"21":{"start":{"line":36,"column":8},"end":{"line":36,"column":62}},"22":{"start":{"line":37,"column":8},"end":{"line":37,"column":75}},"23":{"start":{"line":42,"column":4},"end":{"line":53,"column":5}},"24":{"start":{"line":43,"column":30},"end":{"line":43,"column":74}},"25":{"start":{"line":44,"column":25},"end":{"line":44,"column":90}},"26":{"start":{"line":46,"column":21},"end":{"line":46,"column":42}},"27":{"start":{"line":47,"column":23},"end":{"line":47,"column":54}},"28":{"start":{"line":49,"column":8},"end":{"line":49,"column":59}},"29":{"start":{"line":51,"column":8},"end":{"line":51,"column":59}},"30":{"start":{"line":52,"column":8},"end":{"line":52,"column":72}}},"fnMap":{"0":{"name":"getAllStaff","decl":{"start":{"line":8,"column":22},"end":{"line":8,"column":33}},"loc":{"start":{"line":8,"column":61},"end":{"line":24,"column":1}}},"1":{"name":"getAllEMStaff","decl":{"start":{"line":26,"column":22},"end":{"line":26,"column":35}},"loc":{"start":{"line":26,"column":63},"end":{"line":39,"column":1}}},"2":{"name":"getAllTOSM","decl":{"start":{"line":41,"column":22},"end":{"line":41,"column":32}},"loc":{"start":{"line":41,"column":60},"end":{"line":54,"column":1}}}},"branchMap":{"0":{"loc":{"start":{"line":15,"column":25},"end":{"line":15,"column":90}},"type":"cond-expr","locations":[{"start":{"line":15,"column":41},"end":{"line":15,"column":78}},{"start":{"line":15,"column":81},"end":{"line":15,"column":90}}]},"1":{"loc":{"start":{"line":30,"column":25},"end":{"line":30,"column":90}},"type":"cond-expr","locations":[{"start":{"line":30,"column":41},"end":{"line":30,"column":78}},{"start":{"line":30,"column":81},"end":{"line":30,"column":90}}]},"2":{"loc":{"start":{"line":44,"column":25},"end":{"line":44,"column":90}},"type":"cond-expr","locations":[{"start":{"line":44,"column":41},"end":{"line":44,"column":78}},{"start":{"line":44,"column":81},"end":{"line":44,"column":90}}]}},"s":{"0":5,"1":5,"2":5,"3":5,"4":5,"5":5,"6":5,"7":0,"8":0,"9":0,"10":0,"11":0,"12":0,"13":0,"14":0,"15":0,"16":0,"17":0,"18":0,"19":0,"20":0,"21":0,"22":0,"23":0,"24":0,"25":0,"26":0,"27":0,"28":0,"29":0,"30":0},"f":{"0":0,"1":0,"2":0},"b":{"0":[0,0],"1":[0,0],"2":[0,0]}}
,"C:\\Users\\Utente\\OneDrive - Politecnico di Torino\\Universita\\Magistrale\\Secondo Anno\\Software_Engineering_2\\MainProject\\SE25-Participium\\Backend\\src\\middlewares\\authMiddleware.ts": {"path":"C:\\Users\\Utente\\OneDrive - Politecnico di Torino\\Universita\\Magistrale\\Secondo Anno\\Software_Engineering_2\\MainProject\\SE25-Participium\\Backend\\src\\middlewares\\authMiddleware.ts","statementMap":{"0":{"start":{"line":44,"column":0},"end":{"line":44,"column":16}},"1":{"start":{"line":3,"column":0},"end":{"line":3,"column":31}},"2":{"start":{"line":7,"column":31},"end":{"line":42,"column":1}},"3":{"start":{"line":8,"column":4},"end":{"line":41,"column":6}},"4":{"start":{"line":9,"column":8},"end":{"line":11,"column":9}},"5":{"start":{"line":10,"column":12},"end":{"line":10,"column":74}},"6":{"start":{"line":13,"column":8},"end":{"line":15,"column":9}},"7":{"start":{"line":14,"column":12},"end":{"line":14,"column":26}},"8":{"start":{"line":17,"column":21},"end":{"line":17,"column":36}},"9":{"start":{"line":18,"column":25},"end":{"line":18,"column":35}},"10":{"start":{"line":20,"column":8},"end":{"line":25,"column":9}},"11":{"start":{"line":21,"column":12},"end":{"line":23,"column":13}},"12":{"start":{"line":22,"column":16},"end":{"line":22,"column":30}},"13":{"start":{"line":24,"column":12},"end":{"line":24,"column":92}},"14":{"start":{"line":27,"column":8},"end":{"line":38,"column":9}},"15":{"start":{"line":28,"column":12},"end":{"line":30,"column":13}},"16":{"start":{"line":29,"column":16},"end":{"line":29,"column":30}},"17":{"start":{"line":32,"column":30},"end":{"line":32,"column":40}},"18":{"start":{"line":33,"column":12},"end":{"line":35,"column":13}},"19":{"start":{"line":34,"column":16},"end":{"line":34,"column":30}},"20":{"start":{"line":37,"column":12},"end":{"line":37,"column":92}},"21":{"start":{"line":40,"column":8},"end":{"line":40,"column":74}},"22":{"start":{"line":7,"column":13},"end":{"line":7,"column":31}},"23":{"start":{"line":45,"column":23},"end":{"line":45,"column":51}},"24":{"start":{"line":47,"column":4},"end":{"line":49,"column":5}},"25":{"start":{"line":48,"column":8},"end":{"line":48,"column":60}},"26":{"start":{"line":50,"column":4},"end":{"line":50,"column":11}}},"fnMap":{"0":{"name":"(anonymous_0)","decl":{"start":{"line":7,"column":31},"end":{"line":7,"column":32}},"loc":{"start":{"line":7,"column":64},"end":{"line":42,"column":1}}},"1":{"name":"(anonymous_1)","decl":{"start":{"line":8,"column":11},"end":{"line":8,"column":12}},"loc":{"start":{"line":8,"column":63},"end":{"line":41,"column":5}}},"2":{"name":"telegramBotAuth","decl":{"start":{"line":44,"column":16},"end":{"line":44,"column":31}},"loc":{"start":{"line":44,"column":79},"end":{"line":51,"column":1}}}},"branchMap":{"0":{"loc":{"start":{"line":9,"column":8},"end":{"line":11,"column":9}},"type":"if","locations":[{"start":{"line":9,"column":8},"end":{"line":11,"column":9}},{"start":{},"end":{}}]},"1":{"loc":{"start":{"line":13,"column":8},"end":{"line":15,"column":9}},"type":"if","locations":[{"start":{"line":13,"column":8},"end":{"line":15,"column":9}},{"start":{},"end":{}}]},"2":{"loc":{"start":{"line":13,"column":12},"end":{"line":13,"column":54}},"type":"binary-expr","locations":[{"start":{"line":13,"column":12},"end":{"line":13,"column":25}},{"start":{"line":13,"column":29},"end":{"line":13,"column":54}}]},"3":{"loc":{"start":{"line":20,"column":8},"end":{"line":25,"column":9}},"type":"if","locations":[{"start":{"line":20,"column":8},"end":{"line":25,"column":9}},{"start":{},"end":{}}]},"4":{"loc":{"start":{"line":21,"column":12},"end":{"line":23,"column":13}},"type":"if","locations":[{"start":{"line":21,"column":12},"end":{"line":23,"column":13}},{"start":{},"end":{}}]},"5":{"loc":{"start":{"line":27,"column":8},"end":{"line":38,"column":9}},"type":"if","locations":[{"start":{"line":27,"column":8},"end":{"line":38,"column":9}},{"start":{},"end":{}}]},"6":{"loc":{"start":{"line":28,"column":12},"end":{"line":30,"column":13}},"type":"if","locations":[{"start":{"line":28,"column":12},"end":{"line":30,"column":13}},{"start":{},"end":{}}]},"7":{"loc":{"start":{"line":33,"column":12},"end":{"line":35,"column":13}},"type":"if","locations":[{"start":{"line":33,"column":12},"end":{"line":35,"column":13}},{"start":{},"end":{}}]},"8":{"loc":{"start":{"line":33,"column":16},"end":{"line":33,"column":74}},"type":"binary-expr","locations":[{"start":{"line":33,"column":16},"end":{"line":33,"column":25}},{"start":{"line":33,"column":29},"end":{"line":33,"column":74}}]},"9":{"loc":{"start":{"line":47,"column":4},"end":{"line":49,"column":5}},"type":"if","locations":[{"start":{"line":47,"column":4},"end":{"line":49,"column":5}},{"start":{},"end":{}}]},"10":{"loc":{"start":{"line":47,"column":8},"end":{"line":47,"column":76}},"type":"binary-expr","locations":[{"start":{"line":47,"column":8},"end":{"line":47,"column":19}},{"start":{"line":47,"column":23},"end":{"line":47,"column":76}}]}},"s":{"0":9,"1":9,"2":9,"3":133,"4":199,"5":10,"6":189,"7":5,"8":184,"9":184,"10":184,"11":17,"12":17,"13":0,"14":167,"15":167,"16":38,"17":129,"18":129,"19":124,"20":5,"21":0,"22":9,"23":16,"24":16,"25":1,"26":15},"f":{"0":133,"1":199,"2":16},"b":{"0":[10,189],"1":[5,184],"2":[189,184],"3":[17,167],"4":[17,0],"5":[167,0],"6":[38,129],"7":[124,5],"8":[129,129],"9":[1,15],"10":[16,16]}}
,"C:\\Users\\Utente\\OneDrive - Politecnico di Torino\\Universita\\Magistrale\\Secondo Anno\\Software_Engineering_2\\MainProject\\SE25-Participium\\Backend\\src\\middlewares\\errorMiddleware.ts": {"path":"C:\\Users\\Utente\\OneDrive - Politecnico di Torino\\Universita\\Magistrale\\Secondo Anno\\Software_Engineering_2\\MainProject\\SE25-Participium\\Backend\\src\\middlewares\\errorMiddleware.ts","statementMap":{"0":{"start":{"line":5,"column":0},"end":{"line":5,"column":16}},"1":{"start":{"line":1,"column":0},"end":{"line":1,"column":57}},"2":{"start":{"line":2,"column":0},"end":{"line":2,"column":56}},"3":{"start":{"line":11,"column":29},"end":{"line":11,"column":48}},"4":{"start":{"line":12,"column":2},"end":{"line":12,"column":63}}},"fnMap":{"0":{"name":"errorHandler","decl":{"start":{"line":5,"column":16},"end":{"line":5,"column":28}},"loc":{"start":{"line":9,"column":20},"end":{"line":13,"column":1}}}},"branchMap":{},"s":{"0":8,"1":8,"2":8,"3":58,"4":58},"f":{"0":58},"b":{}}
,"C:\\Users\\Utente\\OneDrive - Politecnico di Torino\\Universita\\Magistrale\\Secondo Anno\\Software_Engineering_2\\MainProject\\SE25-Participium\\Backend\\src\\repositories\\citizenRepository.ts": {"path":"C:\\Users\\Utente\\OneDrive - Politecnico di Torino\\Universita\\Magistrale\\Secondo Anno\\Software_Engineering_2\\MainProject\\SE25-Participium\\Backend\\src\\repositories\\citizenRepository.ts","statementMap":{"0":{"start":{"line":1,"column":0},"end":{"line":1,"column":40}},"1":{"start":{"line":2,"column":0},"end":{"line":2,"column":50}},"2":{"start":{"line":3,"column":0},"end":{"line":3,"column":44}},"3":{"start":{"line":5,"column":0},"end":{"line":5,"column":47}},"4":{"start":{"line":6,"column":0},"end":{"line":6,"column":28}},"5":{"start":{"line":12,"column":8},"end":{"line":12,"column":60}},"6":{"start":{"line":16,"column":8},"end":{"line":42,"column":9}},"7":{"start":{"line":16,"column":21},"end":{"line":16,"column":22}},"8":{"start":{"line":17,"column":29},"end":{"line":17,"column":39}},"9":{"start":{"line":18,"column":26},"end":{"line":18,"column":51}},"10":{"start":{"line":19,"column":34},"end":{"line":19,"column":42}},"11":{"start":{"line":21,"column":29},"end":{"line":26,"column":14}},"12":{"start":{"line":28,"column":12},"end":{"line":41,"column":13}},"13":{"start":{"line":29,"column":16},"end":{"line":29,"column":75}},"14":{"start":{"line":31,"column":35},"end":{"line":38,"column":18}},"15":{"start":{"line":39,"column":16},"end":{"line":39,"column":49}},"16":{"start":{"line":40,"column":16},"end":{"line":40,"column":91}},"17":{"start":{"line":47,"column":8},"end":{"line":47,"column":38}},"18":{"start":{"line":52,"column":8},"end":{"line":52,"column":58}},"19":{"start":{"line":57,"column":8},"end":{"line":57,"column":61}},"20":{"start":{"line":62,"column":8},"end":{"line":62,"column":64}},"21":{"start":{"line":76,"column":8},"end":{"line":78,"column":9}},"22":{"start":{"line":77,"column":12},"end":{"line":77,"column":117}},"23":{"start":{"line":80,"column":8},"end":{"line":80,"column":29}},"24":{"start":{"line":81,"column":8},"end":{"line":81,"column":35}},"25":{"start":{"line":82,"column":8},"end":{"line":82,"column":27}},"26":{"start":{"line":83,"column":8},"end":{"line":83,"column":33}},"27":{"start":{"line":86,"column":8},"end":{"line":90,"column":10}},"28":{"start":{"line":88,"column":18},"end":{"line":88,"column":22}},"29":{"start":{"line":92,"column":8},"end":{"line":96,"column":10}},"30":{"start":{"line":94,"column":18},"end":{"line":94,"column":22}},"31":{"start":{"line":99,"column":8},"end":{"line":108,"column":11}},"32":{"start":{"line":120,"column":24},"end":{"line":120,"column":65}},"33":{"start":{"line":121,"column":8},"end":{"line":123,"column":9}},"34":{"start":{"line":122,"column":12},"end":{"line":122,"column":83}},"35":{"start":{"line":125,"column":8},"end":{"line":127,"column":9}},"36":{"start":{"line":126,"column":12},"end":{"line":126,"column":65}},"37":{"start":{"line":129,"column":8},"end":{"line":131,"column":9}},"38":{"start":{"line":130,"column":12},"end":{"line":130,"column":59}},"39":{"start":{"line":133,"column":8},"end":{"line":135,"column":9}},"40":{"start":{"line":134,"column":12},"end":{"line":134,"column":59}},"41":{"start":{"line":137,"column":8},"end":{"line":137,"column":45}},"42":{"start":{"line":141,"column":8},"end":{"line":141,"column":73}},"43":{"start":{"line":8,"column":0},"end":{"line":8,"column":13}}},"fnMap":{"0":{"name":"(anonymous_1)","decl":{"start":{"line":11,"column":4},"end":{"line":11,"column":null}},"loc":{"start":{"line":11,"column":4},"end":{"line":13,"column":5}}},"1":{"name":"(anonymous_2)","decl":{"start":{"line":15,"column":4},"end":{"line":15,"column":9}},"loc":{"start":{"line":15,"column":59},"end":{"line":43,"column":5}}},"2":{"name":"(anonymous_3)","decl":{"start":{"line":46,"column":4},"end":{"line":46,"column":9}},"loc":{"start":{"line":46,"column":24},"end":{"line":48,"column":5}}},"3":{"name":"(anonymous_4)","decl":{"start":{"line":51,"column":4},"end":{"line":51,"column":9}},"loc":{"start":{"line":51,"column":35},"end":{"line":53,"column":5}}},"4":{"name":"(anonymous_5)","decl":{"start":{"line":56,"column":4},"end":{"line":56,"column":9}},"loc":{"start":{"line":56,"column":41},"end":{"line":58,"column":5}}},"5":{"name":"(anonymous_6)","decl":{"start":{"line":61,"column":4},"end":{"line":61,"column":9}},"loc":{"start":{"line":61,"column":47},"end":{"line":63,"column":5}}},"6":{"name":"(anonymous_7)","decl":{"start":{"line":66,"column":4},"end":{"line":66,"column":9}},"loc":{"start":{"line":74,"column":34},"end":{"line":109,"column":5}}},"7":{"name":"(anonymous_8)","decl":{"start":{"line":88,"column":12},"end":{"line":88,"column":15}},"loc":{"start":{"line":88,"column":18},"end":{"line":88,"column":22}}},"8":{"name":"(anonymous_9)","decl":{"start":{"line":94,"column":12},"end":{"line":94,"column":15}},"loc":{"start":{"line":94,"column":18},"end":{"line":94,"column":22}}},"9":{"name":"(anonymous_10)","decl":{"start":{"line":111,"column":4},"end":{"line":111,"column":9}},"loc":{"start":{"line":117,"column":9},"end":{"line":138,"column":5}}},"10":{"name":"(anonymous_11)","decl":{"start":{"line":140,"column":4},"end":{"line":140,"column":9}},"loc":{"start":{"line":140,"column":64},"end":{"line":142,"column":5}}}},"branchMap":{"0":{"loc":{"start":{"line":15,"column":42},"end":{"line":15,"column":59}},"type":"default-arg","locations":[{"start":{"line":15,"column":58},"end":{"line":15,"column":59}}]},"1":{"loc":{"start":{"line":28,"column":12},"end":{"line":41,"column":13}},"type":"if","locations":[{"start":{"line":28,"column":12},"end":{"line":41,"column":13}},{"start":{"line":30,"column":19},"end":{"line":41,"column":13}}]},"2":{"loc":{"start":{"line":72,"column":8},"end":{"line":72,"column":39}},"type":"default-arg","locations":[{"start":{"line":72,"column":34},"end":{"line":72,"column":39}}]},"3":{"loc":{"start":{"line":76,"column":8},"end":{"line":78,"column":9}},"type":"if","locations":[{"start":{"line":76,"column":8},"end":{"line":78,"column":9}},{"start":{},"end":{}}]},"4":{"loc":{"start":{"line":76,"column":12},"end":{"line":76,"column":65}},"type":"binary-expr","locations":[{"start":{"line":76,"column":12},"end":{"line":76,"column":18}},{"start":{"line":76,"column":22},"end":{"line":76,"column":31}},{"start":{"line":76,"column":35},"end":{"line":76,"column":40}},{"start":{"line":76,"column":44},"end":{"line":76,"column":52}},{"start":{"line":76,"column":56},"end":{"line":76,"column":65}}]},"5":{"loc":{"start":{"line":121,"column":8},"end":{"line":123,"column":9}},"type":"if","locations":[{"start":{"line":121,"column":8},"end":{"line":123,"column":9}},{"start":{},"end":{}}]},"6":{"loc":{"start":{"line":125,"column":8},"end":{"line":127,"column":9}},"type":"if","locations":[{"start":{"line":125,"column":8},"end":{"line":127,"column":9}},{"start":{},"end":{}}]},"7":{"loc":{"start":{"line":129,"column":8},"end":{"line":131,"column":9}},"type":"if","locations":[{"start":{"line":129,"column":8},"end":{"line":131,"column":9}},{"start":{},"end":{}}]},"8":{"loc":{"start":{"line":133,"column":8},"end":{"line":135,"column":9}},"type":"if","locations":[{"start":{"line":133,"column":8},"end":{"line":135,"column":9}},{"start":{},"end":{}}]}},"s":{"0":22,"1":22,"2":22,"3":22,"4":22,"5":93,"6":20,"7":20,"8":60,"9":60,"10":60,"11":60,"12":60,"13":0,"14":60,"15":60,"16":60,"17":7,"18":11,"19":12,"20":93,"21":13,"22":1,"23":12,"24":12,"25":12,"26":12,"27":12,"28":2,"29":10,"30":3,"31":7,"32":9,"33":9,"34":0,"35":9,"36":7,"37":9,"38":5,"39":9,"40":1,"41":9,"42":14,"43":22},"f":{"0":93,"1":20,"2":7,"3":11,"4":12,"5":93,"6":13,"7":2,"8":3,"9":9,"10":14},"b":{"0":[0],"1":[0,60],"2":[0],"3":[1,12],"4":[13,12,12,12,12],"5":[0,9],"6":[7,2],"7":[5,4],"8":[1,8]}}
,"C:\\Users\\Utente\\OneDrive - Politecnico di Torino\\Universita\\Magistrale\\Secondo Anno\\Software_Engineering_2\\MainProject\\SE25-Participium\\Backend\\src\\repositories\\notificationRepository.ts": {"path":"C:\\Users\\Utente\\OneDrive - Politecnico di Torino\\Universita\\Magistrale\\Secondo Anno\\Software_Engineering_2\\MainProject\\SE25-Participium\\Backend\\src\\repositories\\notificationRepository.ts","statementMap":{"0":{"start":{"line":1,"column":0},"end":{"line":1,"column":42}},"1":{"start":{"line":2,"column":0},"end":{"line":2,"column":55}},"2":{"start":{"line":3,"column":0},"end":{"line":3,"column":45}},"3":{"start":{"line":4,"column":0},"end":{"line":4,"column":41}},"4":{"start":{"line":5,"column":0},"end":{"line":5,"column":54}},"5":{"start":{"line":9,"column":21},"end":{"line":9,"column":73}},"6":{"start":{"line":10,"column":21},"end":{"line":10,"column":75}},"7":{"start":{"line":11,"column":21},"end":{"line":11,"column":71}},"8":{"start":{"line":18,"column":24},"end":{"line":20,"column":10}},"9":{"start":{"line":22,"column":8},"end":{"line":24,"column":9}},"10":{"start":{"line":23,"column":12},"end":{"line":23,"column":100}},"11":{"start":{"line":26,"column":29},"end":{"line":32,"column":10}},"12":{"start":{"line":34,"column":8},"end":{"line":34,"column":50}},"13":{"start":{"line":42,"column":22},"end":{"line":44,"column":10}},"14":{"start":{"line":46,"column":8},"end":{"line":48,"column":9}},"15":{"start":{"line":47,"column":12},"end":{"line":47,"column":88}},"16":{"start":{"line":50,"column":29},"end":{"line":55,"column":10}},"17":{"start":{"line":57,"column":8},"end":{"line":57,"column":50}},"18":{"start":{"line":61,"column":8},"end":{"line":65,"column":11}},"19":{"start":{"line":69,"column":8},"end":{"line":72,"column":11}},"20":{"start":{"line":76,"column":29},"end":{"line":76,"column":87}},"21":{"start":{"line":77,"column":8},"end":{"line":79,"column":9}},"22":{"start":{"line":78,"column":12},"end":{"line":78,"column":88}},"23":{"start":{"line":80,"column":8},"end":{"line":80,"column":73}},"24":{"start":{"line":8,"column":0},"end":{"line":8,"column":13}}},"fnMap":{"0":{"name":"(anonymous_0)","decl":{"start":{"line":8,"column":0},"end":{"line":8,"column":13}},"loc":{"start":{"line":8,"column":0},"end":{"line":82,"column":1}}},"1":{"name":"(anonymous_1)","decl":{"start":{"line":13,"column":4},"end":{"line":13,"column":9}},"loc":{"start":{"line":16,"column":23},"end":{"line":35,"column":5}}},"2":{"name":"(anonymous_2)","decl":{"start":{"line":37,"column":4},"end":{"line":37,"column":9}},"loc":{"start":{"line":40,"column":23},"end":{"line":58,"column":5}}},"3":{"name":"(anonymous_3)","decl":{"start":{"line":60,"column":4},"end":{"line":60,"column":9}},"loc":{"start":{"line":60,"column":60},"end":{"line":66,"column":5}}},"4":{"name":"(anonymous_4)","decl":{"start":{"line":68,"column":4},"end":{"line":68,"column":9}},"loc":{"start":{"line":68,"column":56},"end":{"line":73,"column":5}}},"5":{"name":"(anonymous_5)","decl":{"start":{"line":75,"column":4},"end":{"line":75,"column":9}},"loc":{"start":{"line":75,"column":43},"end":{"line":81,"column":5}}}},"branchMap":{"0":{"loc":{"start":{"line":22,"column":8},"end":{"line":24,"column":9}},"type":"if","locations":[{"start":{"line":22,"column":8},"end":{"line":24,"column":9}},{"start":{},"end":{}}]},"1":{"loc":{"start":{"line":46,"column":8},"end":{"line":48,"column":9}},"type":"if","locations":[{"start":{"line":46,"column":8},"end":{"line":48,"c
[...]
":{"line":187,"column":46}},"89":{"start":{"line":191,"column":6},"end":{"line":195,"column":7}},"90":{"start":{"line":192,"column":8},"end":{"line":192,"column":91}},"91":{"start":{"line":193,"column":13},"end":{"line":195,"column":7}},"92":{"start":{"line":194,"column":8},"end":{"line":194,"column":89}},"93":{"start":{"line":197,"column":6},"end":{"line":197,"column":35}},"94":{"start":{"line":199,"column":6},"end":{"line":199,"column":16}},"95":{"start":{"line":205,"column":0},"end":{"line":220,"column":3}},"96":{"start":{"line":206,"column":4},"end":{"line":219,"column":5}},"97":{"start":{"line":207,"column":21},"end":{"line":207,"column":84}},"98":{"start":{"line":208,"column":25},"end":{"line":208,"column":62}},"99":{"start":{"line":210,"column":39},"end":{"line":210,"column":47}},"100":{"start":{"line":212,"column":8},"end":{"line":214,"column":9}},"101":{"start":{"line":213,"column":12},"end":{"line":213,"column":66}},"102":{"start":{"line":216,"column":8},"end":{"line":216,"column":118}},"103":{"start":{"line":218,"column":8},"end":{"line":218,"column":18}},"104":{"start":{"line":222,"column":0},"end":{"line":232,"column":3}},"105":{"start":{"line":223,"column":4},"end":{"line":231,"column":5}},"106":{"start":{"line":224,"column":25},"end":{"line":224,"column":62}},"107":{"start":{"line":226,"column":21},"end":{"line":226,"column":84}},"108":{"start":{"line":228,"column":8},"end":{"line":228,"column":72}},"109":{"start":{"line":230,"column":8},"end":{"line":230,"column":18}},"110":{"start":{"line":234,"column":0},"end":{"line":246,"column":null}},"111":{"start":{"line":235,"column":4},"end":{"line":245,"column":5}},"112":{"start":{"line":236,"column":23},"end":{"line":236,"column":57}},"113":{"start":{"line":237,"column":8},"end":{"line":240,"column":9}},"114":{"start":{"line":238,"column":12},"end":{"line":238,"column":71}},"115":{"start":{"line":239,"column":12},"end":{"line":239,"column":19}},"116":{"start":{"line":241,"column":24},"end":{"line":241,"column":97}},"117":{"start":{"line":242,"column":8},"end":{"line":242,"column":95}},"118":{"start":{"line":244,"column":8},"end":{"line":244,"column":18}},"119":{"start":{"line":248,"column":0},"end":{"line":259,"column":3}},"120":{"start":{"line":249,"column":4},"end":{"line":258,"column":5}},"121":{"start":{"line":250,"column":38},"end":{"line":250,"column":48}},"122":{"start":{"line":251,"column":24},"end":{"line":251,"column":77}},"123":{"start":{"line":253,"column":24},"end":{"line":253,"column":75}},"124":{"start":{"line":255,"column":8},"end":{"line":255,"column":38}},"125":{"start":{"line":257,"column":8},"end":{"line":257,"column":18}},"126":{"start":{"line":261,"column":0},"end":{"line":269,"column":3}},"127":{"start":{"line":262,"column":4},"end":{"line":268,"column":5}},"128":{"start":{"line":263,"column":25},"end":{"line":263,"column":62}},"129":{"start":{"line":264,"column":23},"end":{"line":264,"column":52}},"130":{"start":{"line":265,"column":8},"end":{"line":265,"column":37}},"131":{"start":{"line":267,"column":8},"end":{"line":267,"column":18}},"132":{"start":{"line":271,"column":0},"end":{"line":271,"column":22}}},"fnMap":{"0":{"name":"(anonymous_0)","decl":{"start":{"line":30,"column":27},"end":{"line":30,"column":28}},"loc":{"start":{"line":30,"column":57},"end":{"line":71,"column":1}}},"1":{"name":"(anonymous_1)","decl":{"start":{"line":73,"column":88},"end":{"line":73,"column":93}},"loc":{"start":{"line":73,"column":113},"end":{"line":81,"column":1}}},"2":{"name":"(anonymous_2)","decl":{"start":{"line":83,"column":44},"end":{"line":83,"column":49}},"loc":{"start":{"line":83,"column":69},"end":{"line":92,"column":1}}},"3":{"name":"(anonymous_3)","decl":{"start":{"line":94,"column":22},"end":{"line":94,"column":27}},"loc":{"start":{"line":94,"column":47},"end":{"line":102,"column":1}}},"4":{"name":"(anonymous_4)","decl":{"start":{"line":104,"column":53},"end":{"line":104,"column":58}},"loc":{"start":{"line":104,"column":78},"end":{"line":113,"column":1}}},"5":{"name":"(anonymous_5)","decl":{"start":{"line":116,"column":69},"end":{"line":116,"column":74}},"loc":{"start":{"line":116,"column":94},"end":{"line":134,"column":1}}},"6":{"name":"(anonymous_6)","decl":{"start":{"line":137,"column":73},"end":{"line":137,"column":78}},"loc":{"start":{"line":137,"column":98},"end":{"line":149,"column":5}}},"7":{"name":"(anonymous_7)","decl":{"start":{"line":153,"column":77},"end":{"line":153,"column":82}},"loc":{"start":{"line":153,"column":102},"end":{"line":173,"column":3}}},"8":{"name":"(anonymous_8)","decl":{"start":{"line":177,"column":89},"end":{"line":177,"column":94}},"loc":{"start":{"line":177,"column":114},"end":{"line":201,"column":3}}},"9":{"name":"(anonymous_9)","decl":{"start":{"line":205,"column":74},"end":{"line":205,"column":79}},"loc":{"start":{"line":205,"column":99},"end":{"line":220,"column":1}}},"10":{"name":"(anonymous_10)","decl":{"start":{"line":222,"column":73},"end":{"line":222,"column":78}},"loc":{"start":{"line":222,"column":98},"end":{"line":232,"column":1}}},"11":{"name":"(anonymous_11)","decl":{"start":{"line":234,"column":83},"end":{"line":234,"column":88}},"loc":{"start":{"line":234,"column":108},"end":{"line":246,"column":1}}},"12":{"name":"(anonymous_12)","decl":{"start":{"line":248,"column":68},"end":{"line":248,"column":73}},"loc":{"start":{"line":248,"column":93},"end":{"line":259,"column":1}}},"13":{"name":"(anonymous_13)","decl":{"start":{"line":261,"column":58},"end":{"line":261,"column":63}},"loc":{"start":{"line":261,"column":83},"end":{"line":269,"column":1}}}},"branchMap":{"0":{"loc":{"start":{"line":34,"column":4},"end":{"line":36,"column":5}},"type":"if","locations":[{"start":{"line":34,"column":4},"end":{"line":36,"column":5}},{"start":{},"end":{}}]},"1":{"loc":{"start":{"line":34,"column":8},"end":{"line":34,"column":64}},"type":"binary-expr","locations":[{"start":{"line":34,"column":8},"end":{"line":34,"column":24}},{"start":{"line":34,"column":28},"end":{"line":34,"column":64}}]},"2":{"loc":{"start":{"line":38,"column":4},"end":{"line":40,"column":5}},"type":"if","locations":[{"start":{"line":38,"column":4},"end":{"line":40,"column":5}},{"start":{},"end":{}}]},"3":{"loc":{"start":{"line":38,"column":8},"end":{"line":38,"column":42}},"type":"binary-expr","locations":[{"start":{"line":38,"column":8},"end":{"line":38,"column":13}},{"start":{"line":38,"column":17},"end":{"line":38,"column":42}}]},"4":{"loc":{"start":{"line":42,"column":4},"end":{"line":44,"column":5}},"type":"if","locations":[{"start":{"line":42,"column":4},"end":{"line":44,"column":5}},{"start":{},"end":{}}]},"5":{"loc":{"start":{"line":42,"column":8},"end":{"line":42,"column":60}},"type":"binary-expr","locations":[{"start":{"line":42,"column":8},"end":{"line":42,"column":22}},{"start":{"line":42,"column":26},"end":{"line":42,"column":60}}]},"6":{"loc":{"start":{"line":46,"column":4},"end":{"line":48,"column":5}},"type":"if","locations":[{"start":{"line":46,"column":4},"end":{"line":48,"column":5}},{"start":{},"end":{}}]},"7":{"loc":{"start":{"line":46,"column":8},"end":{"line":46,"column":50}},"type":"binary-expr","locations":[{"start":{"line":46,"column":8},"end":{"line":46,"column":16}},{"start":{"line":46,"column":20},"end":{"line":46,"column":27}},{"start":{"line":46,"column":31},"end":{"line":46,"column":40}},{"start":{"line":46,"column":44},"end":{"line":46,"column":50}}]},"8":{"loc":{"start":{"line":50,"column":4},"end":{"line":52,"column":5}},"type":"if","locations":[{"start":{"line":50,"column":4},"end":{"line":52,"column":5}},{"start":{},"end":{}}]},"9":{"loc":{"start":{"line":54,"column":4},"end":{"line":56,"column":5}},"type":"if","locations":[{"start":{"line":54,"column":4},"end":{"line":56,"column":5}},{"start":{},"end":{}}]},"10":{"loc":{"start":{"line":58,"column":4},"end":{"line":60,"column":5}},"type":"if","locations":[{"start":{"line":58,"column":4},"end":{"line":60,"column":5}},{"start":{},"end":{}}]},"11":{"loc":{"start":{"line":58,"column":8},"end":{"line":58,"column":79}},"type":"binary-expr","locations":[{"start":{"line":58,"column":8},"end":{"line":58,"column":24}},{"start":{"line":58,"column":28},"end":{"line":58,"column":42}},{"start":{"line":58,"column":46},"end":{"line":58,"column":79}}]},"12":{"loc":{"start":{"line":62,"column":4},"end":{"line":64,"column":5}},"type":"if","locations":[{"start":{"line":62,"column":4},"end":{"line":64,"column":5}},{"start":{},"end":{}}]},"13":{"loc":{"start":{"line":66,"column":4},"end":{"line":68,"column":5}},"type":"if","locations":[{"start":{"line":66,"column":4},"end":{"line":68,"column":5}},{"start":{},"end":{}}]},"14":{"loc":{"start":{"line":125,"column":8},"end":{"line":127,"column":9}},"type":"if","locations":[{"start":{"line":125,"column":8},"end":{"line":127,"column":9}},{"start":{},"end":{}}]},"15":{"loc":{"start":{"line":161,"column":6},"end":{"line":163,"column":7}},"type":"if","locations":[{"start":{"line":161,"column":6},"end":{"line":163,"column":7}},{"start":{},"end":{}}]},"16":{"loc":{"start":{"line":191,"column":6},"end":{"line":195,"column":7}},"type":"if","locations":[{"start":{"line":191,"column":6},"end":{"line":195,"column":7}},{"start":{"line":193,"column":13},"end":{"line":195,"column":7}}]},"17":{"loc":{"start":{"line":193,"column":13},"end":{"line":195,"column":7}},"type":"if","locations":[{"start":{"line":193,"column":13},"end":{"line":195,"column":7}},{"start":{},"end":{}}]},"18":{"loc":{"start":{"line":212,"column":8},"end":{"line":214,"column":9}},"type":"if","locations":[{"start":{"line":212,"column":8},"end":{"line":214,"column":9}},{"start":{},"end":{}}]},"19":{"loc":{"start":{"line":212,"column":12},"end":{"line":212,"column":76}},"type":"binary-expr","locations":[{"start":{"line":212,"column":12},"end":{"line":212,"column":20}},{"start":{"line":212,"column":24},"end":{"line":212,"column":51}},{"start":{"line":212,"column":55},"end":{"line":212,"column":76}}]},"20":{"loc":{"start":{"line":237,"column":8},"end":{"line":240,"column":9}},"type":"if","locations":[{"start":{"line":237,"column":8},"end":{"line":240,"column":9}},{"start":{},"end":{}}]}},"s":{"0":6,"1":6,"2":6,"3":6,"4":6,"5":6,"6":6,"7":6,"8":6,"9":6,"10":15,"11":15,"12":15,"13":2,"14":15,"15":1,"16":15,"17":0,"18":15,"19":2,"20":13,"21":2,"22":13,"23":2,"24":13,"25":1,"26":12,"27":2,"28":11,"29":3,"30":10,"31":6,"32":3,"33":3,"34":3,"35":3,"36":2,"37":6,"38":15,"39":15,"40":10,"41":10,"42":5,"43":6,"44":0,"45":0,"46":0,"47":0,"48":6,"49":7,"50":7,"51":6,"52":4,"53":3,"54":6,"55":15,"56":15,"57":14,"58":14,"59":9,"60":2,"61":8,"62":7,"63":8,"64":6,"65":23,"66":23,"67":23,"68":23,"69":23,"70":0,"71":6,"72":21,"73":21,"74":21,"75":21,"76":21,"77":0,"78":21,"79":21,"80":19,"81":2,"82":6,"83":19,"84":19,"85":17,"86":17,"87":9,"88":9,"89":9,"90":4,"91":5,"92":5,"93":7,"94":12,"95":6,"96":19,"97":19,"98":19,"99":19,"100":19,"101":1,"102":18,"103":7,"104":6,"105":3,"106":3,"107":3,"108":3,"109":0,"110":6,"111":15,"112":15,"113":15,"114":1,"115":1,"116":14,"117":13,"118":6,"119":6,"120":0,"121":0,"122":0,"123":0,"124":0,"125":0,"126":6,"127":0,"128":0,"129":0,"130":0,"131":0,"132":6},"f":{"0":15,"1":3,"2":15,"3":0,"4":7,"5":15,"6":23,"7":21,"8":19,"9":19,"10":3,"11":15,"12":0,"13":0},"b":{"0":[2,13],"1":[15,2],"2":[1,14],"3":[15,1],"4":[0,15],"5":[15,0],"6":[2,13],"7":[15,3,14,12],"8":[2,11],"9":[2,11],"10":[1,12],"11":[13,2,2],"12":[2,10],"13":[3,8],"14":[2,7],"15":[0,21],"16":[4,5],"17":[5,0],"18":[1,18],"19":[19,18,18],"20":[1,14]}}
,"C:\\Users\\Utente\\OneDrive - Politecnico di Torino\\Universita\\Magistrale\\Secondo Anno\\Software_Engineering_2\\MainProject\\SE25-Participium\\Backend\\src\\routes\\staffRoutes.ts": {"path":"C:\\Users\\Utente\\OneDrive - Politecnico di Torino\\Universita\\Magistrale\\Secondo Anno\\Software_Engineering_2\\MainProject\\SE25-Participium\\Backend\\src\\routes\\staffRoutes.ts","statementMap":{"0":{"start":{"line":1,"column":0},"end":{"line":1,"column":31}},"1":{"start":{"line":2,"column":0},"end":{"line":2,"column":60}},"2":{"start":{"line":3,"column":0},"end":{"line":3,"column":40}},"3":{"start":{"line":4,"column":0},"end":{"line":4,"column":84}},"4":{"start":{"line":5,"column":0},"end":{"line":5,"column":63}},"5":{"start":{"line":7,"column":15},"end":{"line":7,"column":23}},"6":{"start":{"line":9,"column":0},"end":{"line":9,"column":null}},"7":{"start":{"line":11,"column":0},"end":{"line":11,"column":null}},"8":{"start":{"line":13,"column":0},"end":{"line":17,"column":2}},"9":{"start":{"line":16,"column":24},"end":{"line":16,"column":58}},"10":{"start":{"line":19,"column":0},"end":{"line":23,"column":2}},"11":{"start":{"line":22,"column":18},"end":{"line":22,"column":38}},"12":{"start":{"line":25,"column":0},"end":{"line":25,"column":22}}},"fnMap":{"0":{"name":"(anonymous_0)","decl":{"start":{"line":16,"column":4},"end":{"line":16,"column":5}},"loc":{"start":{"line":16,"column":24},"end":{"line":16,"column":58}}},"1":{"name":"(anonymous_1)","decl":{"start":{"line":22,"column":4},"end":{"line":22,"column":5}},"loc":{"start":{"line":22,"column":18},"end":{"line":22,"column":38}}}},"branchMap":{},"s":{"0":5,"1":5,"2":5,"3":5,"4":5,"5":5,"6":5,"7":5,"8":5,"9":43,"10":5,"11":0,"12":5},"f":{"0":43,"1":0},"b":{}}
,"C:\\Users\\Utente\\OneDrive - Politecnico di Torino\\Universita\\Magistrale\\Secondo Anno\\Software_Engineering_2\\MainProject\\SE25-Participium\\Backend\\src\\services\\errorService.ts": {"path":"C:\\Users\\Utente\\OneDrive - Politecnico di Torino\\Universita\\Magistrale\\Secondo Anno\\Software_Engineering_2\\MainProject\\SE25-Participium\\Backend\\src\\services\\errorService.ts","statementMap":{"0":{"start":{"line":6,"column":0},"end":{"line":6,"column":16}},"1":{"start":{"line":2,"column":0},"end":{"line":2,"column":44}},"2":{"start":{"line":3,"column":0},"end":{"line":3,"column":52}},"3":{"start":{"line":4,"column":0},"end":{"line":4,"column":57}},"4":{"start":{"line":7,"column":29},"end":{"line":10,"column":null}},"5":{"start":{"line":13,"column":2},"end":{"line":13,"column":16}},"6":{"start":{"line":14,"column":2},"end":{"line":16,"column":4}},"7":{"start":{"line":18,"column":2},"end":{"line":23,"column":3}},"8":{"start":{"line":22,"column":4},"end":{"line":22,"column":67}},"9":{"start":{"line":25,"column":2},"end":{"line":25,"column":20}}},"fnMap":{"0":{"name":"createAppError","decl":{"start":{"line":6,"column":16},"end":{"line":6,"column":30}},"loc":{"start":{"line":6,"column":39},"end":{"line":26,"column":1}}}},"branchMap":{"0":{"loc":{"start":{"line":9,"column":4},"end":{"line":9,"column":43}},"type":"binary-expr","locations":[{"start":{"line":9,"column":4},"end":{"line":9,"column":16}},{"start":{"line":9,"column":20},"end":{"line":9,"column":43}}]},"1":{"loc":{"start":{"line":15,"column":44},"end":{"line":15,"column":83}},"type":"binary-expr","locations":[{"start":{"line":15,"column":44},"end":{"line":15,"column":54}},{"start":{"line":15,"column":58},"end":{"line":15,"column":83}}]},"2":{"loc":{"start":{"line":18,"column":2},"end":{"line":23,"column":3}},"type":"if","locations":[{"start":{"line":18,"column":2},"end":{"line":23,"column":3}},{"start":{},"end":{}}]},"3":{"loc":{"start":{"line":19,"column":4},"end":{"line":20,"column":50}},"type":"binary-expr","locations":[{"start":{"line":19,"column":4},"end":{"line":19,"column":27}},{"start":{"line":20,"column":5},"end":{"line":20,"column":15}},{"start":{"line":20,"column":19},"end":{"line":20,"column":49}}]}},"s":{"0":8,"1":8,"2":8,"3":8,"4":58,"5":58,"6":58,"7":58,"8":58,"9":58},"f":{"0":58},"b":{"0":[58,0],"1":[58,0],"2":[58,0],"3":[58,0,0]}}
,"C:\\Users\\Utente\\OneDrive - Politecnico di Torino\\Universita\\Magistrale\\Secondo Anno\\Software_Engineering_2\\MainProject\\SE25-Participium\\Backend\\src\\services\\mapperService.ts": {"path":"C:\\Users\\Utente\\OneDrive - Politecnico di Torino\\Universita\\Magistrale\\Secondo Anno\\Software_Engineering_2\\MainProject\\SE25-Participium\\Backend\\src\\services\\mapperService.ts","statementMap":{"0":{"start":{"line":16,"column":0},"end":{"line":16,"column":16}},"1":{"start":{"line":41,"column":0},"end":{"line":41,"column":16}},"2":{"start":{"line":53,"column":0},"end":{"line":53,"column":16}},"3":{"start":{"line":63,"column":0},"end":{"line":63,"column":16}},"4":{"start":{"line":75,"column":0},"end":{"line":75,"column":16}},"5":{"start":{"line":96,"column":0},"end":{"line":96,"column":16}},"6":{"start":{"line":109,"column":0},"end":{"line":109,"column":16}},"7":{"start":{"line":21,"column":2},"end":{"line":25,"column":17}},"8":{"start":{"line":29,"column":2},"end":{"line":36,"column":18}},"9":{"start":{"line":32,"column":8},"end":{"line":34,"column":51}},"10":{"start":{"line":42,"column":2},"end":{"line":50,"column":19}},"11":{"start":{"line":54,"column":2},"end":{"line":60,"column":17}},"12":{"start":{"line":59,"column":43},"end":{"line":59,"column":49}},"13":{"start":{"line":64,"column":2},"end":{"line":70,"column":18}},"14":{"start":{"line":69,"column":46},"end":{"line":69,"column":70}},"15":{"start":{"line":76,"column":2},"end":{"line":91,"column":20}},"16":{"start":{"line":97,"column":4},"end":{"line":106,"column":6}},"17":{"start":{"line":110,"column":4},"end":{"line":115,"column":21}}},"fnMap":{"0":{"name":"createErrorDTO","decl":{"start":{"line":16,"column":16},"end":{"line":16,"column":30}},"loc":{"start":{"line":19,"column":15},"end":{"line":26,"column":1}}},"1":{"name":"removeNullAttributes","decl":{"start":{"line":28,"column":9},"end":{"line":28,"column":29}},"loc":{"start":{"line":28,"column":54},"end":{"line":37,"column":1}}},"2":{"name":"(anonymous_2)","decl":{"start":{"line":31,"column":6},"end":{"line":31,"column":7}},"loc":{"start":{"line":32,"column":8},"end":{"line":34,"column":51}}},"3":{"name":"mapCitizenDAOToDTO","decl":{"start":{"line":41,"column":16},"end":{"line":41,"column":34}},"loc":{"start":{"line":41,"column":57},"end":{"line":51,"column":1}}},"4":{"name":"mapStaffDAOToDTO","decl":{"start":{"line":53,"column":16},"end":{"line":53,"column":32}},"loc":{"start":{"line":53,"column":51},"end":{"line":61,"column":1}}},"5":{"name":"(anonymous_5)","decl":{"start":{"line":59,"column":38},"end":{"line":59,"column":39}},"loc":{"start":{"line":59,"column":43},"end":{"line":59,"column":49}}},"6":{"name":"mapOfficeDAOToDTO","decl":{"start":{"line":63,"column":16},"end":{"line":63,"column":33}},"loc":{"start":{"line":63,"column":54},"end":{"line":71,"column":1}}},"7":{"name":"(anonymous_7)","decl":{"start":{"line":69,"column":36},"end":{"line":69,"column":42}},"loc":{"start":{"line":69,"column":46},"end":{"line":69,"column":70}}},"8":{"name":"mapReportDAOToDTO","decl":{"start":{"line":75,"column":16},"end":{"line":75,"column":33}},"loc":{"start":{"line":75,"column":54},"end":{"line":92,"column":1}}},"9":{"name":"mapNotificationDAOToDTO","decl":{"start":{"line":96,"column":16},"end":{"line":96,"column":39}},"loc":{"start":{"line":96,"column":60},"end":{"line":107,"column":1}}},"10":{"name":"mapMessageToDTO","decl":{"start":{"line":109,"column":16},"end":{"line":109,"column":31}},"loc":{"start":{"line":109,"column":54},"end":{"line":116,"column":1}}}},"branchMap":{"0":{"loc":{"start":{"line":32,"column":8},"end":{"line":34,"column":51}},"type":"binary-expr","locations":[{"start":{"line":32,"column":8},"end":{"line":32,"column":22}},{"start":{"line":33,"column":8},"end":{"line":33,"column":27}},{"start":{"line":34,"column":9},"end":{"line":34,"column":30}},{"start":{"line":34,"column":34},"end":{"line":34,"column":50}}]},"1":{"loc":{"start":{"line":78,"column":25},"end":{"line":78,"column":86}},"type":"cond-expr","locations":[{"start":{"line":78,"column":47},"end":{"line":78,"column":56}},{"start":{"line":78,"column":59},"end":{"line":78,"column":86}}]}},"s":{"0":14,"1":14,"2":14,"3":14,"4":14,"5":14,"6":14,"7":116,"8":601,"9":3968,"10":97,"11":239,"12":257,"13":0,"14":0,"15":115,"16":3,"17":34},"f":{"0":116,"1":601,"2":3968,"3":97,"4":239,"5":257,"6":0,"7":0,"8":115,"9":3,"10":34},"b":{"0":[3968,3689,3451,493],"1":[4,111]}}
}
