{"C:\\Users\\Utente\\OneDrive - Politecnico di Torino\\Universita\\Magistrale\\Secondo Anno\\Software_Engineering_2\\MainProject\\SE25-Participium\\Backend\\src\\app.ts": {"path":"C:\\Users\\Utente\\OneDrive - Politecnico di Torino\\Universita\\Magistrale\\Secondo Anno\\Software_Engineering_2\\MainProject\\SE25-Participium\\Backend\\src\\app.ts","statementMap":{"0":{"start":{"line":1,"column":0},"end":{"line":1,"column":30}},"1":{"start":{"line":2,"column":0},"end":{"line":2,"column":33}},"2":{"start":{"line":3,"column":0},"end":{"line":3,"column":60}},"3":{"start":{"line":4,"column":0},"end":{"line":4,"column":24}},"4":{"start":{"line":5,"column":0},"end":{"line":5,"column":29}},"5":{"start":{"line":6,"column":0},"end":{"line":6,"column":53}},"6":{"start":{"line":7,"column":0},"end":{"line":7,"column":46}},"7":{"start":{"line":8,"column":0},"end":{"line":8,"column":50}},"8":{"start":{"line":9,"column":0},"end":{"line":9,"column":48}},"9":{"start":{"line":10,"column":0},"end":{"line":10,"column":48}},"10":{"start":{"line":11,"column":0},"end":{"line":11,"column":60}},"11":{"start":{"line":12,"column":0},"end":{"line":12,"column":26}},"12":{"start":{"line":13,"column":0},"end":{"line":13,"column":38}},"13":{"start":{"line":14,"column":0},"end":{"line":14,"column":32}},"14":{"start":{"line":15,"column":0},"end":{"line":15,"column":53}},"15":{"start":{"line":17,"column":13},"end":{"line":17,"column":29}},"16":{"start":{"line":20,"column":0},"end":{"line":20,"column":75}},"17":{"start":{"line":23,"column":0},"end":{"line":23,"column":24}},"18":{"start":{"line":24,"column":0},"end":{"line":28,"column":4}},"19":{"start":{"line":31,"column":0},"end":{"line":41,"column":4}},"20":{"start":{"line":44,"column":0},"end":{"line":44,"column":31}},"21":{"start":{"line":45,"column":0},"end":{"line":45,"column":28}},"22":{"start":{"line":46,"column":0},"end":{"line":46,"column":20}},"23":{"start":{"line":59,"column":0},"end":{"line":59,"column":53}},"24":{"start":{"line":60,"column":0},"end":{"line":60,"column":46}},"25":{"start":{"line":61,"column":0},"end":{"line":61,"column":50}},"26":{"start":{"line":62,"column":0},"end":{"line":62,"column":48}},"27":{"start":{"line":63,"column":0},"end":{"line":63,"column":48}},"28":{"start":{"line":64,"column":0},"end":{"line":64,"column":60}},"29":{"start":{"line":66,"column":0},"end":{"line":68,"column":3}},"30":{"start":{"line":67,"column":4},"end":{"line":67,"column":19}},"31":{"start":{"line":71,"column":0},"end":{"line":71,"column":22}}},"fnMap":{"0":{"name":"(anonymous_1)","decl":{"start":{"line":66,"column":23},"end":{"line":66,"column":24}},"loc":{"start":{"line":66,"column":36},"end":{"line":68,"column":1}}}},"branchMap":{"0":{"loc":{"start":{"line":32,"column":12},"end":{"line":32,"column":71}},"type":"binary-expr","locations":[{"start":{"line":32,"column":12},"end":{"line":32,"column":38}},{"start":{"line":32,"column":42},"end":{"line":32,"column":71}}]}},"s":{"0":5,"1":5,"2":5,"3":5,"4":5,"5":5,"6":5,"7":5,"8":5,"9":5,"10":5,"11":5,"12":5,"13":5,"14":5,"15":5,"16":5,"17":5,"18":5,"19":5,"20":5,"21":5,"22":5,"23":5,"24":5,"25":5,"26":5,"27":5,"28":5,"29":5,"30":0,"31":5},"f":{"0":0},"b":{"0":[5,0]}}
,"C:\\Users\\Utente\\OneDrive - Politecnico di Torino\\Universita\\Magistrale\\Secondo Anno\\Software_Engineering_2\\MainProject\\SE25-Participium\\Backend\\src\\utils.ts": {"path":"C:\\Users\\Utente\\OneDrive - Politecnico di Torino\\Universita\\Magistrale\\Secondo Anno\\Software_Engineering_2\\MainProject\\SE25-Participium\\Backend\\src\\utils.ts","statementMap":{"0":{"start":{"line":12,"column":0},"end":{"line":12,"column":16}},"1":{"start":{"line":24,"column":0},"end":{"line":24,"column":16}},"2":{"start":{"line":34,"column":0},"end":{"line":34,"column":16}},"3":{"start":{"line":42,"column":0},"end":{"line":42,"column":16}},"4":{"start":{"line":83,"column":0},"end":{"line":83,"column":16}},"5":{"start":{"line":91,"column":0},"end":{"line":91,"column":16}},"6":{"start":{"line":101,"column":0},"end":{"line":101,"column":16}},"7":{"start":{"line":109,"column":0},"end":{"line":109,"column":16}},"8":{"start":{"line":117,"column":0},"end":{"line":117,"column":16}},"9":{"start":{"line":1,"column":0},"end":{"line":1,"column":61}},"10":{"start":{"line":2,"column":0},"end":{"line":2,"column":61}},"11":{"start":{"line":3,"column":0},"end":{"line":3,"column":50}},"12":{"start":{"line":4,"column":0},"end":{"line":4,"column":49}},"13":{"start":{"line":5,"column":0},"end":{"line":5,"column":56}},"14":{"start":{"line":6,"column":0},"end":{"line":6,"column":46}},"15":{"start":{"line":7,"column":0},"end":{"line":7,"column":54}},"16":{"start":{"line":8,"column":0},"end":{"line":8,"column":35}},"17":{"start":{"line":9,"column":0},"end":{"line":9,"column":74}},"18":{"start":{"line":17,"column":15},"end":{"line":17,"column":36}},"19":{"start":{"line":18,"column":2},"end":{"line":20,"column":3}},"20":{"start":{"line":19,"column":4},"end":{"line":19,"column":42}},"21":{"start":{"line":21,"column":2},"end":{"line":21,"column":14}},"22":{"start":{"line":29,"column":2},"end":{"line":31,"column":3}},"23":{"start":{"line":30,"column":4},"end":{"line":30,"column":42}},"24":{"start":{"line":35,"column":24},"end":{"line":35,"column":52}},"25":{"start":{"line":36,"column":4},"end":{"line":38,"column":5}},"26":{"start":{"line":37,"column":8},"end":{"line":37,"column":53}},"27":{"start":{"line":39,"column":4},"end":{"line":39,"column":54}},"28":{"start":{"line":48,"column":2},"end":{"line":50,"column":3}},"29":{"start":{"line":49,"column":6},"end":{"line":49,"column":55}},"30":{"start":{"line":52,"column":24},"end":{"line":52,"column":46}},"31":{"start":{"line":54,"column":58},"end":{"line":60,"column":4}},"32":{"start":{"line":62,"column":2},"end":{"line":64,"column":3}},"33":{"start":{"line":63,"column":4},"end":{"line":63,"column":61}},"34":{"start":{"line":66,"column":2},"end":{"line":72,"column":3}},"35":{"start":{"line":67,"column":4},"end":{"line":68,"column":87}},"36":{"start":{"line":68,"column":6},"end":{"line":68,"column":87}},"37":{"start":{"line":70,"column":4},"end":{"line":71,"column":82}},"38":{"start":{"line":71,"column":6},"end":{"line":71,"column":82}},"39":{"start":{"line":74,"column":2},"end":{"line":78,"column":3}},"40":{"start":{"line":75,"column":4},"end":{"line":77,"column":5}},"41":{"start":{"line":76,"column":6},"end":{"line":76,"column":87}},"42":{"start":{"line":80,"column":2},"end":{"line":80,"column":23}},"43":{"start":{"line":84,"column":26},"end":{"line":84,"column":56}},"44":{"start":{"line":85,"column":4},"end":{"line":87,"column":5}},"45":{"start":{"line":86,"column":8},"end":{"line":86,"column":62}},"46":{"start":{"line":88,"column":4},"end":{"line":88,"column":72}},"47":{"start":{"line":92,"column":4},"end":{"line":98,"column":5}},"48":{"start":{"line":93,"column":8},"end":{"line":93,"column":20}},"49":{"start":{"line":94,"column":11},"end":{"line":98,"column":5}},"50":{"start":{"line":95,"column":8},"end":{"line":95,"column":21}},"51":{"start":{"line":97,"column":8},"end":{"line":97,"column":25}},"52":{"start":{"line":102,"column":15},"end":{"line":102,"column":31}},"53":{"start":{"line":103,"column":4},"end":{"line":105,"column":5}},"54":{"start":{"line":104,"column":8},"end":{"line":104,"column":55}},"55":{"start":{"line":106,"column":4},"end":{"line":106,"column":14}},"56":{"start":{"line":110,"column":17},"end":{"line":110,"column":42}},"57":{"start":{"line":111,"column":4},"end":{"line":113,"column":5}},"58":{"start":{"line":112,"column":8},"end":{"line":112,"column":66}},"59":{"start":{"line":114,"column":4},"end":{"line":114,"column":16}},"60":{"start":{"line":118,"column":4},"end":{"line":126,"column":5}},"61":{"start":{"line":119,"column":29},"end":{"line":119,"column":82}},"62":{"start":{"line":120,"column":22},"end":{"line":120,"column":44}},"63":{"start":{"line":122,"column":8},"end":{"line":122,"column":63}},"64":{"start":{"line":124,"column":8},"end":{"line":124,"column":65}},"65":{"start":{"line":125,"column":8},"end":{"line":125,"column":21}},"66":{"start":{"line":129,"column":38},"end":{"line":155,"column":1}},"67":{"start":{"line":130,"column":47},"end":{"line":130,"column":49}},"68":{"start":{"line":132,"column":4},"end":{"line":134,"column":5}},"69":{"start":{"line":133,"column":8},"end":{"line":133,"column":63}},"70":{"start":{"line":136,"column":4},"end":{"line":138,"column":5}},"71":{"start":{"line":137,"column":8},"end":{"line":137,"column":38}},"72":{"start":{"line":140,"column":4},"end":{"line":142,"column":5}},"73":{"start":{"line":141,"column":8},"end":{"line":141,"column":49}},"74":{"start":{"line":144,"column":4},"end":{"line":146,"column":5}},"75":{"start":{"line":145,"column":8},"end":{"line":145,"column":42}},"76":{"start":{"line":148,"column":4},"end":{"line":150,"column":5}},"77":{"start":{"line":149,"column":8},"end":{"line":149,"column":67}},"78":{"start":{"line":152,"column":4},"end":{"line":152,"column":57}},"79":{"start":{"line":154,"column":4},"end":{"line":154,"column":56}},"80":{"start":{"line":129,"column":13},"end":{"line":129,"column":38}},"81":{"start":{"line":157,"column":35},"end":{"line":178,"column":1}},"82":{"start":{"line":158,"column":4},"end":{"line":176,"column":5}},"83":{"start":{"line":159,"column":32},"end":{"line":159,"column":70}},"84":{"start":{"line":159,"column":59},"end":{"line":159,"column":69}},"85":{"start":{"line":160,"column":8},"end":{"line":163,"column":49}},"86":{"start":{"line":161,"column":12},"end":{"line":161,"column":22}},"87":{"start":{"line":162,"column":13},"end":{"line":163,"column":49}},"88":{"start":{"line":163,"column":12},"end":{"line":163,"column":49}},"89":{"start":{"line":165,"column":32},"end":{"line":165,"column":104}},"90":{"start":{"line":166,"column":8},"end":{"line":169,"column":47}},"91":{"start":{"line":167,"column":12},"end":{"line":167,"column":22}},"92":{"start":{"line":168,"column":13},"end":{"line":169,"column":47}},"93":{"start":{"line":169,"column":12},"end":{"line":169,"column":47}},"94":{"start":{"line":170,"column":11},"end":{"line":176,"column":5}},"95":{"start":{"line":171,"column":32},"end":{"line":171,"column":82}},"96":{"start":{"line":172,"column":8},"end":{"line":175,"column":47}},"97":{"start":{"line":173,"column":12},"end":{"line":173,"column":22}},"98":{"start":{"line":174,"column":13},"end":{"line":175,"column":47}},"99":{"start":{"line":175,"column":12},"end":{"line":175,"column":47}},"100":{"start":{"line":177,"column":4},"end":{"line":177,"column":17}},"101":{"start":{"line":180,"column":34},"end":{"line":193,"column":1}},"102":{"start":{"line":181,"column":4},"end":{"line":191,"column":5}},"103":{"start":{"line":182,"column":24},"end":{"line":182,"column":38}},"104":{"start":{"line":183,"column":8},"end":{"line":183,"column":47}},"105":{"start":{"line":184,"column":8},"end":{"line":184,"column":50}},"106":{"start":{"line":185,"column":11},"end":{"line":191,"column":5}},"107":{"start":{"line":186,"column":8},"end":{"line":186,"column":53}},"108":{"start":{"line":187,"column":11},"end":{"line":191,"column":5}},"109":{"start":{"line":188,"column":24},"end":{"line":188,"column":38}},"110":{"start":{"line":189,"column":8},"end":{"line":189,"column":47}},"111":{"start":{"line":190,"column":8},"end":{"line":190,"column":45}},"112":{"start":{"line":192,"column":4},"end":{"line":192,"column":21}}},"fnMap":{"0":{"name":"findOrThrowNotFound","decl":{"start":{"line":12,"column":16},"end":{"line":12,"column":35}},"loc":{"start":{"line":15,"column":22},"end":{"line":22,"column":1}}},"1":{"name":"throwConflictIfFound","decl":{"start":{"line":24,"column":16},"end":{"line":24,"column":36}},"loc":{"start":{"line":27,"column":22},"end":{"line":32,"column":1}}},"2":{"name":"validateStatus","decl":{"start":{"line":34,"column":16},"end":{"line":34,"column":30}},"loc":{"start":{"line":34,"column":45},"end":{"line":40,"column":1}}},"3":{"name":"validateStatusByRole","decl":{"start":{"line":42,"column":16},"end":{"line":42,"column":36}},"loc":{"start":{"line":45,"column":20},"end":{"line":81,"column":1}}},"4":{"name":"validateOfficeCategory","decl":{"start":{"line":83,"column":16},"end":{"line":83,"column":38}},"loc":{"start":{"line":83,"column":55},"end":{"line":89,"column":1}}},"5":{"name":"validateIsExternal","decl":{"start":{"line":91,"column":16},"end":{"line":91,"column":34}},"loc":{"start":{"line":91,"column":70},"end":{"line":99,"column":1}}},"6":{"name":"validateReportId","decl":{"start":{"line":101,"column":16},"end":{"line":101,"column":32}},"loc":{"start":{"line":101,"column":50},"end":{"line":107,"column":1}}},"7":{"name":"validateDate","decl":{"start":{"line":109,"column":16},"end":{"line":109,"column":28}},"loc":{"start":{"line":109,"column":64},"end":{"line":115,"column":1}}},"8":{"name":"isWithinTurin","decl":{"start":{"line":117,"column":16},"end":{"line":117,"column":29}},"loc":{"start":{"line":117,"column":54},"end":{"line":127,"column":1}}},"9":{"name":"(anonymous_19)","decl":{"start":{"line":129,"column":38},"end":{"line":129,"column":39}},"loc":{"start":{"line":129,"column":121},"end":{"line":155,"column":1}}},"10":{"name":"(anonymous_20)","decl":{"start":{"line":157,"column":35},"end":{"line":157,"column":36}},"loc":{"start":{"line":157,"column":129},"end":{"line":178,"column":1}}},"11":{"name":"(anonymous_21)","decl":{"start":{"line":159,"column":54},"end":{"line":159,"column":55}},"loc":{"start":{"line":159,"column":59},"end":{"line":159,"column":69}}},"12":{"name":"(anonymous_22)","decl":{"start":{"line":180,"column":34},"end":{"line":180,"column":35}},"loc":{"start":{"line":180,"column":94},"end":{"line":193,"column":1}}}},"branchMap":{"0":{"loc":{"start":{"line":18,"column":2},"end":{"line":20,"column":3}},"type":"if","locations":[{"start":{"line":18,"column":2},"end":{"line":20,"column":3}},{"start":{},"end":{}}]},"1":{"loc":{"start":{"line":29,"column":2},"end":{"line":31,"column":3}},"type":"if","locations":[{"start":{"line":29,"column":2},"end":{"line":31,"column":3}},{"start":{},"end":{}}]},"2":{"loc":{"start":{"line":36,"column":4},"end":{"line":38,"column":5}},"type":"if","locations":[{"start":{"line":36,"column":4},"end":{"line":38,"column":5}},{"start":{},"end":{}}]},"3":{"loc":{"start":{"line":48,"column":2},"end":{"line":50,"column":3}},"type":"if","locations":[{"start":{"line":48,"column":2},"end":{"line":50,"column":3}},{"start":{},"end":{}}]},"4":{"loc":{"start":{"line":62,"column":2},"end":{"line":64,"column":3}},"type":"if","locations":[{"start":{"line":62,"column":2},"end":{"line":64,"column":3}},{"start":{},"end":{}}]},"5":{"loc":{"start":{"line":66,"column":2},"end":{"line":72,"column":3}},"type":"if","locations":[{"start":{"line":66,"column":2},"end":{"line":72,"column":3}},{"start":{},"end":{}}]},"6":{"loc":{"start":{"line":67,"column":4},"end":{"line":68,"column":87}},"type":"if","locations":[{"start":{"line":67,"column":4},"end":{"line":68,"column":87}},{"start":{},"end":{}}]},"7":{"loc":{"start":{"line":67,"column":7},"end":{"line":67,"column":89}},"type":"binary-expr","locations":[{"start":{"line":67,"column":8},"end":{"line":67,"column":40}},{"start":{"line":67,"column":44},"end":{"line":67,"column":77}},{"start":{"line":67,"column":82},"end":{"line":67,"column":89}}]},"8":{"loc":{"start":{"line":70,"column":4},"end":{"line":71,"column":82}},"type":"if","locations":[{"start":{"line":70,"column":4},"end":{"line":71,"column":82}},{"start":{},"end":{}}]},"9":{"loc":{"start":{"line":70,"column":8},"end":{"line":70,"column":53}},"type":"binary-expr","locations":[{"start":{"line":70,"column":8},"end":{"line":70,"column":41}},{"start":{"line":70,"column":45},"end":{"line":70,"column":53}}]},"10":{"loc":{"start":{"line":74,"column":2},"end":{"line":78,"column":3}},"type":"if","locations":[{"start":{"line":74,"column":2},"end":{"line":78,"column":3}},{"start":{},"end":{}}]},"11":{"loc":{"start":{"line":74,"column":6},"end":{"line":74,"column":54}},"type":"binary-expr","locations":[{"start":{"line":74,"column":6},"end":{"line":74,"column":29}},{"start":{"line":74,"column":33},"end":{"line":74,"column":54}}]},"12":{"loc":{"start":{"line":75,"column":4},"end":{"line":77,"column":5}},"type":"if","locations":[{"start":{"line":75,"column":4},"end":{"line":77,"column":5}},{"start":{},"end":{}}]},"13":{"loc":{"start":{"line":75,"column":8},"end":{"line":75,"column":52}},"type":"binary-expr","locations":[{"start":{"line":75,"column":8},"end":{"line":75,"column":41}},{"start":{"line":75,"column":45},"end":{"line":75,"column":52}}]},"14":{"loc":{"start":{"line":85,"column":4},"end":{"line":87,"column":5}},"type":"if","locations":[{"start":{"line":85,"column":4},"end":{"line":87,"column":5}},{"start":{},"end":{}}]},"15":{"loc":{"start":{"line":92,"column":4},"end":{"line":98,"column":5}},"type":"if","locations":[{"start":{"line":92,"column":4},"end":{"line":98,"column":5}},{"start":{"line":94,"column":11},"end":{"line":98,"column":5}}]},"16":{"loc":{"start":{"line":94,"column":11},"end":{"line":98,"column":5}},"type":"if","locations":[{"start":{"line":94,"column":11},"end":{"line":98,"column":5}},{"start":{"line":96,"column":11},"end":{"line":98,"column":5}}]},"17":{"loc":{"start":{"line":103,"column":4},"end":{"line":105,"column":5}},"type":"if","locations":[{"start":{"line":103,"column":4},"end":{"line":105,"column":5}},{"start":{},"end":{}}]},"18":{"loc":{"start":{"line":103,"column":8},"end":{"line":103,"column":60}},"type":"binary-expr","locations":[{"start":{"line":103,"column":8},"end":{"line":103,"column":24}},{"start":{"line":103,"column":28},"end":{"line":103,"column":49}},{"start":{"line":103,"column":53},"end":{"line":103,"column":60}}]},"19":{"loc":{"start":{"line":111,"column":4},"end":{"line":113,"column":5}},"type":"if","locations":[{"start":{"line":111,"column":4},"end":{"line":113,"column":5}},{"start":{},"end":{}}]},"20":{"loc":{"start":{"line":132,"column":4},"end":{"line":134,"column":5}},"type":"if","locations":[{"start":{"line":132,"column":4},"end":{"line":134,"column":5}},{"start":{},"end":{}}]},"21":{"loc":{"start":{"line":136,"column":4},"end":{"line":138,"column":5}},"type":"if","locations":[{"start":{"line":136,"column":4},"end":{"line":138,"column":5}},{"start":{},"end":{}}]},"22":{"loc":{"start":{"line":140,"column":4},"end":{"line":142,"column":5}},"type":"if","locations":[{"start":{"line":140,"column":4},"end":{"line":142,"column":5}},{"start":{},"end":{}}]},"23":{"loc":{"start":{"line":144,"column":4},"end":{"line":146,"column":5}},"type":"if","locations":[{"start":{"line":144,"column":4},"end":{"line":146,"column":5}},{"start":{},"end":{}}]},"24":{"loc":{"start":{"line":148,"column":4},"end":{"line":150,"column":5}},"type":"if","locations":[{"start":{"line":148,"column":4},"end":{"line":150,"column":5}},{"start":{},"end":{}}]},"25":{"loc":{"start":{"line":158,"column":4},"end":{"line":176,"column":5}},"type":"if","locations":[{"start":{"line":158,"column":4},"end":{"line":176,"column":5}},{"start":{"line":170,"column":11},"end":{"line":176,"column":5}}]},"26":{"loc":{"start":{"line":160,"column":8},"end":{"line":163,"column":49}},"type":"if","locations":[{"start":{"line":160,"column":8},"end":{"line":163,"column":49}},{"start":{"line":162,"column":13},"end":{"line":163,"column":49}}]},"27":{"loc":{"start":{"line":160,"column":12},"end":{"line":160,"column":89}},"type":"binary-expr","locations":[{"start":{"line":160,"column":12},"end":{"line":160,"column":26}},{"start":{"line":160,"column":30},"end":{"line":160,"column":89}}]},"28":{"loc":{"start":{"line":162,"column":13},"end":{"line":163,"column":49}},"type":"if","locations":[{"start":{"line":162,"column":13},"end":{"line":163,"column":49}},{"start":{},"end":{}}]},"29":{"loc":{"start":{"line":166,"column":8},"end":{"line":169,"column":47}},"type":"if","locations":[{"start":{"line":166,"column":8},"end":{"line":169,"column":47}},{"start":{"line":168,"column":13},"end":{"line":169,"column":47}}]},"30":{"loc":{"start":{"line":166,"column":12},"end":{"line":166,"column":77}},"type":"binary-expr","locations":[{"start":{"line":166,"column":12},"end":{"line":166,"column":24}},{"start":{"line":166,"column":28},"end":{"line":166,"column":77}}]},"31":{"loc":{"start":{"line":168,"column":13},"end":{"line":169,"column":47}},"type":"if","locations":[{"start":{"line":168,"column":13},"end":{"line":169,"column":47}},{"start":{},"end":{}}]},"32":{"loc":{"start":{"line":170,"column":11},"end":{"line":176,"column":5}},"type":"if","locations":[{"start":{"line":170,"column":11},"end":{"line":176,"column":5}},{"start":{},"end":{}}]},"33":{"loc":{"start":{"line":172,"column":8},"end":{"line":175,"column":47}},"type":"if","locations":[{"start":{"line":172,"column":8},"end":{"line":175,"column":47}},{"start":{"line":174,"column":13},"end":{"line":175,"column":47}}]},"34":{"loc":{"start":{"line":172,"column":12},"end":{"line":172,"column":77}},"type":"binary-expr","locations":[{"start":{"line":172,"column":12},"end":{"line":172,"column":24}},{"start":{"line":172,"column":28},"end":{"line":172,"column":77}}]},"35":{"loc":{"start":{"line":174,"column":13},"end":{"line":175,"column":47}},"type":"if","locations":[{"start":{"line":174,"column":13},"end":{"line":175,"column":47}},{"start":{},"end":{}}]},"36":{"loc":{"start":{"line":181,"column":4},"end":{"line":191,"column":5}},"type":"if","locations":[{"start":{"line":181,"column":4},"end":{"line":191,"column":5}},{"start":{"line":185,"column":11},"end":{"line":191,"column":5}}]},"37":{"loc":{"start":{"line":181,"column":8},"end":{"line":181,"column":44}},"type":"binary-expr","locations":[{"start":{"line":181,"column":8},"end":{"line":181,"column":25}},{"start":{"line":181,"column":29},"end":{"line":181,"column":44}}]},"38":{"loc":{"start":{"line":185,"column":11},"end":{"line":191,"column":5}},"type":"if","locations":[{"start":{"line":185,"column":11},"end":{"line":191,"column":5}},{"start":{"line":187,"column":11},"end":{"line":191,"column":5}}]},"39":{"loc":{"start":{"line":187,"column":11},"end":{"line":191,"column":5}},"type":"if","locations":[{"start":{"line":187,"column":11},"end":{"line":191,"column":5}},{"start":{},"end":{}}]}},"s":{"0":24,"1":24,"2":24,"3":24,"4":24,"5":24,"6":24,"7":24,"8":24,"9":24,"10":24,"11":24,"12":24,"13":24,"14":24,"15":24,"16":24,"17":24,"18":359,"19":359,"20":6,"21":353,"22":57,"23":6,"24":30,"25":30,"26":4,"27":26,"28":31,"29":3,"30":28,"31":25,"32":25,"33":3,"34":22,"35":11,"36":1,"37":10,"38":1,"39":20,"40":11,"41":2,"42":18,"43":12,"44":12,"45":3,"46":9,"47":12,"48":3,"49":9,"50":2,"51":7,"52":114,"53":114,"54":6,"55":108,"56":6,"57":6,"58":0,"59":6,"60":25,"61":25,"62":25,"63":24,"64":1,"65":1,"66":24,"67":24,"68":24,"69":8,"70":24,"71":2,"72":24,"73":2,"74":24,"75":3,"76":24,"77":0,"78":24,"79":24,"80":24,"81":24,"82":24,"83":0,"84":0,"85":0,"86":0,"87":0,"88":0,"89":0,"90":0,"91":0,"92":0,"93":0,"94":24,"95":9,"96":9,"97":0,"98":9,"99":8,"100":24,"101":24,"102":24,"103":1,"104":1,"105":1,"106":23,"107":1,"108":22,"109":1,"110":1,"111":1,"112":21},"f":{"0":359,"1":57,"2":30,"3":31,"4":12,"5":12,"6":114,"7":6,"8":25,"9":24,"10":24,"11":0,"12":24},"b":{"0":[6,353],"1":[6,51],"2":[4,26],"3":[3,28],"4":[3,22],"5":[11,11],"6":[1,10],"7":[11,11,9],"8":[1,9],"9":[10,2],"10":[11,9],"11":[20,9],"12":[2,9],"13":[11,9],"14":[3,9],"15":[3,9],"16":[2,7],"17":[6,108],"18":[114,109,109],"19":[0,6],"20":[8,16],"21":[2,22],"22":[2,22],"23":[3,21],"24":[0,24],"25":[0,24],"26":[0,0],"27":[0,0],"28":[0,0],"29":[0,0],"30":[0,0],"31":[0,0],"32":[9,15],"33":[0,9],"34":[9,1],"35":[8,1],"36":[1,23],"37":[24,2],"38":[1,22],"39":[1,21]}}
,"C:\\Users\\Utente\\OneDrive - Politecnico di Torino\\Universita\\Magistrale\\Secondo Anno\\Software_Engineering_2\\MainProject\\SE25-Participium\\Backend\\src\\controllers\\authController.ts": {"path":"C:\\Users\\Utente\\OneDrive - Politecnico di Torino\\Universita\\Magistrale\\Secondo Anno\\Software_Engineering_2\\MainProject\\SE25-Participium\\Backend\\src\\controllers\\authController.ts","statementMap":{"0":{"start":{"line":48,"column":0},"end":{"line":48,"column":7}},"1":{"start":{"line":75,"column":0},"end":{"line":75,"column":7}},"2":{"start":{"line":101,"column":0},"end":{"line":101,"column":7}},"3":{"start":{"line":130,"column":0},"end":{"line":130,"column":7}},"4":{"start":{"line":162,"column":0},"end":{"line":162,"column":7}},"5":{"start":{"line":193,"column":0},"end":{"line":193,"column":7}},"6":{"start":{"line":201,"column":0},"end":{"line":201,"column":7}},"7":{"start":{"line":209,"column":0},"end":{"line":209,"column":7}},"8":{"start":{"line":1,"column":0},"end":{"line":1,"column":68}},"9":{"start":{"line":2,"column":0},"end":{"line":2,"column":28}},"10":{"start":{"line":3,"column":0},"end":{"line":3,"column":28}},"11":{"start":{"line":4,"column":0},"end":{"line":4,"column":29}},"12":{"start":{"line":5,"column":0},"end":{"line":5,"column":25}},"13":{"start":{"line":6,"column":0},"end":{"line":6,"column":77}},"14":{"start":{"line":7,"column":0},"end":{"line":7,"column":49}},"15":{"start":{"line":8,"column":0},"end":{"line":8,"column":64}},"16":{"start":{"line":9,"column":0},"end":{"line":9,"column":52}},"17":{"start":{"line":11,"column":0},"end":{"line":11,"column":32}},"18":{"start":{"line":12,"column":0},"end":{"line":12,"column":56}},"19":{"start":{"line":13,"column":0},"end":{"line":13,"column":90}},"20":{"start":{"line":15,"column":0},"end":{"line":15,"column":63}},"21":{"start":{"line":18,"column":16},"end":{"line":30,"column":2}},"22":{"start":{"line":20,"column":26},"end":{"line":20,"column":46}},"23":{"start":{"line":21,"column":8},"end":{"line":23,"column":9}},"24":{"start":{"line":22,"column":12},"end":{"line":22,"column":57}},"25":{"start":{"line":24,"column":8},"end":{"line":24,"column":28}},"26":{"start":{"line":27,"column":27},"end":{"line":27,"column":119}},"27":{"start":{"line":28,"column":8},"end":{"line":28,"column":29}},"28":{"start":{"line":33,"column":13},"end":{"line":46,"column":3}},"29":{"start":{"line":37,"column":29},"end":{"line":37,"column":43}},"30":{"start":{"line":38,"column":24},"end":{"line":38,"column":88}},"31":{"start":{"line":39,"column":25},"end":{"line":39,"column":57}},"32":{"start":{"line":40,"column":8},"end":{"line":44,"column":9}},"33":{"start":{"line":41,"column":12},"end":{"line":41,"column":27}},"34":{"start":{"line":43,"column":12},"end":{"line":43,"column":53}},"35":{"start":{"line":56,"column":24},"end":{"line":56,"column":47}},"36":{"start":{"line":57,"column":27},"end":{"line":57,"column":58}},"37":{"start":{"line":60,"column":23},"end":{"line":66,"column":null}},"38":{"start":{"line":69,"column":4},"end":{"line":69,"column":62}},"39":{"start":{"line":71,"column":4},"end":{"line":71,"column":42}},"40":{"start":{"line":76,"column":19},"end":{"line":76,"column":54}},"41":{"start":{"line":77,"column":17},"end":{"line":77,"column":77}},"42":{"start":{"line":78,"column":4},"end":{"line":79,"column":79}},"43":{"start":{"line":79,"column":8},"end":{"line":79,"column":79}},"44":{"start":{"line":81,"column":4},"end":{"line":88,"column":5}},"45":{"start":{"line":82,"column":38},"end":{"line":82,"column":91}},"46":{"start":{"line":83,"column":8},"end":{"line":86,"column":9}},"47":{"start":{"line":85,"column":12},"end":{"line":85,"column":137}},"48":{"start":{"line":87,"column":8},"end":{"line":87,"column":52}},"49":{"start":{"line":91,"column":32},"end":{"line":94,"column":null}},"50":{"start":{"line":98,"column":4},"end":{"line":98,"column":88}},"51":{"start":{"line":109,"column":22},"end":{"line":109,"column":43}},"52":{"start":{"line":110,"column":27},"end":{"line":110,"column":58}},"53":{"start":{"line":112,"column":4},"end":{"line":114,"column":5}},"54":{"start":{"line":113,"column":8},"end":{"line":113,"column":63}},"55":{"start":{"line":116,"column":22},"end":{"line":116,"column":63}},"56":{"start":{"line":118,"column":21},"end":{"line":124,"column":null}},"57":{"start":{"line":127,"column":4},"end":{"line":127,"column":38}},"58":{"start":{"line":131,"column":4},"end":{"line":159,"column":5}},"59":{"start":{"line":132,"column":25},"end":{"line":132,"column":52}},"60":{"start":{"line":134,"column":21},"end":{"line":134,"column":42}},"61":{"start":{"line":135,"column":41},"end":{"line":135,"column":49}},"62":{"start":{"line":137,"column":8},"end":{"line":140,"column":9}},"63":{"start":{"line":138,"column":28},"end":{"line":138,"column":76}},"64":{"start":{"line":139,"column":12},"end":{"line":139,"column":67}},"65":{"start":{"line":142,"column":8},"end":{"line":145,"column":9}},"66":{"start":{"line":143,"column":28},"end":{"line":143,"column":70}},"67":{"start":{"line":144,"column":12},"end":{"line":144,"column":67}},"68":{"start":{"line":147,"column":8},"end":{"line":150,"column":9}},"69":{"start":{"line":148,"column":28},"end":{"line":148,"column":78}},"70":{"start":{"line":149,"column":12},"end":{"line":149,"column":67}},"71":{"start":{"line":152,"column":8},"end":{"line":155,"column":11}},"72":{"start":{"line":158,"column":8},"end":{"line":158,"column":18}},"73":{"start":{"line":163,"column":20},"end":{"line":163,"column":34}},"74":{"start":{"line":165,"column":4},"end":{"line":167,"column":5}},"75":{"start":{"line":166,"column":8},"end":{"line":166,"column":72}},"76":{"start":{"line":169,"column":21},"end":{"line":169,"column":76}},"77":{"start":{"line":171,"column":4},"end":{"line":190,"column":23}},"78":{"start":{"line":172,"column":8},"end":{"line":174,"column":9}},"79":{"start":{"line":173,"column":12},"end":{"line":173,"column":29}},"80":{"start":{"line":176,"column":8},"end":{"line":181,"column":9}},"81":{"start":{"line":177,"column":12},"end":{"line":180,"column":15}},"82":{"start":{"line":183,"column":8},"end":{"line":189,"column":11}},"83":{"start":{"line":184,"column":12},"end":{"line":186,"column":13}},"84":{"start":{"line":185,"column":16},"end":{"line":185,"column":33}},"85":{"start":{"line":188,"column":12},"end":{"line":188,"column":46}},"86":{"start":{"line":194,"column":20},"end":{"line":194,"column":85}},"87":{"start":{"line":195,"column":4},"end":{"line":196,"column":84}},"88":{"start":{"line":196,"column":8},"end":{"line":196,"column":84}},"89":{"start":{"line":197,"column":19},"end":{"line":197,"column":54}},"90":{"start":{"line":198,"column":4},"end":{"line":198,"column":100}},"91":{"start":{"line":202,"column":4},"end":{"line":204,"column":5}},"92":{"start":{"line":203,"column":8},"end":{"line":203,"column":74}},"93":{"start":{"line":205,"column":19},"end":{"line":205,"column":54}},"94":{"start":{"line":206,"column":4},"end":{"line":206,"column":71}},"95":{"start":{"line":210,"column":4},"end":{"line":212,"column":5}},"96":{"start":{"line":211,"column":8},"end":{"line":211,"column":74}},"97":{"start":{"line":213,"column":19},"end":{"line":213,"column":54}},"98":{"start":{"line":214,"column":4},"end":{"line":214,"column":62}}},"fnMap":{"0":{"name":"(anonymous_1)","decl":{"start":{"line":19,"column":17},"end":{"line":19,"column":18}},"loc":{"start":{"line":19,"column":35},"end":{"line":25,"column":5}}},"1":{"name":"(anonymous_2)","decl":{"start":{"line":26,"column":14},"end":{"line":26,"column":15}},"loc":{"start":{"line":26,"column":32},"end":{"line":29,"column":5}}},"2":{"name":"(anonymous_3)","decl":{"start":{"line":36,"column":16},"end":{"line":36,"column":17}},"loc":{"start":{"line":36,"column":34},"end":{"line":45,"column":5}}},"3":{"name":"register","decl":{"start":{"line":48,"column":22},"end":{"line":48,"column":30}},"loc":{"start":{"line":54,"column":35},"end":{"line":73,"column":1}}},"4":{"name":"createEmailVerification","decl":{"start":{"line":75,"column":22},"end":{"line":75,"column":45}},"loc":{"start":{"line":75,"column":78},"end":{"line":99,"column":1}}},"5":{"name":"registerMunicipalityUser","decl":{"start":{"line":101,"column":22},"end":{"line":101,"column":46}},"loc":{"start":{"line":107,"column":25},"end":{"line":128,"column":1}}},"6":{"name":"updateStaffOffices","decl":{"start":{"line":130,"column":22},"end":{"line":130,"column":40}},"loc":{"start":{"line":130,"column":88},"end":{"line":160,"column":1}}},"7":{"name":"login","decl":{"start":{"line":162,"column":22},"end":{"line":162,"column":27}},"loc":{"start":{"line":162,"column":75},"end":{"line":191,"column":1}}},"8":{"name":"(anonymous_9)","decl":{"start":{"line":171,"column":36},"end":{"line":171,"column":37}},"loc":{"start":{"line":171,"column":71},"end":{"line":190,"column":5}}},"9":{"name":"(anonymous_10)","decl":{"start":{"line":183,"column":24},"end":{"line":183,"column":25}},"loc":{"start":{"line":183,"column":32},"end":{"line":189,"column":9}}},"10":{"name":"createTelegramVerification","decl":{"start":{"line":193,"column":22},"end":{"line":193,"column":48}},"loc":{"start":{"line":193,"column":80},"end":{"line":199,"column":1}}},"11":{"name":"verifyTelegramUser","decl":{"start":{"line":201,"column":22},"end":{"line":201,"column":40}},"loc":{"start":{"line":201,"column":71},"end":{"line":207,"column":1}}},"12":{"name":"verifyEmailUser","decl":{"start":{"line":209,"column":22},"end":{"line":209,"column":37}},"loc":{"start":{"line":209,"column":50},"end":{"line":215,"column":1}}}},"branchMap":{"0":{"loc":{"start":{"line":21,"column":8},"end":{"line":23,"column":9}},"type":"if","locations":[{"start":{"line":21,"column":8},"end":{"line":23,"column":9}},{"start":{},"end":{}}]},"1":{"loc":{"start":{"line":40,"column":8},"end":{"line":44,"column":9}},"type":"if","locations":[{"start":{"line":40,"column":8},"end":{"line":44,"column":9}},{"start":{"line":42,"column":15},"end":{"line":44,"column":9}}]},"2":{"loc":{"start":{"line":40,"column":12},"end":{"line":40,"column":31}},"type":"binary-expr","locations":[{"start":{"line":40,"column":12},"end":{"line":40,"column":19}},{"start":{"line":40,"column":23},"end":{"line":40,"column":31}}]},"3":{"loc":{"start":{"line":54,"column":4},"end":{"line":54,"column":35}},"type":"default-arg","locations":[{"start":{"line":54,"column":30},"end":{"line":54,"column":35}}]},"4":{"loc":{"start":{"line":78,"column":4},"end":{"line":79,"column":79}},"type":"if","locations":[{"start":{"line":78,"column":4},"end":{"line":79,"column":79}},{"start":{},"end":{}}]},"5":{"loc":{"start":{"line":81,"column":4},"end":{"line":88,"column":5}},"type":"if","locations":[{"start":{"line":81,"column":4},"end":{"line":88,"column":5}},{"start":{},"end":{}}]},"6":{"loc":{"start":{"line":83,"column":8},"end":{"line":86,"column":9}},"type":"if","locations":[{"start":{"line":83,"column":8},"end":{"line":86,"column":9}},{"start":{},"end":{}}]},"7":{"loc":{"start":{"line":112,"column":4},"end":{"line":114,"column":5}},"type":"if","locations":[{"start":{"line":112,"column":4},"end":{"line":114,"column":5}},{"start":{},"end":{}}]},"8":{"loc":{"start":{"line":137,"column":8},"end":{"line":140,"column":9}},"type":"if","locations":[{"start":{"line":137,"column":8},"end":{"line":140,"column":9}},{"start":{},"end":{}}]},"9":{"loc":{"start":{"line":142,"column":8},"end":{"line":145,"column":9}},"type":"if","locations":[{"start":{"line":142,"column":8},"end":{"line":145,"column":9}},{"start":{},"end":{}}]},"10":{"loc":{"start":{"line":147,"column":8},"end":{"line":150,"column":9}},"type":"if","locations":[{"start":{"line":147,"column":8},"end":{"line":150,"column":9}},{"start":{},"end":{}}]},"11":{"loc":{"start":{"line":165,"column":4},"end":{"line":167,"column":5}},"type":"if","locations":[{"start":{"line":165,"column":4},"end":{"line":167,"column":5}},{"start":{},"end":{}}]},"12":{"loc":{"start":{"line":165,"column":8},"end":{"line":165,"column":52}},"type":"binary-expr","locations":[{"start":{"line":165,"column":8},"end":{"line":165,"column":29}},{"start":{"line":165,"column":33},"end":{"line":165,"column":52}}]},"13":{"loc":{"start":{"line":169,"column":21},"end":{"line":169,"column":76}},"type":"cond-expr","locations":[{"start":{"line":169,"column":45},"end":{"line":169,"column":60}},{"start":{"line":169,"column":63},"end":{"line":169,"column":76}}]},"14":{"loc":{"start":{"line":172,"column":8},"end":{"line":174,"column":9}},"type":"if","locations":[{"start":{"line":172,"column":8},"end":{"line":174,"column":9}},{"start":{},"end":{}}]},"15":{"loc":{"start":{"line":176,"column":8},"end":{"line":181,"column":9}},"type":"if","locations":[{"start":{"line":176,"column":8},"end":{"line":181,"column":9}},{"start":{},"end":{}}]},"16":{"loc":{"start":{"line":178,"column":25},"end":{"line":178,"column":65}},"type":"binary-expr","locations":[{"start":{"line":178,"column":25},"end":{"line":178,"column":38}},{"start":{"line":178,"column":42},"end":{"line":178,"column":65}}]},"17":{"loc":{"start":{"line":184,"column":12},"end":{"line":186,"column":13}},"type":"if","locations":[{"start":{"line":184,"column":12},"end":{"line":186,"column":13}},{"start":{},"end":{}}]},"18":{"loc":{"start":{"line":195,"column":4},"end":{"line":196,"column":84}},"type":"if","locations":[{"start":{"line":195,"column":4},"end":{"line":196,"column":84}},{"start":{},"end":{}}]},"19":{"loc":{"start":{"line":202,"column":4},"end":{"line":204,"column":5}},"type":"if","locations":[{"start":{"line":202,"column":4},"end":{"line":204,"column":5}},{"start":{},"end":{}}]},"20":{"loc":{"start":{"line":210,"column":4},"end":{"line":212,"column":5}},"type":"if","locations":[{"start":{"line":210,"column":4},"end":{"line":212,"column":5}},{"start":{},"end":{}}]}},"s":{"0":12,"1":12,"2":12,"3":12,"4":12,"5":12,"6":12,"7":12,"8":12,"9":12,"10":12,"11":12,"12":12,"13":12,"14":12,"15":12,"16":12,"17":12,"18":12,"19":12,"20":12,"21":12,"22":0,"23":0,"24":0,"25":0,"26":0,"27":0,"28":12,"29":0,"30":0,"31":0,"32":0,"33":0,"34":0,"35":9,"36":9,"37":9,"38":5,"39":5,"40":5,"41":5,"42":5,"43":0,"44":5,"45":0,"46":0,"47":0,"48":0,"49":5,"50":5,"51":0,"52":0,"53":0,"54":0,"55":0,"56":0,"57":0,"58":57,"59":57,"60":57,"61":57,"62":57,"63":34,"64":28,"65":23,"66":9,"67":6,"68":14,"69":9,"70":8,"71":5,"72":10,"73":72,"74":72,"75":4,"76":68,"77":68,"78":68,"79":1,"80":67,"81":4,"82":63,"83":63,"84":0,"85":63,"86":0,"87":0,"88":0,"89":0,"90":0,"91":0,"92":0,"93":0,"94":0,"95":7,"96":1,"97":6,"98":6},"f":{"0":0,"1":0,"2":0,"3":9,"4":5,"5":0,"6":57,"7":72,"8":68,"9":63,"10":0,"11":0,"12":7},"b":{"0":[0,0],"1":[0,0],"2":[0,0],"3":[2],"4":[0,5],"5":[0,5],"6":[0,0],"7":[0,0],"8":[34,23],"9":[9,14],"10":[9,5],"11":[4,68],"12":[72,42],"13":[30,38],"14":[1,67],"15":[4,63],"16":[4,0],"17":[0,63],"18":[0,0],"19":[0,0],"20":[1,6]}}
,"C:\\Users\\Utente\\OneDrive - Politecnico di Torino\\Universita\\Magistrale\\Secondo Anno\\Software_Engineering_2\\MainProject\\SE25-Participium\\Backend\\src\\controllers\\citizenController.ts": {"path":"C:\\Users\\Utente\\OneDrive - Politecnico di Torino\\Universita\\Magistrale\\Secondo Anno\\Software_Engineering_2\\MainProject\\SE25-Participium\\Backend\\src\\controllers\\citizenController.ts","statementMap":{"0":{"start":{"line":13,"column":0},"end":{"line":13,"column":7}},"1":{"start":{"line":18,"column":0},"end":{"line":18,"column":7}},"2":{"start":{"line":26,"column":0},"end":{"line":26,"column":7}},"3":{"start":{"line":34,"column":0},"end":{"line":34,"column":7}},"4":{"start":{"line":71,"column":0},"end":{"line":71,"column":7}},"5":{"start":{"line":83,"column":0},"end":{"line":83,"column":7}},"6":{"start":{"line":2,"column":0},"end":{"line":2,"column":67}},"7":{"start":{"line":3,"column":0},"end":{"line":3,"column":60}},"8":{"start":{"line":4,"column":0},"end":{"line":4,"column":28}},"9":{"start":{"line":5,"column":0},"end":{"line":5,"column":25}},"10":{"start":{"line":6,"column":0},"end":{"line":6,"column":29}},"11":{"start":{"line":7,"column":0},"end":{"line":7,"column":58}},"12":{"start":{"line":8,"column":0},"end":{"line":8,"column":52}},"13":{"start":{"line":11,"column":13},"end":{"line":11,"column":57}},"14":{"start":{"line":14,"column":24},"end":{"line":14,"column":64}},"15":{"start":{"line":15,"column":4},"end":{"line":15,"column":47}},"16":{"start":{"line":19,"column":24},"end":{"line":19,"column":66}},"17":{"start":{"line":20,"column":4},"end":{"line":22,"column":5}},"18":{"start":{"line":21,"column":8},"end":{"line":21,"column":20}},"19":{"start":{"line":23,"column":4},"end":{"line":23,"column":42}},"20":{"start":{"line":27,"column":24},"end":{"line":27,"column":72}},"21":{"start":{"line":28,"column":4},"end":{"line":30,"column":5}},"22":{"start":{"line":29,"column":8},"end":{"line":29,"column":20}},"23":{"start":{"line":31,"column":4},"end":{"line":31,"column":42}},"24":{"start":{"line":35,"column":24},"end":{"line":35,"column":78}},"25":{"start":{"line":36,"column":4},"end":{"line":38,"column":5}},"26":{"start":{"line":37,"column":8},"end":{"line":37,"column":20}},"27":{"start":{"line":39,"column":4},"end":{"line":39,"column":42}},"28":{"start":{"line":42,"column":23},"end":{"line":54,"column":2}},"29":{"start":{"line":44,"column":26},"end":{"line":44,"column":46}},"30":{"start":{"line":45,"column":8},"end":{"line":47,"column":9}},"31":{"start":{"line":46,"column":12},"end":{"line":46,"column":57}},"32":{"start":{"line":48,"column":8},"end":{"line":48,"column":28}},"33":{"start":{"line":51,"column":27},"end":{"line":51,"column":119}},"34":{"start":{"line":52,"column":8},"end":{"line":52,"column":29}},"35":{"start":{"line":56,"column":13},"end":{"line":69,"column":3}},"36":{"start":{"line":62,"column":29},"end":{"line":62,"column":43}},"37":{"start":{"line":63,"column":20},"end":{"line":63,"column":65}},"38":{"start":{"line":64,"column":8},"end":{"line":66,"column":9}},"39":{"start":{"line":65,"column":12},"end":{"line":65,"column":74}},"40":{"start":{"line":67,"column":8},"end":{"line":67,"column":23}},"41":{"start":{"line":79,"column":23},"end":{"line":79,"column":79}},"42":{"start":{"line":80,"column":4},"end":{"line":80,"column":42}},"43":{"start":{"line":84,"column":24},"end":{"line":84,"column":95}},"44":{"start":{"line":85,"column":4},"end":{"line":87,"column":5}},"45":{"start":{"line":86,"column":8},"end":{"line":86,"column":111}},"46":{"start":{"line":88,"column":4},"end":{"line":88,"column":42}}},"fnMap":{"0":{"name":"getAllCitizens","decl":{"start":{"line":13,"column":22},"end":{"line":13,"column":36}},"loc":{"start":{"line":13,"column":36},"end":{"line":16,"column":1}}},"1":{"name":"getCitizenById","decl":{"start":{"line":18,"column":22},"end":{"line":18,"column":36}},"loc":{"start":{"line":18,"column":47},"end":{"line":24,"column":1}}},"2":{"name":"getCitizenByEmail","decl":{"start":{"line":26,"column":22},"end":{"line":26,"column":39}},"loc":{"start":{"line":26,"column":53},"end":{"line":32,"column":1}}},"3":{"name":"getCitizenByUsername","decl":{"start":{"line":34,"column":22},"end":{"line":34,"column":42}},"loc":{"start":{"line":34,"column":59},"end":{"line":40,"column":1}}},"4":{"name":"(anonymous_5)","decl":{"start":{"line":43,"column":17},"end":{"line":43,"column":18}},"loc":{"start":{"line":43,"column":35},"end":{"line":49,"column":5}}},"5":{"name":"(anonymous_6)","decl":{"start":{"line":50,"column":14},"end":{"line":50,"column":15}},"loc":{"start":{"line":50,"column":32},"end":{"line":53,"column":5}}},"6":{"name":"(anonymous_7)","decl":{"start":{"line":61,"column":16},"end":{"line":61,"column":17}},"loc":{"start":{"line":61,"column":34},"end":{"line":68,"column":5}}},"7":{"name":"updateCitizenProfile","decl":{"start":{"line":71,"column":22},"end":{"line":71,"column":42}},"loc":{"start":{"line":77,"column":5},"end":{"line":81,"column":1}}},"8":{"name":"getCitizenByTelegramUsername","decl":{"start":{"line":83,"column":22},"end":{"line":83,"column":50}},"loc":{"start":{"line":83,"column":76},"end":{"line":89,"column":1}}}},"branchMap":{"0":{"loc":{"start":{"line":20,"column":4},"end":{"line":22,"column":5}},"type":"if","locations":[{"start":{"line":20,"column":4},"end":{"line":22,"column":5}},{"start":{},"end":{}}]},"1":{"loc":{"start":{"line":28,"column":4},"end":{"line":30,"column":5}},"type":"if","locations":[{"start":{"line":28,"column":4},"end":{"line":30,"column":5}},{"start":{},"end":{}}]},"2":{"loc":{"start":{"line":36,"column":4},"end":{"line":38,"column":5}},"type":"if","locations":[{"start":{"line":36,"column":4},"end":{"line":38,"column":5}},{"start":{},"end":{}}]},"3":{"loc":{"start":{"line":45,"column":8},"end":{"line":47,"column":9}},"type":"if","locations":[{"start":{"line":45,"column":8},"end":{"line":47,"column":9}},{"start":{},"end":{}}]},"4":{"loc":{"start":{"line":64,"column":8},"end":{"line":66,"column":9}},"type":"if","locations":[{"start":{"line":64,"column":8},"end":{"line":66,"column":9}},{"start":{},"end":{}}]},"5":{"loc":{"start":{"line":85,"column":4},"end":{"line":87,"column":5}},"type":"if","locations":[{"start":{"line":85,"column":4},"end":{"line":87,"column":5}},{"start":{},"end":{}}]}},"s":{"0":8,"1":8,"2":8,"3":8,"4":8,"5":8,"6":8,"7":8,"8":8,"9":8,"10":8,"11":8,"12":8,"13":8,"14":6,"15":6,"16":9,"17":9,"18":5,"19":4,"20":9,"21":9,"22":3,"23":6,"24":10,"25":10,"26":3,"27":7,"28":8,"29":1,"30":1,"31":0,"32":1,"33":1,"34":1,"35":8,"36":1,"37":1,"38":1,"39":0,"40":1,"41":9,"42":9,"43":20,"44":20,"45":4,"46":16},"f":{"0":6,"1":9,"2":9,"3":10,"4":1,"5":1,"6":1,"7":9,"8":20},"b":{"0":[5,4],"1":[3,6],"2":[3,7],"3":[0,1],"4":[0,1],"5":[4,16]}}
,"C:\\Users\\Utente\\OneDrive - Politecnico di Torino\\Universita\\Magistrale\\Secondo Anno\\Software_Engineering_2\\MainProject\\SE25-Participium\\Backend\\src\\controllers\\notificationController.ts": {"path":"C:\\Users\\Utente\\OneDrive - Politecnico di Torino\\Universita\\Magistrale\\Secondo Anno\\Software_Engineering_2\\MainProject\\SE25-Participium\\Backend\\src\\controllers\\notificationController.ts","statementMap":{"0":{"start":{"line":6,"column":0},"end":{"line":6,"column":7}},"1":{"start":{"line":19,"column":0},"end":{"line":19,"column":7}},"2":{"start":{"line":1,"column":0},"end":{"line":1,"column":78}},"3":{"start":{"line":2,"column":0},"end":{"line":2,"column":66}},"4":{"start":{"line":4,"column":13},"end":{"line":4,"column":41}},"5":{"start":{"line":7,"column":4},"end":{"line":7,"column":25}},"6":{"start":{"line":7,"column":15},"end":{"line":7,"column":25}},"7":{"start":{"line":10,"column":4},"end":{"line":14,"column":5}},"8":{"start":{"line":11,"column":8},"end":{"line":11,"column":71}},"9":{"start":{"line":13,"column":8},"end":{"line":13,"column":69}},"10":{"start":{"line":16,"column":4},"end":{"line":16,"column":48}},"11":{"start":{"line":20,"column":4},"end":{"line":20,"column":30}}},"fnMap":{"0":{"name":"getNotificationsOfUser","decl":{"start":{"line":6,"column":22},"end":{"line":6,"column":44}},"loc":{"start":{"line":6,"column":54},"end":{"line":17,"column":1}}},"1":{"name":"markNotificationAsRead","decl":{"start":{"line":19,"column":22},"end":{"line":19,"column":44}},"loc":{"start":{"line":19,"column":55},"end":{"line":21,"column":1}}}},"branchMap":{"0":{"loc":{"start":{"line":7,"column":4},"end":{"line":7,"column":25}},"type":"if","locations":[{"start":{"line":7,"column":4},"end":{"line":7,"column":25}},{"start":{},"end":{}}]},"1":{"loc":{"start":{"line":10,"column":4},"end":{"line":14,"column":5}},"type":"if","locations":[{"start":{"line":10,"column":4},"end":{"line":14,"column":5}},{"start":{"line":12,"column":11},"end":{"line":14,"column":5}}]}},"s":{"0":7,"1":7,"2":7,"3":7,"4":7,"5":7,"6":2,"7":5,"8":3,"9":2,"10":5,"11":3},"f":{"0":7,"1":3},"b":{"0":[2,5],"1":[3,2]}}
,"C:\\Users\\Utente\\OneDrive - Politecnico di Torino\\Universita\\Magistrale\\Secondo Anno\\Software_Engineering_2\\MainProject\\SE25-Participium\\Backend\\src\\controllers\\officeController.ts": {"path":"C:\\Users\\Utente\\OneDrive - Politecnico di Torino\\Universita\\Magistrale\\Secondo Anno\\Software_Engineering_2\\MainProject\\SE25-Participium\\Backend\\src\\controllers\\officeController.ts","statementMap":{"0":{"start":{"line":2,"column":0},"end":{"line":2,"column":66}},"1":{"start":{"line":3,"column":0},"end":{"line":3,"column":42}},"2":{"start":{"line":8,"column":4},"end":{"line":19,"column":5}},"3":{"start":{"line":9,"column":30},"end":{"line":11,"column":23}},"4":{"start":{"line":12,"column":25},"end":{"line":12,"column":60}},"5":{"start":{"line":13,"column":25},"end":{"line":13,"column":47}},"6":{"start":{"line":14,"column":22},"end":{"line":14,"column":64}},"7":{"start":{"line":15,"column":6},"end":{"line":15,"column":43}},"8":{"start":{"line":17,"column":6},"end":{"line":17,"column":54}},"9":{"start":{"line":18,"column":6},"end":{"line":18,"column":74}},"10":{"start":{"line":5,"column":0},"end":{"line":5,"column":13}}},"fnMap":{"0":{"name":"(anonymous_0)","decl":{"start":{"line":7,"column":2},"end":{"line":7,"column":8}},"loc":{"start":{"line":7,"column":56},"end":{"line":20,"column":3}}}},"branchMap":{"0":{"loc":{"start":{"line":9,"column":30},"end":{"line":11,"column":23}},"type":"cond-expr","locations":[{"start":{"line":10,"column":14},"end":{"line":10,"column":48}},{"start":{"line":11,"column":14},"end":{"line":11,"column":23}}]}},"s":{"0":6,"1":6,"2":5,"3":5,"4":5,"5":5,"6":5,"7":5,"8":0,"9":0,"10":6},"f":{"0":5},"b":{"0":[2,3]}}
,"C:\\Users\\Utente\\OneDrive - Politecnico di Torino\\Universita\\Magistrale\\Secondo Anno\\Software_Engineering_2\\MainProject\\SE25-Participium\\Backend\\src\\controllers\\reportController.ts": {"path":"C:\\Users\\Utente\\OneDrive - Politecnico di Torino\\Universita\\Magistrale\\Secondo Anno\\Software_Engineering_2\\MainProject\\SE25-Participium\\Backend\\src\\controllers\\reportController.ts","statementMap":{"0":{"start":{"line":54,"column":0},"end":{"line":54,"column":7}},"1":{"start":{"line":103,"column":0},"end":{"line":103,"column":7}},"2":{"start":{"line":112,"column":0},"end":{"line":112,"column":7}},"3":{"start":{"line":117,"column":0},"end":{"line":117,"column":7}},"4":{"start":{"line":122,"column":0},"end":{"line":122,"column":7}},"5":{"start":{"line":127,"column":0},"end":{"line":127,"column":7}},"6":{"start":{"line":132,"column":0},"end":{"line":132,"column":7}},"7":{"start":{"line":137,"column":0},"end":{"line":137,"column":7}},"8":{"start":{"line":142,"column":0},"end":{"line":142,"column":7}},"9":{"start":{"line":184,"column":0},"end":{"line":184,"column":7}},"10":{"start":{"line":198,"column":0},"end":{"line":198,"column":7}},"11":{"start":{"line":211,"column":0},"end":{"line":211,"column":7}},"12":{"start":{"line":1,"column":0},"end":{"line":1,"column":79}},"13":{"start":{"line":2,"column":0},"end":{"line":2,"column":66}},"14":{"start":{"line":3,"column":0},"end":{"line":3,"column":52}},"15":{"start":{"line":4,"column":0},"end":{"line":4,"column":56}},"16":{"start":{"line":6,"column":0},"end":{"line":6,"column":28}},"17":{"start":{"line":7,"column":0},"end":{"line":7,"column":25}},"18":{"start":{"line":8,"column":0},"end":{"line":8,"column":29}},"19":{"start":{"line":9,"column":0},"end":{"line":9,"column":75}},"20":{"start":{"line":12,"column":0},"end":{"line":12,"column":58}},"21":{"start":{"line":13,"column":0},"end":{"line":13,"column":40}},"22":{"start":{"line":15,"column":0},"end":{"line":15,"column":62}},"23":{"start":{"line":17,"column":13},"end":{"line":17,"column":35}},"24":{"start":{"line":18,"column":20},"end":{"line":18,"column":43}},"25":{"start":{"line":19,"column":18},"end":{"line":19,"column":39}},"26":{"start":{"line":21,"column":22},"end":{"line":33,"column":2}},"27":{"start":{"line":23,"column":26},"end":{"line":23,"column":45}},"28":{"start":{"line":24,"column":8},"end":{"line":26,"column":9}},"29":{"start":{"line":25,"column":12},"end":{"line":25,"column":57}},"30":{"start":{"line":27,"column":8},"end":{"line":27,"column":28}},"31":{"start":{"line":30,"column":27},"end":{"line":30,"column":119}},"32":{"start":{"line":31,"column":8},"end":{"line":31,"column":29}},"33":{"start":{"line":35,"column":13},"end":{"line":52,"column":3}},"34":{"start":{"line":43,"column":29},"end":{"line":43,"column":43}},"35":{"start":{"line":44,"column":24},"end":{"line":44,"column":88}},"36":{"start":{"line":45,"column":25},"end":{"line":45,"column":57}},"37":{"start":{"line":46,"column":8},"end":{"line":50,"column":9}},"38":{"start":{"line":47,"column":12},"end":{"line":47,"column":27}},"39":{"start":{"line":49,"column":12},"end":{"line":49,"column":82}},"40":{"start":{"line":62,"column":8},"end":{"line":62,"column":12}},"41":{"start":{"line":64,"column":23},"end":{"line":64,"column":70}},"42":{"start":{"line":66,"column":4},"end":{"line":68,"column":5}},"43":{"start":{"line":67,"column":8},"end":{"line":67,"column":97}},"44":{"start":{"line":70,"column":4},"end":{"line":72,"column":5}},"45":{"start":{"line":71,"column":8},"end":{"line":71,"column":61}},"46":{"start":{"line":74,"column":4},"end":{"line":76,"column":5}},"47":{"start":{"line":75,"column":8},"end":{"line":75,"column":68}},"48":{"start":{"line":77,"column":19},"end":{"line":77,"column":59}},"49":{"start":{"line":78,"column":19},"end":{"line":78,"column":83}},"50":{"start":{"line":79,"column":19},"end":{"line":79,"column":83}},"51":{"start":{"line":81,"column":24},"end":{"line":81,"column":66}},"52":{"start":{"line":82,"column":16},"end":{"line":82,"column":43}},"53":{"start":{"line":83,"column":16},"end":{"line":83,"column":44}},"54":{"start":{"line":85,"column":4},"end":{"line":87,"column":5}},"55":{"start":{"line":86,"column":8},"end":{"line":86,"column":90}},"56":{"start":{"line":89,"column":4},"end":{"line":100,"column":7}},"57":{"start":{"line":104,"column":21},"end":{"line":104,"column":70}},"58":{"start":{"line":105,"column":4},"end":{"line":107,"column":5}},"59":{"start":{"line":106,"column":8},"end":{"line":106,"column":82}},"60":{"start":{"line":108,"column":23},"end":{"line":108,"column":63}},"61":{"start":{"line":109,"column":4},"end":{"line":109,"column":45}},"62":{"start":{"line":113,"column":23},"end":{"line":113,"column":49}},"63":{"start":{"line":114,"column":4},"end":{"line":114,"column":45}},"64":{"start":{"line":118,"column":22},"end":{"line":118,"column":56}},"65":{"start":{"line":119,"column":4},"end":{"line":119,"column":40}},"66":{"start":{"line":123,"column":29},"end":{"line":123,"column":109}},"67":{"start":{"line":124,"column":4},"end":{"line":124,"column":47}},"68":{"start":{"line":128,"column":29},"end":{"line":128,"column":81}},"69":{"start":{"line":129,"column":4},"end":{"line":129,"column":47}},"70":{"start":{"line":133,"column":29},"end":{"line":133,"column":107}},"71":{"start":{"line":134,"column":4},"end":{"line":134,"column":47}},"72":{"start":{"line":138,"column":29},"end":{"line":138,"column":93}},"73":{"start":{"line":139,"column":4},"end":{"line":139,"column":47}},"74":{"start":{"line":143,"column":29},"end":{"line":143,"column":105}},"75":{"start":{"line":144,"column":4},"end":{"line":144,"column":47}},"76":{"start":{"line":148,"column":17},"end":{"line":148,"column":61}},"77":{"start":{"line":149,"column":4},"end":{"line":151,"column":5}},"78":{"start":{"line":150,"column":8},"end":{"line":150,"column":77}},"79":{"start":{"line":153,"column":4},"end":{"line":161,"column":5}},"80":{"start":{"line":154,"column":8},"end":{"line":156,"column":9}},"81":{"start":{"line":155,"column":12},"end":{"line":155,"column":76}},"82":{"start":{"line":157,"column":8},"end":{"line":159,"column":9}},"83":{"start":{"line":158,"column":12},"end":{"line":158,"column":84}},"84":{"start":{"line":160,"column":8},"end":{"line":160,"column":82}},"85":{"start":{"line":163,"column":4},"end":{"line":168,"column":5}},"86":{"start":{"line":164,"column":8},"end":{"line":166,"column":9}},"87":{"start":{"line":165,"column":12},"end":{"line":165,"column":76}},"88":{"start":{"line":167,"column":8},"end":{"line":167,"column":77}},"89":{"start":{"line":170,"column":4},"end":{"line":170,"column":84}},"90":{"start":{"line":174,"column":17},"end":{"line":174,"column":65}},"91":{"start":{"line":175,"column":4},"end":{"line":177,"column":5}},"92":{"start":{"line":176,"column":8},"end":{"line":176,"column":79}},"93":{"start":{"line":178,"column":4},"end":{"line":180,"column":5}},"94":{"start":{"line":179,"column":8},"end":{"line":179,"column":100}},"95":{"start":{"line":181,"column":4},"end":{"line":181,"column":61}},"96":{"start":{"line":185,"column":22},"end":{"line":188,"column":null}},"97":{"start":{"line":187,"column":14},"end":{"line":187,"column":18}},"98":{"start":{"line":191,"column":29},"end":{"line":193,"column":66}},"99":{"start":{"line":195,"column":4},"end":{"line":195,"column":47}},"100":{"start":{"line":199,"column":22},"end":{"line":202,"column":null}},"101":{"start":{"line":201,"column":14},"end":{"line":201,"column":18}},"102":{"start":{"line":205,"column":4},"end":{"line":207,"column":5}},"103":{"start":{"line":206,"column":8},"end":{"line":206,"column":84}},"104":{"start":{"line":208,"column":4},"end":{"line":208,"column":74}},"105":{"start":{"line":212,"column":23},"end":{"line":212,"column":78}},"106":{"start":{"line":213,"column":4},"end":{"line":215,"column":5}},"107":{"start":{"line":214,"column":8},"end":{"line":214,"column":86}},"108":{"start":{"line":218,"column":22},"end":{"line":221,"column":13}},"109":{"start":{"line":223,"column":35},"end":{"line":225,"column":6}},"110":{"start":{"line":227,"column":23},"end":{"line":227,"column":64}},"111":{"start":{"line":228,"column":4},"end":{"line":228,"column":45}}},"fnMap":{"0":{"name":"(anonymous_1)","decl":{"start":{"line":22,"column":17},"end":{"line":22,"column":18}},"loc":{"start":{"line":22,"column":35},"end":{"line":28,"column":5}}},"1":{"name":"(anonymous_2)","decl":{"start":{"line":29,"column":14},"end":{"line":29,"column":15}},"loc":{"start":{"line":29,"column":32},"end":{"line":32,"column":5}}},"2":{"name":"(anonymous_3)","decl":{"start":{"line":42,"column":16},"end":{"line":42,"column":17}},"loc":{"start":{"line":42,"column":34},"end":{"line":51,"column":5}}},"3":{"name":"createReport","decl":{"start":{"line":54,"column":22},"end":{"line":54,"column":34}},"loc":{"start":{"line":54,"column":92},"end":{"line":101,"column":1}}},"4":{"name":"getReports","decl":{"start":{"line":103,"column":22},"end":{"line":103,"column":32}},"loc":{"start":{"line":103,"column":79},"end":{"line":110,"column":1}}},"5":{"name":"getMapReports","decl":{"start":{"line":112,"column":22},"end":{"line":112,"column":35}},"loc":{"start":{"line":112,"column":35},"end":{"line":115,"column":1}}},"6":{"name":"getReportById","decl":{"start":{"line":117,"column":22},"end":{"line":117,"column":35}},"loc":{"start":{"line":117,"column":52},"end":{"line":120,"column":1}}},"7":{"name":"updateReportAsMPRO","decl":{"start":{"line":122,"column":22},"end":{"line":122,"column":40}},"loc":{"start":{"line":122,"column":132},"end":{"line":125,"column":1}}},"8":{"name":"selfAssignReport","decl":{"start":{"line":127,"column":22},"end":{"line":127,"column":38}},"loc":{"start":{"line":127,"column":78},"end":{"line":130,"column":1}}},"9":{"name":"updateReportAsTOSM","decl":{"start":{"line":132,"column":22},"end":{"line":132,"column":40}},"loc":{"start":{"line":132,"column":121},"end":{"line":135,"column":1}}},"10":{"name":"assignReportToEM","decl":{"start":{"line":137,"column":22},"end":{"line":137,"column":38}},"loc":{"start":{"line":137,"column":98},"end":{"line":140,"column":1}}},"11":{"name":"updateReportAsEM","decl":{"start":{"line":142,"column":22},"end":{"line":142,"column":38}},"loc":{"start":{"line":142,"column":119},"end":{"line":145,"column":1}}},"12":{"name":"handleStaffMessage","decl":{"start":{"line":147,"column":15},"end":{"line":147,"column":33}},"loc":{"start":{"line":147,"column":110},"end":{"line":171,"column":1}}},"13":{"name":"handleCitizenMessage","decl":{"start":{"line":173,"column":15},"end":{"line":173,"column":35}},"loc":{"start":{"line":173,"column":91},"end":{"line":182,"column":1}}},"14":{"name":"addMessageToReport","decl":{"start":{"line":184,"column":22},"end":{"line":184,"column":40}},"loc":{"start":{"line":184,"column":144},"end":{"line":196,"column":1}}},"15":{"name":"(anonymous_16)","decl":{"start":{"line":187,"column":8},"end":{"line":187,"column":11}},"loc":{"start":{"line":187,"column":14},"end":{"line":187,"column":18}}},"16":{"name":"getAllMessages","decl":{"start":{"line":198,"column":22},"end":{"line":198,"column":36}},"loc":{"start":{"line":198,"column":84},"end":{"line":209,"column":1}}},"17":{"name":"(anonymous_18)","decl":{"start":{"line":201,"column":8},"end":{"line":201,"column":11}},"loc":{"start":{"line":201,"column":14},"end":{"line":201,"column":18}}},"18":{"name":"getReportsByCitizenUsername","decl":{"start":{"line":211,"column":22},"end":{"line":211,"column":49}},"loc":{"start":{"line":211,"column":73},"end":{"line":229,"column":1}}}},"branchMap":{"0":{"loc":{"start":{"line":24,"column":8},"end":{"line":26,"column":9}},"type":"if","locations":[{"start":{"line":24,"column":8},"end":{"line":26,"column":9}},{"start":{},"end":{}}]},"1":{"loc":{"start":{"line":46,"column":8},"end":{"line":50,"column":9}},"type":"if","locations":[{"start":{"line":46,"column":8},"end":{"line":50,"column":9}},{"start":{"line":48,"column":15},"end":{"line":50,"column":9}}]},"2":{"loc":{"start":{"line":46,"column":12},"end":{"line":46,"column":31}},"type":"binary-expr","locations":[{"start":{"line":46,"column":12},"end":{"line":46,"column":19}},{"start":{"line":46,"column":23},"end":{"line":46,"column":31}}]},"3":{"loc":{"start":{"line":66,"column":4},"end":{"line":68,"column":5}},"type":"if","locations":[{"start":{"line":66,"column":4},"end":{"line":68,"column":5}},{"start":{},"end":{}}]},"4":{"loc":{"start":{"line":70,"column":4},"end":{"line":72,"column":5}},"type":"if","locations":[{"start":{"line":70,"column":4},"end":{"line":72,"column":5}},{"start":{},"end":{}}]},"5":{"loc":{"start":{"line":70,"column":8},"end":{"line":70,"column":96}},"type":"binary-expr","locations":[{"start":{"line":70,"column":8},"end":{"line":70,"column":14}},{"start":{"line":70,"column":18},"end":{"line":70,"column":30}},{"start":{"line":70,"column":34},"end":{"line":70,"column":43}},{"start":{"line":70,"column":47},"end":{"line":70,"column":69}},{"start":{"line":70,"column":73},"end":{"line":70,"column":96}}]},"6":{"loc":{"start":{"line":74,"column":4},"end":{"line":76,"column":5}},"type":"if","locations":[{"start":{"line":74,"column":4},"end":{"line":76,"column":5}},{"start":{},"end":{}}]},"7":{"loc":{"start":{"line":74,"column":8},"end":{"line":74,"column":37}},"type":"binary-expr","locations":[{"start":{"line":74,"column":8},"end":{"line":74,"column":15}},{"start":{"line":74,"column":19},"end":{"line":74,"column":37}}]},"8":{"loc":{"start":{"line":78,"column":19},"end":{"line":78,"column":83}},"type":"cond-expr","locations":[{"start":{"line":78,"column":31},"end":{"line":78,"column":71}},{"start":{"line":78,"column":74},"end":{"line":78,"column":83}}]},"9":{"loc":{"start":{"line":79,"column":19},"end":{"line":79,"column":83}},"type":"cond-expr","locations":[{"start":{"line":79,"column":31},"end":{"line":79,"column":71}},{"start":{"line":79,"column":74},"end":{"line":79,"column":83}}]},"10":{"loc":{"start":{"line":81,"column":24},"end":{"line":81,"column":66}},"type":"binary-expr","locations":[{"start":{"line":81,"column":24},"end":{"line":81,"column":44}},{"start":{"line":81,"column":48},"end":{"line":81,"column":66}}]},"11":{"loc":{"start":{"line":85,"column":4},"end":{"line":87,"column":5}},"type":"if","locations":[{"start":{"line":85,"column":4},"end":{"line":87,"column":5}},{"start":{},"end":{}}]},"12":{"loc":{"start":{"line":105,"column":4},"end":{"line":107,"column":5}},"type":"if","locations":[{"start":{"line":105,"column":4},"end":{"line":107,"column":5}},{"start":{},"end":{}}]},"13":{"loc":{"start":{"line":149,"column":4},"end":{"line":151,"column":5}},"type":"if","locations":[{"start":{"line":149,"column":4},"end":{"line":151,"column":5}},{"start":{},"end":{}}]},"14":{"loc":{"start":{"line":153,"column":4},"end":{"line":161,"column":5}},"type":"if","locations":[{"start":{"line":153,"column":4},"end":{"line":161,"column":5}},{"start":{},"end":{}}]},"15":{"loc":{"start":{"line":154,"column":8},"end":{"line":156,"column":9}},"type":"if","locations":[{"start":{"line":154,"column":8},"end":{"line":156,"column":9}},{"start":{},"end":{}}]},"16":{"loc":{"start":{"line":154,"column":12},"end":{"line":154,"column":90}},"type":"binary-expr","locations":[{"start":{"line":154,"column":12},"end":{"line":154,"column":36}},{"start":{"line":154,"column":40},"end":{"line":154,"column":90}}]},"17":{"loc":{"start":{"line":157,"column":8},"end":{"line":159,"column":9}},"type":"if","locations":[{"start":{"line":157,"column":8},"end":{"line":159,"column":9}},{"start":{},"end":{}}]},"18":{"loc":{"start":{"line":163,"column":4},"end":{"line":168,"column":5}},"type":"if","locations":[{"start":{"line":163,"column":4},"end":{"line":168,"column":5}},{"start":{},"end":{}}]},"19":{"loc":{"start":{"line":164,"column":8},"end":{"line":166,"column":9}},"type":"if","locations":[{"start":{"line":164,"column":8},"end":{"line":166,"column":9}},{"start":{},"end":{}}]},"20":{"loc":{"start":{"line":164,"column":12},"end":{"line":164,"column":84}},"type":"binary-expr","locations":[{"start":{"line":164,"column":12},"end":{"line":164,"column":33}},{"start":{"line":164,"column":37},"end":{"line":164,"column":84}}]},"21":{"loc":{"start":{"line":175,"column":4},"end":{"line":177,"column":5}},"type":"if","locations":[{"start":{"line":175,"column":4},"end":{"line":177,"column":5}},{"start":{},"end":{}}]},"22":{"loc":{"start":{"line":178,"column":4},"end":{"line":180,"column":5}},"type":"if","locations":[{"start":{"line":178,"column":4},"end":{"line":180,"column":5}},{"start":{},"end":{}}]},"23":{"loc":{"start":{"line":191,"column":29},"end":{"line":193,"column":66}},"type":"cond-expr","locations":[{"start":{"line":192,"column":10},"end":{"line":192,"column":75}},{"start":{"line":193,"column":10},"end":{"line":193,"column":66}}]},"24":{"loc":{"start":{"line":205,"column":4},"end":{"line":207,"column":5}},"type":"if","locations":[{"start":{"line":205,"column":4},"end":{"line":207,"column":5}},{"start":{},"end":{}}]},"25":{"loc":{"start":{"line":213,"column":4},"end":{"line":215,"column":5}},"type":"if","locations":[{"start":{"line":213,"column":4},"end":{"line":215,"column":5}},{"start":{},"end":{}}]}},"s":{"0":7,"1":7,"2":7,"3":7,"4":7,"5":7,"6":7,"7":7,"8":7,"9":7,"10":7,"11":7,"12":7,"13":7,"14":7,"15":7,"16":7,"17":7,"18":7,"19":7,"20":7,"21":7,"22":7,"23":7,"24":7,"25":7,"26":7,"27":31,"28":31,"29":0,"30":31,"31":31,"32":31,"33":7,"34":31,"35":31,"36":31,"37":31,"38":31,"39":0,"40":37,"41":37,"42":37,"43":1,"44":36,"45":7,"46":29,"47":4,"48":25,"49":25,"50":25,"51":25,"52":25,"53":25,"54":25,"55":2,"56":23,"57":14,"58":14,"59":0,"60":14,"61":14,"62":1,"63":1,"64":11,"65":7,"66":13,"67":12,"68":28,"69":28,"70":4,"71":3,"72":22,"73":20,"74":5,"75":4,"76":23,"77":23,"78":0,"79":23,"80":15,"81":1,"82":14,"83":1,"84":13,"85":8,"86":6,"87":3,"88":3,"89":2,"90":4,"91":4,"92":0,"93":4,"94":0,"95":4,"96":29,"97":27,"98":27,"99":20,"100":8,"101":6,"102":6,"103":2,"104":4,"105":5,"106":5,"107":1,"108":4,"109":4,"110":4,"111":4},"f":{"0":31,"1":31,"2":31,"3":37,"4":14,"5":1,"6":11,"7":13,"8":28,"9":4,"10":22,"11":5,"12":23,"13":4,"14":29,"15":27,"16":8,"17":6,"18":5},"b":{"0":[0,31],"1":[31,0],"2":[31,31],"3":[1,36],"4":[7,29],"5":[36,33,31,31,30],"6":[4,25],"7":[29,29],"8":[6,19],"9":[4,21],"10":[25,22],"11":[2,23],"12":[0,14],"13":[0,23],"14":[15,8],"15":[1,14],"16":[15,14],"17":[1,13],"18":[6,2],"19":[3,3],"20":[6,3],"21":[0,4],"22":[0,4],"23":[23,4],"24":[2,4],"25":[1,4]}}
,"C:\\Users\\Utente\\OneDrive - Politecnico di Torino\\Universita\\Magistrale\\Secondo Anno\\Software_Engineering_2\\MainProject\\SE25-Participium\\Backend\\src\\controllers\\staffController.ts": {"path":"C:\\Users\\Utente\\OneDrive - Politecnico di Torino\\Universita\\Magistrale\\Secondo Anno\\Software_Engineering_2\\MainProject\\SE25-Participium\\Backend\\src\\controllers\\staffController.ts","statementMap":{"0":{"start":{"line":8,"column":0},"end":{"line":8,"column":7}},"1":{"start":{"line":30,"column":0},"end":{"line":30,"column":7}},"2":{"start":{"line":47,"column":0},"end":{"line":47,"column":7}},"3":{"start":{"line":2,"column":0},"end":{"line":2,"column":66}},"4":{"start":{"line":3,"column":0},"end":{"line":3,"column":62}},"5":{"start":{"line":4,"column":0},"end":{"line":4,"column":57}},"6":{"start":{"line":6,"column":13},"end":{"line":6,"column":34}},"7":{"start":{"line":9,"column":4},"end":{"line":27,"column":5}},"8":{"start":{"line":10,"column":32},"end":{"line":12,"column":23}},"9":{"start":{"line":13,"column":30},"end":{"line":15,"column":23}},"10":{"start":{"line":17,"column":27},"end":{"line":17,"column":62}},"11":{"start":{"line":19,"column":25},"end":{"line":19,"column":90}},"12":{"start":{"line":21,"column":23},"end":{"line":21,"column":68}},"13":{"start":{"line":23,"column":8},"end":{"line":23,"column":59}},"14":{"start":{"line":25,"column":8},"end":{"line":25,"column":62}},"15":{"start":{"line":26,"column":8},"end":{"line":26,"column":75}},"16":{"start":{"line":31,"column":4},"end":{"line":44,"column":5}},"17":{"start":{"line":32,"column":30},"end":{"line":34,"column":23}},"18":{"start":{"line":36,"column":25},"end":{"line":36,"column":90}},"19":{"start":{"line":38,"column":23},"end":{"line":38,"column":62}},"20":{"start":{"line":40,"column":8},"end":{"line":40,"column":59}},"21":{"start":{"line":42,"column":8},"end":{"line":42,"column":62}},"22":{"start":{"line":43,"column":8},"end":{"line":43,"column":75}},"23":{"start":{"line":48,"column":4},"end":{"line":61,"column":5}},"24":{"start":{"line":49,"column":30},"end":{"line":51,"column":23}},"25":{"start":{"line":52,"column":25},"end":{"line":52,"column":90}},"26":{"start":{"line":54,"column":21},"end":{"line":54,"column":42}},"27":{"start":{"line":55,"column":23},"end":{"line":55,"column":54}},"28":{"start":{"line":57,"column":8},"end":{"line":57,"column":59}},"29":{"start":{"line":59,"column":8},"end":{"line":59,"column":59}},"30":{"start":{"line":60,"column":8},"end":{"line":60,"column":72}}},"fnMap":{"0":{"name":"getAllStaff","decl":{"start":{"line":8,"column":22},"end":{"line":8,"column":33}},"loc":{"start":{"line":8,"column":61},"end":{"line":28,"column":1}}},"1":{"name":"getAllEMStaff","decl":{"start":{"line":30,"column":22},"end":{"line":30,"column":35}},"loc":{"start":{"line":30,"column":63},"end":{"line":45,"column":1}}},"2":{"name":"getAllTOSM","decl":{"start":{"line":47,"column":22},"end":{"line":47,"column":32}},"loc":{"start":{"line":47,"column":60},"end":{"line":62,"column":1}}}},"branchMap":{"0":{"loc":{"start":{"line":10,"column":32},"end":{"line":12,"column":23}},"type":"cond-expr","locations":[{"start":{"line":11,"column":14},"end":{"line":11,"column":48}},{"start":{"line":12,"column":14},"end":{"line":12,"column":23}}]},"1":{"loc":{"start":{"line":13,"column":30},"end":{"line":15,"column":23}},"type":"cond-expr","locations":[{"start":{"line":14,"column":14},"end":{"line":14,"column":46}},{"start":{"line":15,"column":14},"end":{"line":15,"column":23}}]},"2":{"loc":{"start":{"line":19,"column":25},"end":{"line":19,"column":90}},"type":"cond-expr","locations":[{"start":{"line":19,"column":41},"end":{"line":19,"column":78}},{"start":{"line":19,"column":81},"end":{"line":19,"column":90}}]},"3":{"loc":{"start":{"line":32,"column":30},"end":{"line":34,"column":23}},"type":"cond-expr","locations":[{"start":{"line":33,"column":14},"end":{"line":33,"column":46}},{"start":{"line":34,"column":14},"end":{"line":34,"column":23}}]},"4":{"loc":{"start":{"line":36,"column":25},"end":{"line":36,"column":90}},"type":"cond-expr","locations":[{"start":{"line":36,"column":41},"end":{"line":36,"column":78}},{"start":{"line":36,"column":81},"end":{"line":36,"column":90}}]},"5":{"loc":{"start":{"line":49,"column":30},"end":{"line":51,"column":23}},"type":"cond-expr","locations":[{"start":{"line":50,"column":14},"end":{"line":50,"column":46}},{"start":{"line":51,"column":14},"end":{"line":51,"column":23}}]},"6":{"loc":{"start":{"line":52,"column":25},"end":{"line":52,"column":90}},"type":"cond-expr","locations":[{"start":{"line":52,"column":41},"end":{"line":52,"column":78}},{"start":{"line":52,"column":81},"end":{"line":52,"column":90}}]}},"s":{"0":7,"1":7,"2":7,"3":7,"4":7,"5":7,"6":7,"7":7,"8":7,"9":7,"10":7,"11":7,"12":7,"13":7,"14":0,"15":0,"16":4,"17":4,"18":4,"19":4,"20":4,"21":0,"22":0,"23":5,"24":5,"25":5,"26":4,"27":4,"28":4,"29":1,"30":1},"f":{"0":7,"1":4,"2":5},"b":{"0":[4,3],"1":[2,5],"2":[2,5],"3":[2,2],"4":[2,2],"5":[3,2],"6":[3,2]}}
,"C:\\Users\\Utente\\OneDrive - Politecnico di Torino\\Universita\\Magistrale\\Secondo Anno\\Software_Engineering_2\\MainProject\\SE25-Participium\\Backend\\src\\middlewares\\authMiddleware.ts": {"path":"C:\\Users\\Utente\\OneDrive - Politecnico di Torino\\Universita\\Magistrale\\Secondo Anno\\Software_Engineering_2\\MainProject\\SE25-Participium\\Backend\\src\\middlewares\\authMiddleware.ts","statementMap":{"0":{"start":{"line":44,"column":0},"end":{"line":44,"column":16}},"1":{"start":{"line":3,"column":0},"end":{"line":3,"column":31}},"2":{"start":{"line":7,"column":31},"end":{"line":42,"column":1}},"3":{"start":{"line":8,"column":4},"end":{"line":41,"column":6}},"4":{"start":{"line":9,"column":8},"end":{"line":11,"column":9}},"5":{"start":{"line":10,"column":12},"end":{"line":10,"column":74}},"6":{"start":{"line":13,"column":8},"end":{"line":15,"column":9}},"7":{"start":{"line":14,"column":12},"end":{"line":14,"column":26}},"8":{"start":{"line":17,"column":21},"end":{"line":17,"column":36}},"9":{"start":{"line":18,"column":25},"end":{"line":18,"column":35}},"10":{"start":{"line":20,"column":8},"end":{"line":25,"column":9}},"11":{"start":{"line":21,"column":12},"end":{"line":23,"column":13}},"12":{"start":{"line":22,"column":16},"end":{"line":22,"column":30}},"13":{"start":{"line":24,"column":12},"end":{"line":24,"column":92}},"14":{"start":{"line":27,"column":8},"end":{"line":38,"column":9}},"15":{"start":{"line":28,"column":12},"end":{"line":30,"column":13}},"16":{"start":{"line":29,"column":16},"end":{"line":29,"column":30}},"17":{"start":{"line":32,"column":30},"end":{"line":32,"column":40}},"18":{"start":{"line":33,"column":12},"end":{"line":35,"column":13}},"19":{"start":{"line":34,"column":16},"end":{"line":34,"column":30}},"20":{"start":{"line":37,"column":12},"end":{"line":37,"column":92}},"21":{"start":{"line":40,"column":8},"end":{"line":40,"column":74}},"22":{"start":{"line":7,"column":13},"end":{"line":7,"column":31}},"23":{"start":{"line":45,"column":23},"end":{"line":45,"column":51}},"24":{"start":{"line":47,"column":4},"end":{"line":49,"column":5}},"25":{"start":{"line":48,"column":8},"end":{"line":48,"column":60}},"26":{"start":{"line":50,"column":4},"end":{"line":50,"column":11}}},"fnMap":{"0":{"name":"(anonymous_0)","decl":{"start":{"line":7,"column":31},"end":{"line":7,"column":32}},"loc":{"start":{"line":7,"column":64},"end":{"line":42,"column":1}}},"1":{"name":"(anonymous_1)","decl":{"start":{"line":8,"column":11},"end":{"line":8,"column":12}},"loc":{"start":{"line":8,"column":63},"end":{"line":41,"column":5}}},"2":{"name":"telegramBotAuth","decl":{"start":{"line":44,"column":16},"end":{"line":44,"column":31}},"loc":{"start":{"line":44,"column":79},"end":{"line":51,"column":1}}}},"branchMap":{"0":{"loc":{"start":{"line":9,"column":8},"end":{"line":11,"column":9}},"type":"if","locations":[{"start":{"line":9,"column":8},"end":{"line":11,"column":9}},{"start":{},"end":{}}]},"1":{"loc":{"start":{"line":13,"column":8},"end":{"line":15,"column":9}},"type":"if","locations":[{"start":{"line":13,"column":8},"end":{"line":15,"column":9}},{"start":{},"end":{}}]},"2":{"loc":{"start":{"line":13,"column":12},"end":{"line":13,"column":54}},"type":"binary-expr","locations":[{"start":{"line":13,"column":12},"end":{"line":13,"column":25}},{"start":{"line":13,"column":29},"end":{"line":13,"column":54}}]},"3":{"loc":{"start":{"line":20,"column":8},"end":{"line":25,"column":9}},"type":"if","locations":[{"start":{"line":20,"column":8},"end":{"line":25,"column":9}},{"start":{},"end":{}}]},"4":{"loc":{"start":{"line":21,"column":12},"end":{"line":23,"column":13}},"type":"if","locations":[{"start":{"line":21,"column":12},"end":{"line":23,"column":13}},{"start":{},"end":{}}]},"5":{"loc":{"start":{"line":27,"column":8},"end":{"line":38,"column":9}},"type":"if","locations":[{"start":{"line":27,"column":8},"end":{"line":38,"column":9}},{"start":{},"end":{}}]},"6":{"loc":{"start":{"line":28,"column":12},"end":{"line":30,"column":13}},"type":"if","locations":[{"start":{"line":28,"column":12},"end":{"line":30,"column":13}},{"start":{},"end":{}}]},"7":{"loc":{"start":{"line":33,"column":12},"end":{"line":35,"column":13}},"type":"if","locations":[{"start":{"line":33,"column":12},"end":{"line":35,"column":13}},{"start":{},"end":{}}]},"8":{"loc":{"start":{"line":33,"column":16},"end":{"line":33,"column":74}},"type":"binary-expr","locations":[{"start":{"line":33,"column":16},"end":{"line":33,"column":25}},{"start":{"line":33,"column":29},"end":{"line":33,"column":74}}]},"9":{"loc":{"start":{"line":47,"column":4},"end":{"line":49,"column":5}},"type":"if","locations":[{"start":{"line":47,"column":4},"end":{"line":49,"column":5}},{"start":{},"end":{}}]},"10":{"loc":{"start":{"line":47,"column":8},"end":{"line":47,"column":76}},"type":"binary-expr","locations":[{"start":{"line":47,"column":8},"end":{"line":47,"column":19}},{"start":{"line":47,"column":23},"end":{"line":47,"column":76}}]}},"s":{"0":10,"1":10,"2":10,"3":142,"4":229,"5":15,"6":214,"7":5,"8":209,"9":209,"10":209,"11":27,"12":27,"13":0,"14":182,"15":182,"16":41,"17":141,"18":141,"19":131,"20":10,"21":0,"22":10,"23":31,"24":31,"25":6,"26":25},"f":{"0":142,"1":229,"2":31},"b":{"0":[15,214],"1":[5,209],"2":[214,209],"3":[27,182],"4":[27,0],"5":[182,0],"6":[41,141],"7":[131,10],"8":[141,141],"9":[6,25],"10":[31,27]}}
,"C:\\Users\\Utente\\OneDrive - Politecnico di Torino\\Universita\\Magistrale\\Secondo Anno\\Software_Engineering_2\\MainProject\\SE25-Participium\\Backend\\src\\middlewares\\errorMiddleware.ts": {"path":"C:\\Users\\Utente\\OneDrive - Politecnico di Torino\\Universita\\Magistrale\\Secondo Anno\\Software_Engineering_2\\MainProject\\SE25-Participium\\Backend\\src\\middlewares\\errorMiddleware.ts","statementMap":{"0":{"start":{"line":5,"column":0},"end":{"line":5,"column":16}},"1":{"start":{"line":1,"column":0},"end":{"line":1,"column":57}},"2":{"start":{"line":2,"column":0},"end":{"line":2,"column":56}},"3":{"start":{"line":11,"column":29},"end":{"line":11,"column":48}},"4":{"start":{"line":12,"column":2},"end":{"line":12,"column":63}}},"fnMap":{"0":{"name":"errorHandler","decl":{"start":{"line":5,"column":16},"end":{"line":5,"column":28}},"loc":{"start":{"line":9,"column":20},"end":{"line":13,"column":1}}}},"branchMap":{},"s":{"0":9,"1":9,"2":9,"3":67,"4":67},"f":{"0":67},"b":{}}
[...]
:{"line":165,"column":6},"end":{"line":165,"column":35}},"79":{"start":{"line":167,"column":6},"end":{"line":167,"column":16}},"80":{"start":{"line":173,"column":0},"end":{"line":198,"column":2}},"81":{"start":{"line":174,"column":4},"end":{"line":196,"column":5}},"82":{"start":{"line":175,"column":23},"end":{"line":175,"column":60}},"83":{"start":{"line":177,"column":34},"end":{"line":177,"column":42}},"84":{"start":{"line":179,"column":28},"end":{"line":179,"column":81}},"85":{"start":{"line":181,"column":24},"end":{"line":181,"column":41}},"86":{"start":{"line":183,"column":28},"end":{"line":183,"column":46}},"87":{"start":{"line":187,"column":6},"end":{"line":191,"column":7}},"88":{"start":{"line":188,"column":8},"end":{"line":188,"column":91}},"89":{"start":{"line":189,"column":13},"end":{"line":191,"column":7}},"90":{"start":{"line":190,"column":8},"end":{"line":190,"column":89}},"91":{"start":{"line":193,"column":6},"end":{"line":193,"column":35}},"92":{"start":{"line":195,"column":6},"end":{"line":195,"column":16}},"93":{"start":{"line":201,"column":0},"end":{"line":216,"column":3}},"94":{"start":{"line":202,"column":4},"end":{"line":215,"column":5}},"95":{"start":{"line":203,"column":21},"end":{"line":203,"column":84}},"96":{"start":{"line":204,"column":25},"end":{"line":204,"column":62}},"97":{"start":{"line":206,"column":39},"end":{"line":206,"column":47}},"98":{"start":{"line":208,"column":8},"end":{"line":210,"column":9}},"99":{"start":{"line":209,"column":12},"end":{"line":209,"column":66}},"100":{"start":{"line":212,"column":8},"end":{"line":212,"column":118}},"101":{"start":{"line":214,"column":8},"end":{"line":214,"column":18}},"102":{"start":{"line":218,"column":0},"end":{"line":228,"column":3}},"103":{"start":{"line":219,"column":4},"end":{"line":227,"column":5}},"104":{"start":{"line":220,"column":25},"end":{"line":220,"column":62}},"105":{"start":{"line":222,"column":21},"end":{"line":222,"column":84}},"106":{"start":{"line":224,"column":8},"end":{"line":224,"column":72}},"107":{"start":{"line":226,"column":8},"end":{"line":226,"column":18}},"108":{"start":{"line":230,"column":0},"end":{"line":242,"column":null}},"109":{"start":{"line":231,"column":4},"end":{"line":241,"column":5}},"110":{"start":{"line":232,"column":23},"end":{"line":232,"column":57}},"111":{"start":{"line":233,"column":8},"end":{"line":236,"column":9}},"112":{"start":{"line":234,"column":12},"end":{"line":234,"column":71}},"113":{"start":{"line":235,"column":12},"end":{"line":235,"column":19}},"114":{"start":{"line":237,"column":24},"end":{"line":237,"column":97}},"115":{"start":{"line":238,"column":8},"end":{"line":238,"column":95}},"116":{"start":{"line":240,"column":8},"end":{"line":240,"column":18}},"117":{"start":{"line":244,"column":0},"end":{"line":255,"column":3}},"118":{"start":{"line":245,"column":4},"end":{"line":254,"column":5}},"119":{"start":{"line":246,"column":38},"end":{"line":246,"column":48}},"120":{"start":{"line":247,"column":24},"end":{"line":247,"column":77}},"121":{"start":{"line":249,"column":24},"end":{"line":249,"column":75}},"122":{"start":{"line":251,"column":8},"end":{"line":251,"column":38}},"123":{"start":{"line":253,"column":8},"end":{"line":253,"column":18}},"124":{"start":{"line":257,"column":0},"end":{"line":265,"column":3}},"125":{"start":{"line":258,"column":4},"end":{"line":264,"column":5}},"126":{"start":{"line":259,"column":25},"end":{"line":259,"column":62}},"127":{"start":{"line":260,"column":23},"end":{"line":260,"column":52}},"128":{"start":{"line":261,"column":8},"end":{"line":261,"column":37}},"129":{"start":{"line":263,"column":8},"end":{"line":263,"column":18}},"130":{"start":{"line":267,"column":0},"end":{"line":267,"column":22}}},"fnMap":{"0":{"name":"(anonymous_0)","decl":{"start":{"line":30,"column":27},"end":{"line":30,"column":28}},"loc":{"start":{"line":30,"column":57},"end":{"line":67,"column":1}}},"1":{"name":"(anonymous_1)","decl":{"start":{"line":69,"column":88},"end":{"line":69,"column":93}},"loc":{"start":{"line":69,"column":113},"end":{"line":77,"column":1}}},"2":{"name":"(anonymous_2)","decl":{"start":{"line":79,"column":44},"end":{"line":79,"column":49}},"loc":{"start":{"line":79,"column":69},"end":{"line":88,"column":1}}},"3":{"name":"(anonymous_3)","decl":{"start":{"line":90,"column":22},"end":{"line":90,"column":27}},"loc":{"start":{"line":90,"column":47},"end":{"line":98,"column":1}}},"4":{"name":"(anonymous_4)","decl":{"start":{"line":100,"column":53},"end":{"line":100,"column":58}},"loc":{"start":{"line":100,"column":78},"end":{"line":109,"column":1}}},"5":{"name":"(anonymous_5)","decl":{"start":{"line":112,"column":69},"end":{"line":112,"column":74}},"loc":{"start":{"line":112,"column":94},"end":{"line":130,"column":1}}},"6":{"name":"(anonymous_6)","decl":{"start":{"line":133,"column":73},"end":{"line":133,"column":78}},"loc":{"start":{"line":133,"column":98},"end":{"line":145,"column":5}}},"7":{"name":"(anonymous_7)","decl":{"start":{"line":149,"column":77},"end":{"line":149,"column":82}},"loc":{"start":{"line":149,"column":102},"end":{"line":169,"column":3}}},"8":{"name":"(anonymous_8)","decl":{"start":{"line":173,"column":89},"end":{"line":173,"column":94}},"loc":{"start":{"line":173,"column":114},"end":{"line":197,"column":3}}},"9":{"name":"(anonymous_9)","decl":{"start":{"line":201,"column":74},"end":{"line":201,"column":79}},"loc":{"start":{"line":201,"column":99},"end":{"line":216,"column":1}}},"10":{"name":"(anonymous_10)","decl":{"start":{"line":218,"column":73},"end":{"line":218,"column":78}},"loc":{"start":{"line":218,"column":98},"end":{"line":228,"column":1}}},"11":{"name":"(anonymous_11)","decl":{"start":{"line":230,"column":83},"end":{"line":230,"column":88}},"loc":{"start":{"line":230,"column":108},"end":{"line":242,"column":1}}},"12":{"name":"(anonymous_12)","decl":{"start":{"line":244,"column":68},"end":{"line":244,"column":73}},"loc":{"start":{"line":244,"column":93},"end":{"line":255,"column":1}}},"13":{"name":"(anonymous_13)","decl":{"start":{"line":257,"column":58},"end":{"line":257,"column":63}},"loc":{"start":{"line":257,"column":83},"end":{"line":265,"column":1}}}},"branchMap":{"0":{"loc":{"start":{"line":34,"column":4},"end":{"line":36,"column":5}},"type":"if","locations":[{"start":{"line":34,"column":4},"end":{"line":36,"column":5}},{"start":{},"end":{}}]},"1":{"loc":{"start":{"line":34,"column":8},"end":{"line":34,"column":64}},"type":"binary-expr","locations":[{"start":{"line":34,"column":8},"end":{"line":34,"column":24}},{"start":{"line":34,"column":28},"end":{"line":34,"column":64}}]},"2":{"loc":{"start":{"line":38,"column":4},"end":{"line":40,"column":5}},"type":"if","locations":[{"start":{"line":38,"column":4},"end":{"line":40,"column":5}},{"start":{},"end":{}}]},"3":{"loc":{"start":{"line":38,"column":8},"end":{"line":38,"column":42}},"type":"binary-expr","locations":[{"start":{"line":38,"column":8},"end":{"line":38,"column":13}},{"start":{"line":38,"column":17},"end":{"line":38,"column":42}}]},"4":{"loc":{"start":{"line":42,"column":4},"end":{"line":44,"column":5}},"type":"if","locations":[{"start":{"line":42,"column":4},"end":{"line":44,"column":5}},{"start":{},"end":{}}]},"5":{"loc":{"start":{"line":42,"column":8},"end":{"line":42,"column":60}},"type":"binary-expr","locations":[{"start":{"line":42,"column":8},"end":{"line":42,"column":22}},{"start":{"line":42,"column":26},"end":{"line":42,"column":60}}]},"6":{"loc":{"start":{"line":46,"column":4},"end":{"line":48,"column":5}},"type":"if","locations":[{"start":{"line":46,"column":4},"end":{"line":48,"column":5}},{"start":{},"end":{}}]},"7":{"loc":{"start":{"line":50,"column":4},"end":{"line":52,"column":5}},"type":"if","locations":[{"start":{"line":50,"column":4},"end":{"line":52,"column":5}},{"start":{},"end":{}}]},"8":{"loc":{"start":{"line":54,"column":4},"end":{"line":56,"column":5}},"type":"if","locations":[{"start":{"line":54,"column":4},"end":{"line":56,"column":5}},{"start":{},"end":{}}]},"9":{"loc":{"start":{"line":54,"column":8},"end":{"line":54,"column":79}},"type":"binary-expr","locations":[{"start":{"line":54,"column":8},"end":{"line":54,"column":24}},{"start":{"line":54,"column":28},"end":{"line":54,"column":42}},{"start":{"line":54,"column":46},"end":{"line":54,"column":79}}]},"10":{"loc":{"start":{"line":58,"column":4},"end":{"line":60,"column":5}},"type":"if","locations":[{"start":{"line":58,"column":4},"end":{"line":60,"column":5}},{"start":{},"end":{}}]},"11":{"loc":{"start":{"line":62,"column":4},"end":{"line":64,"column":5}},"type":"if","locations":[{"start":{"line":62,"column":4},"end":{"line":64,"column":5}},{"start":{},"end":{}}]},"12":{"loc":{"start":{"line":121,"column":8},"end":{"line":123,"column":9}},"type":"if","locations":[{"start":{"line":121,"column":8},"end":{"line":123,"column":9}},{"start":{},"end":{}}]},"13":{"loc":{"start":{"line":157,"column":6},"end":{"line":159,"column":7}},"type":"if","locations":[{"start":{"line":157,"column":6},"end":{"line":159,"column":7}},{"start":{},"end":{}}]},"14":{"loc":{"start":{"line":187,"column":6},"end":{"line":191,"column":7}},"type":"if","locations":[{"start":{"line":187,"column":6},"end":{"line":191,"column":7}},{"start":{"line":189,"column":13},"end":{"line":191,"column":7}}]},"15":{"loc":{"start":{"line":189,"column":13},"end":{"line":191,"column":7}},"type":"if","locations":[{"start":{"line":189,"column":13},"end":{"line":191,"column":7}},{"start":{},"end":{}}]},"16":{"loc":{"start":{"line":208,"column":8},"end":{"line":210,"column":9}},"type":"if","locations":[{"start":{"line":208,"column":8},"end":{"line":210,"column":9}},{"start":{},"end":{}}]},"17":{"loc":{"start":{"line":208,"column":12},"end":{"line":208,"column":76}},"type":"binary-expr","locations":[{"start":{"line":208,"column":12},"end":{"line":208,"column":20}},{"start":{"line":208,"column":24},"end":{"line":208,"column":51}},{"start":{"line":208,"column":55},"end":{"line":208,"column":76}}]},"18":{"loc":{"start":{"line":233,"column":8},"end":{"line":236,"column":9}},"type":"if","locations":[{"start":{"line":233,"column":8},"end":{"line":236,"column":9}},{"start":{},"end":{}}]}},"s":{"0":6,"1":6,"2":6,"3":6,"4":6,"5":6,"6":6,"7":6,"8":6,"9":6,"10":17,"11":17,"12":17,"13":2,"14":17,"15":1,"16":17,"17":0,"18":17,"19":3,"20":17,"21":3,"22":17,"23":1,"24":16,"25":2,"26":15,"27":3,"28":14,"29":6,"30":12,"31":12,"32":12,"33":12,"34":6,"35":6,"36":17,"37":17,"38":14,"39":14,"40":3,"41":6,"42":1,"43":1,"44":1,"45":0,"46":6,"47":8,"48":8,"49":7,"50":5,"51":3,"52":6,"53":15,"54":15,"55":14,"56":14,"57":9,"58":2,"59":8,"60":7,"61":8,"62":6,"63":23,"64":23,"65":23,"66":23,"67":23,"68":0,"69":6,"70":21,"71":21,"72":21,"73":21,"74":21,"75":0,"76":21,"77":21,"78":19,"79":2,"80":6,"81":19,"82":19,"83":17,"84":17,"85":9,"86":9,"87":9,"88":4,"89":5,"90":5,"91":7,"92":12,"93":6,"94":19,"95":19,"96":19,"97":19,"98":19,"99":1,"100":18,"101":7,"102":6,"103":3,"104":3,"105":3,"106":3,"107":0,"108":6,"109":15,"110":15,"111":15,"112":1,"113":1,"114":14,"115":13,"116":6,"117":6,"118":4,"119":4,"120":4,"121":2,"122":2,"123":2,"124":6,"125":6,"126":6,"127":4,"128":2,"129":4,"130":6},"f":{"0":17,"1":12,"2":17,"3":1,"4":8,"5":15,"6":23,"7":21,"8":19,"9":19,"10":3,"11":15,"12":4,"13":6},"b":{"0":[2,15],"1":[17,2],"2":[1,16],"3":[17,1],"4":[0,17],"5":[17,0],"6":[3,14],"7":[3,14],"8":[1,16],"9":[17,3,2],"10":[2,14],"11":[3,12],"12":[2,7],"13":[0,21],"14":[4,5],"15":[5,0],"16":[1,18],"17":[19,18,18],"18":[1,14]}}
,"C:\\Users\\Utente\\OneDrive - Politecnico di Torino\\Universita\\Magistrale\\Secondo Anno\\Software_Engineering_2\\MainProject\\SE25-Participium\\Backend\\src\\routes\\staffRoutes.ts": {"path":"C:\\Users\\Utente\\OneDrive - Politecnico di Torino\\Universita\\Magistrale\\Secondo Anno\\Software_Engineering_2\\MainProject\\SE25-Participium\\Backend\\src\\routes\\staffRoutes.ts","statementMap":{"0":{"start":{"line":1,"column":0},"end":{"line":1,"column":31}},"1":{"start":{"line":2,"column":0},"end":{"line":2,"column":60}},"2":{"start":{"line":3,"column":0},"end":{"line":3,"column":40}},"3":{"start":{"line":4,"column":0},"end":{"line":4,"column":84}},"4":{"start":{"line":5,"column":0},"end":{"line":5,"column":63}},"5":{"start":{"line":7,"column":15},"end":{"line":7,"column":23}},"6":{"start":{"line":9,"column":0},"end":{"line":9,"column":null}},"7":{"start":{"line":11,"column":0},"end":{"line":11,"column":null}},"8":{"start":{"line":13,"column":0},"end":{"line":17,"column":2}},"9":{"start":{"line":16,"column":24},"end":{"line":16,"column":58}},"10":{"start":{"line":19,"column":0},"end":{"line":23,"column":2}},"11":{"start":{"line":22,"column":18},"end":{"line":22,"column":38}},"12":{"start":{"line":25,"column":0},"end":{"line":25,"column":22}}},"fnMap":{"0":{"name":"(anonymous_0)","decl":{"start":{"line":16,"column":4},"end":{"line":16,"column":5}},"loc":{"start":{"line":16,"column":24},"end":{"line":16,"column":58}}},"1":{"name":"(anonymous_1)","decl":{"start":{"line":22,"column":4},"end":{"line":22,"column":5}},"loc":{"start":{"line":22,"column":18},"end":{"line":22,"column":38}}}},"branchMap":{},"s":{"0":6,"1":6,"2":6,"3":6,"4":6,"5":6,"6":6,"7":6,"8":6,"9":44,"10":6,"11":2,"12":6},"f":{"0":44,"1":2},"b":{}}
,"C:\\Users\\Utente\\OneDrive - Politecnico di Torino\\Universita\\Magistrale\\Secondo Anno\\Software_Engineering_2\\MainProject\\SE25-Participium\\Backend\\src\\services\\errorService.ts": {"path":"C:\\Users\\Utente\\OneDrive - Politecnico di Torino\\Universita\\Magistrale\\Secondo Anno\\Software_Engineering_2\\MainProject\\SE25-Participium\\Backend\\src\\services\\errorService.ts","statementMap":{"0":{"start":{"line":6,"column":0},"end":{"line":6,"column":16}},"1":{"start":{"line":2,"column":0},"end":{"line":2,"column":44}},"2":{"start":{"line":3,"column":0},"end":{"line":3,"column":52}},"3":{"start":{"line":4,"column":0},"end":{"line":4,"column":57}},"4":{"start":{"line":7,"column":29},"end":{"line":10,"column":null}},"5":{"start":{"line":13,"column":2},"end":{"line":13,"column":16}},"6":{"start":{"line":14,"column":2},"end":{"line":16,"column":4}},"7":{"start":{"line":18,"column":2},"end":{"line":23,"column":3}},"8":{"start":{"line":22,"column":4},"end":{"line":22,"column":67}},"9":{"start":{"line":25,"column":2},"end":{"line":25,"column":20}}},"fnMap":{"0":{"name":"createAppError","decl":{"start":{"line":6,"column":16},"end":{"line":6,"column":30}},"loc":{"start":{"line":6,"column":39},"end":{"line":26,"column":1}}}},"branchMap":{"0":{"loc":{"start":{"line":9,"column":4},"end":{"line":9,"column":43}},"type":"binary-expr","locations":[{"start":{"line":9,"column":4},"end":{"line":9,"column":16}},{"start":{"line":9,"column":20},"end":{"line":9,"column":43}}]},"1":{"loc":{"start":{"line":15,"column":44},"end":{"line":15,"column":83}},"type":"binary-expr","locations":[{"start":{"line":15,"column":44},"end":{"line":15,"column":54}},{"start":{"line":15,"column":58},"end":{"line":15,"column":83}}]},"2":{"loc":{"start":{"line":18,"column":2},"end":{"line":23,"column":3}},"type":"if","locations":[{"start":{"line":18,"column":2},"end":{"line":23,"column":3}},{"start":{},"end":{}}]},"3":{"loc":{"start":{"line":19,"column":4},"end":{"line":20,"column":50}},"type":"binary-expr","locations":[{"start":{"line":19,"column":4},"end":{"line":19,"column":27}},{"start":{"line":20,"column":5},"end":{"line":20,"column":15}},{"start":{"line":20,"column":19},"end":{"line":20,"column":49}}]}},"s":{"0":9,"1":9,"2":9,"3":9,"4":67,"5":67,"6":67,"7":67,"8":67,"9":67},"f":{"0":67},"b":{"0":[67,0],"1":[67,0],"2":[67,0],"3":[67,0,0]}}
,"C:\\Users\\Utente\\OneDrive - Politecnico di Torino\\Universita\\Magistrale\\Secondo Anno\\Software_Engineering_2\\MainProject\\SE25-Participium\\Backend\\src\\services\\mapperService.ts": {"path":"C:\\Users\\Utente\\OneDrive - Politecnico di Torino\\Universita\\Magistrale\\Secondo Anno\\Software_Engineering_2\\MainProject\\SE25-Participium\\Backend\\src\\services\\mapperService.ts","statementMap":{"0":{"start":{"line":16,"column":0},"end":{"line":16,"column":16}},"1":{"start":{"line":41,"column":0},"end":{"line":41,"column":16}},"2":{"start":{"line":53,"column":0},"end":{"line":53,"column":16}},"3":{"start":{"line":63,"column":0},"end":{"line":63,"column":16}},"4":{"start":{"line":75,"column":0},"end":{"line":75,"column":16}},"5":{"start":{"line":96,"column":0},"end":{"line":96,"column":16}},"6":{"start":{"line":109,"column":0},"end":{"line":109,"column":16}},"7":{"start":{"line":21,"column":2},"end":{"line":25,"column":17}},"8":{"start":{"line":29,"column":2},"end":{"line":36,"column":18}},"9":{"start":{"line":32,"column":8},"end":{"line":34,"column":51}},"10":{"start":{"line":42,"column":2},"end":{"line":50,"column":19}},"11":{"start":{"line":54,"column":2},"end":{"line":60,"column":17}},"12":{"start":{"line":59,"column":43},"end":{"line":59,"column":49}},"13":{"start":{"line":64,"column":2},"end":{"line":70,"column":18}},"14":{"start":{"line":69,"column":46},"end":{"line":69,"column":70}},"15":{"start":{"line":76,"column":2},"end":{"line":91,"column":20}},"16":{"start":{"line":97,"column":4},"end":{"line":106,"column":6}},"17":{"start":{"line":110,"column":4},"end":{"line":115,"column":21}}},"fnMap":{"0":{"name":"createErrorDTO","decl":{"start":{"line":16,"column":16},"end":{"line":16,"column":30}},"loc":{"start":{"line":19,"column":15},"end":{"line":26,"column":1}}},"1":{"name":"removeNullAttributes","decl":{"start":{"line":28,"column":9},"end":{"line":28,"column":29}},"loc":{"start":{"line":28,"column":54},"end":{"line":37,"column":1}}},"2":{"name":"(anonymous_2)","decl":{"start":{"line":31,"column":6},"end":{"line":31,"column":7}},"loc":{"start":{"line":32,"column":8},"end":{"line":34,"column":51}}},"3":{"name":"mapCitizenDAOToDTO","decl":{"start":{"line":41,"column":16},"end":{"line":41,"column":34}},"loc":{"start":{"line":41,"column":57},"end":{"line":51,"column":1}}},"4":{"name":"mapStaffDAOToDTO","decl":{"start":{"line":53,"column":16},"end":{"line":53,"column":32}},"loc":{"start":{"line":53,"column":51},"end":{"line":61,"column":1}}},"5":{"name":"(anonymous_5)","decl":{"start":{"line":59,"column":38},"end":{"line":59,"column":39}},"loc":{"start":{"line":59,"column":43},"end":{"line":59,"column":49}}},"6":{"name":"mapOfficeDAOToDTO","decl":{"start":{"line":63,"column":16},"end":{"line":63,"column":33}},"loc":{"start":{"line":63,"column":54},"end":{"line":71,"column":1}}},"7":{"name":"(anonymous_7)","decl":{"start":{"line":69,"column":36},"end":{"line":69,"column":42}},"loc":{"start":{"line":69,"column":46},"end":{"line":69,"column":70}}},"8":{"name":"mapReportDAOToDTO","decl":{"start":{"line":75,"column":16},"end":{"line":75,"column":33}},"loc":{"start":{"line":75,"column":54},"end":{"line":92,"column":1}}},"9":{"name":"mapNotificationDAOToDTO","decl":{"start":{"line":96,"column":16},"end":{"line":96,"column":39}},"loc":{"start":{"line":96,"column":60},"end":{"line":107,"column":1}}},"10":{"name":"mapMessageToDTO","decl":{"start":{"line":109,"column":16},"end":{"line":109,"column":31}},"loc":{"start":{"line":109,"column":54},"end":{"line":116,"column":1}}}},"branchMap":{"0":{"loc":{"start":{"line":32,"column":8},"end":{"line":34,"column":51}},"type":"binary-expr","locations":[{"start":{"line":32,"column":8},"end":{"line":32,"column":22}},{"start":{"line":33,"column":8},"end":{"line":33,"column":27}},{"start":{"line":34,"column":9},"end":{"line":34,"column":30}},{"start":{"line":34,"column":34},"end":{"line":34,"column":50}}]},"1":{"loc":{"start":{"line":78,"column":25},"end":{"line":78,"column":86}},"type":"cond-expr","locations":[{"start":{"line":78,"column":47},"end":{"line":78,"column":56}},{"start":{"line":78,"column":59},"end":{"line":78,"column":86}}]}},"s":{"0":16,"1":16,"2":16,"3":16,"4":16,"5":16,"6":16,"7":134,"8":808,"9":5262,"10":123,"11":375,"12":393,"13":0,"14":0,"15":142,"16":3,"17":34},"f":{"0":134,"1":808,"2":5262,"3":123,"4":375,"5":393,"6":0,"7":0,"8":142,"9":3,"10":34},"b":{"0":[5262,4904,4578,686],"1":[14,128]}}
}
