TN:
SF:src/utils.ts
FN:10,findOrThrowNotFound
FN:22,throwConflictIfFound
FN:32,validateStatus
FN:40,validateStatusByRole
FN:81,validateOfficeCategory
FN:89,validateIsExternal
FN:99,validateReportId
FN:107,validateDate
FN:115,isWithinTurin
FNF:9
FNH:2
FNDA:0,findOrThrowNotFound
FNDA:0,throwConflictIfFound
FNDA:0,validateStatus
FNDA:0,validateStatusByRole
FNDA:3,validateOfficeCategory
FNDA:2,validateIsExternal
FNDA:0,validateReportId
FNDA:0,validateDate
FNDA:0,isWithinTurin
DA:1,1
DA:2,1
DA:3,1
DA:4,1
DA:5,1
DA:6,1
DA:7,1
DA:8,1
DA:10,1
DA:15,0
DA:16,0
DA:17,0
DA:19,0
DA:22,1
DA:27,0
DA:28,0
DA:32,1
DA:33,0
DA:34,0
DA:35,0
DA:37,0
DA:40,1
DA:46,0
DA:47,0
DA:50,0
DA:52,0
DA:60,0
DA:61,0
DA:64,0
DA:65,0
DA:66,0
DA:68,0
DA:69,0
DA:72,0
DA:73,0
DA:74,0
DA:78,0
DA:81,1
DA:82,3
DA:83,3
DA:84,0
DA:86,3
DA:89,1
DA:90,2
DA:91,1
DA:92,1
DA:93,0
DA:95,1
DA:99,1
DA:100,0
DA:101,0
DA:102,0
DA:104,0
DA:107,1
DA:108,0
DA:109,0
DA:110,0
DA:112,0
DA:115,1
DA:116,0
DA:117,0
DA:118,0
DA:120,0
DA:122,0
DA:123,0
LF:65
LH:24
BRDA:16,0,0,0
BRDA:16,0,1,0
BRDA:27,1,0,0
BRDA:27,1,1,0
BRDA:34,2,0,0
BRDA:34,2,1,0
BRDA:46,3,0,0
BRDA:46,3,1,0
BRDA:60,4,0,0
BRDA:60,4,1,0
BRDA:64,5,0,0
BRDA:64,5,1,0
BRDA:65,6,0,0
BRDA:65,6,1,0
BRDA:65,7,0,0
BRDA:65,7,1,0
BRDA:65,7,2,0
BRDA:68,8,0,0
BRDA:68,8,1,0
BRDA:68,9,0,0
BRDA:68,9,1,0
BRDA:72,10,0,0
BRDA:72,10,1,0
BRDA:72,11,0,0
BRDA:72,11,1,0
BRDA:73,12,0,0
BRDA:73,12,1,0
BRDA:73,13,0,0
BRDA:73,13,1,0
BRDA:83,14,0,0
BRDA:83,14,1,3
BRDA:90,15,0,1
BRDA:90,15,1,1
BRDA:92,16,0,0
BRDA:92,16,1,1
BRDA:101,17,0,0
BRDA:101,17,1,0
BRDA:101,18,0,0
BRDA:101,18,1,0
BRDA:101,18,2,0
BRDA:109,19,0,0
BRDA:109,19,1,0
BRF:42
BRH:4
end_of_record
TN:
SF:src/controllers/authController.ts
FN:19,(anonymous_1)
FN:26,(anonymous_2)
FN:36,(anonymous_3)
FN:48,register
FN:75,createEmailVerification
FN:101,registerMunicipalityUser
FN:130,updateStaffOffices
FN:162,login
FN:171,(anonymous_9)
FN:183,(anonymous_10)
FN:193,createTelegramVerification
FN:201,verifyTelegramUser
FN:209,verifyEmailUser
FNF:13
FNH:4
FNDA:0,(anonymous_1)
FNDA:0,(anonymous_2)
FNDA:0,(anonymous_3)
FNDA:0,register
FNDA:0,createEmailVerification
FNDA:0,registerMunicipalityUser
FNDA:1,updateStaffOffices
FNDA:11,login
FNDA:11,(anonymous_9)
FNDA:11,(anonymous_10)
FNDA:0,createTelegramVerification
FNDA:0,verifyTelegramUser
FNDA:0,verifyEmailUser
DA:1,1
DA:2,1
DA:3,1
DA:4,1
DA:5,1
DA:6,1
DA:7,1
DA:8,1
DA:9,1
DA:11,1
DA:12,1
DA:13,1
DA:15,1
DA:18,1
DA:20,0
DA:21,0
DA:22,0
DA:24,0
DA:27,0
DA:28,0
DA:33,1
DA:37,0
DA:38,0
DA:39,0
DA:40,0
DA:41,0
DA:43,0
DA:48,1
DA:56,0
DA:57,0
DA:60,0
DA:69,0
DA:71,0
DA:75,1
DA:76,0
DA:77,0
DA:78,0
DA:79,0
DA:81,0
DA:82,0
DA:83,0
DA:85,0
DA:87,0
DA:91,0
DA:98,0
DA:101,1
DA:109,0
DA:110,0
DA:112,0
DA:113,0
DA:116,0
DA:118,0
DA:127,0
DA:130,1
DA:131,1
DA:132,1
DA:134,1
DA:135,1
DA:137,1
DA:138,1
DA:139,0
DA:142,0
DA:143,0
DA:144,0
DA:147,0
DA:148,0
DA:149,0
DA:152,0
DA:158,1
DA:162,1
DA:163,11
DA:165,11
DA:166,0
DA:169,11
DA:171,11
DA:172,11
DA:173,0
DA:176,11
DA:177,0
DA:183,11
DA:184,11
DA:185,0
DA:188,11
DA:193,1
DA:194,0
DA:195,0
DA:196,0
DA:197,0
DA:198,0
DA:201,1
DA:202,0
DA:203,0
DA:205,0
DA:206,0
DA:209,1
DA:210,0
DA:211,0
DA:213,0
DA:214,0
LF:99
LH:39
BRDA:21,0,0,0
BRDA:21,0,1,0
BRDA:40,1,0,0
BRDA:40,1,1,0
BRDA:40,2,0,0
BRDA:40,2,1,0
BRDA:54,3,0,0
BRDA:78,4,0,0
BRDA:78,4,1,0
BRDA:81,5,0,0
BRDA:81,5,1,0
BRDA:83,6,0,0
BRDA:83,6,1,0
BRDA:112,7,0,0
BRDA:112,7,1,0
BRDA:137,8,0,1
BRDA:137,8,1,0
BRDA:142,9,0,0
BRDA:142,9,1,0
BRDA:147,10,0,0
BRDA:147,10,1,0
BRDA:165,11,0,0
BRDA:165,11,1,11
BRDA:165,12,0,11
BRDA:165,12,1,11
BRDA:169,13,0,0
BRDA:169,13,1,11
BRDA:172,14,0,0
BRDA:172,14,1,11
BRDA:176,15,0,0
BRDA:176,15,1,11
BRDA:178,16,0,0
BRDA:178,16,1,0
BRDA:184,17,0,0
BRDA:184,17,1,11
BRDA:195,18,0,0
BRDA:195,18,1,0
BRDA:202,19,0,0
BRDA:202,19,1,0
BRDA:210,20,0,0
BRDA:210,20,1,0
BRF:41
BRH:8
end_of_record
TN:
SF:src/controllers/staffController.ts
FN:8,getAllStaff
FN:30,getAllEMStaff
FN:47,getAllTOSM
FNF:3
FNH:3
FNDA:2,getAllStaff
FNDA:2,getAllEMStaff
FNDA:2,getAllTOSM
DA:2,1
DA:3,1
DA:4,1
DA:6,1
DA:8,1
DA:9,2
DA:10,2
DA:13,2
DA:17,2
DA:19,2
DA:21,2
DA:23,2
DA:25,0
DA:26,0
DA:30,1
DA:31,2
DA:32,2
DA:36,2
DA:38,2
DA:40,2
DA:42,0
DA:43,0
DA:47,1
DA:48,2
DA:49,2
DA:52,2
DA:54,2
DA:55,2
DA:57,2
DA:59,0
DA:60,0
LF:31
LH:25
BRDA:10,0,0,1
BRDA:10,0,1,1
BRDA:13,1,0,1
BRDA:13,1,1,1
BRDA:19,2,0,1
BRDA:19,2,1,1
BRDA:32,3,0,1
BRDA:32,3,1,1
BRDA:36,4,0,1
BRDA:36,4,1,1
BRDA:49,5,0,1
BRDA:49,5,1,1
BRDA:52,6,0,1
BRDA:52,6,1,1
BRF:14
BRH:14
end_of_record
TN:
SF:src/middlewares/authMiddleware.ts
FN:7,(anonymous_0)
FN:8,(anonymous_1)
FN:44,telegramBotAuth
FNF:3
FNH:2
FNDA:8,(anonymous_0)
FNDA:15,(anonymous_1)
FNDA:0,telegramBotAuth
DA:3,1
DA:7,1
DA:8,8
DA:9,15
DA:10,4
DA:13,11
DA:14,0
DA:17,11
DA:18,11
DA:20,11
DA:21,0
DA:22,0
DA:24,0
DA:27,11
DA:28,11
DA:29,0
DA:32,11
DA:33,11
DA:34,7
DA:37,4
DA:40,0
DA:44,1
DA:45,0
DA:47,0
DA:48,0
DA:50,0
LF:26
LH:16
BRDA:9,0,0,4
BRDA:9,0,1,11
BRDA:13,1,0,0
BRDA:13,1,1,11
BRDA:13,2,0,11
BRDA:13,2,1,11
BRDA:20,3,0,0
BRDA:20,3,1,11
BRDA:21,4,0,0
BRDA:21,4,1,0
BRDA:27,5,0,11
BRDA:27,5,1,0
BRDA:28,6,0,0
BRDA:28,6,1,11
BRDA:33,7,0,7
BRDA:33,7,1,4
BRDA:33,8,0,11
BRDA:33,8,1,11
BRDA:47,9,0,0
BRDA:47,9,1,0
BRDA:47,10,0,0
BRDA:47,10,1,0
BRF:22
BRH:12
end_of_record
TN:
SF:src/middlewares/errorMiddleware.ts
FN:5,errorHandler
FNF:1
FNH:1
FNDA:1,errorHandler
DA:1,1
DA:2,1
DA:5,1
DA:11,1
DA:12,1
LF:5
LH:5
BRF:0
BRH:0
end_of_record
TN:
SF:src/repositories/citizenRepository.ts
FN:11,(anonymous_1)
FN:15,(anonymous_2)
FN:46,(anonymous_3)
FN:51,(anonymous_4)
FN:56,(anonymous_5)
FN:61,(anonymous_6)
FN:86,(anonymous_8)
FN:92,(anonymous_9)
FN:107,(anonymous_10)
FN:136,(anonymous_11)
FNF:10
FNH:2
FNDA:1,(anonymous_1)
FNDA:1,(anonymous_2)
FNDA:0,(anonymous_3)
FNDA:0,(anonymous_4)
FNDA:0,(anonymous_5)
FNDA:0,(anonymous_6)
FNDA:0,(anonymous_8)
FNDA:0,(anonymous_9)
FNDA:0,(anonymous_10)
FNDA:0,(anonymous_11)
DA:1,1
DA:2,1
DA:3,1
DA:5,1
DA:6,1
DA:8,1
DA:12,1
DA:16,1
DA:17,3
DA:18,3
DA:19,3
DA:21,3
DA:28,3
DA:29,0
DA:31,3
DA:39,3
DA:40,3
DA:47,0
DA:52,0
DA:57,0
DA:62,0
DA:74,0
DA:75,0
DA:78,0
DA:79,0
DA:80,0
DA:81,0
DA:84,0
DA:86,0
DA:90,0
DA:92,0
DA:97,0
DA:116,0
DA:117,0
DA:118,0
DA:121,0
DA:122,0
DA:125,0
DA:126,0
DA:129,0
DA:130,0
DA:133,0
DA:137,0
LF:43
LH:16
BRDA:15,0,0,0
BRDA:28,1,0,0
BRDA:28,1,1,3
BRDA:72,2,0,0
BRDA:74,3,0,0
BRDA:74,3,1,0
BRDA:74,4,0,0
BRDA:74,4,1,0
BRDA:74,4,2,0
BRDA:74,4,3,0
BRDA:74,4,4,0
BRDA:117,5,0,0
BRDA:117,5,1,0
BRDA:121,6,0,0
BRDA:121,6,1,0
BRDA:125,7,0,0
BRDA:125,7,1,0
BRDA:129,8,0,0
BRDA:129,8,1,0
BRF:19
BRH:1
end_of_record
TN:
SF:src/repositories/officeRepository.ts
FN:9,(anonymous_0)
FN:14,(anonymous_1)
FN:127,(anonymous_2)
FN:135,(anonymous_3)
FN:140,(anonymous_4)
FN:145,(anonymous_5)
FNF:6
FNH:2
FNDA:1,(anonymous_0)
FNDA:1,(anonymous_1)
FNDA:0,(anonymous_2)
FNDA:0,(anonymous_3)
FNDA:0,(anonymous_4)
FNDA:0,(anonymous_5)
DA:1,1
DA:2,1
DA:6,1
DA:10,1
DA:15,1
DA:114,1
DA:115,17
DA:116,17
DA:118,17
DA:119,17
DA:120,17
DA:121,17
DA:128,0
DA:129,0
DA:131,0
DA:136,0
DA:141,0
DA:146,0
LF:18
LH:12
BRDA:118,0,0,17
BRDA:118,0,1,0
BRDA:128,1,0,0
BRDA:128,1,1,0
BRF:4
BRH:1
end_of_record
TN:
SF:src/repositories/pendingVerificationRepository.ts
FN:14,(anonymous_0)
FN:19,(anonymous_1)
FN:29,(anonymous_2)
FN:67,(anonymous_3)
FN:82,(anonymous_4)
FN:97,(anonymous_5)
FN:102,(anonymous_6)
FNF:7
FNH:0
FNDA:0,(anonymous_0)
FNDA:0,(anonymous_1)
FNDA:0,(anonymous_2)
FNDA:0,(anonymous_3)
FNDA:0,(anonymous_4)
FNDA:0,(anonymous_5)
FNDA:0,(anonymous_6)
DA:1,1
DA:2,1
DA:3,1
DA:4,1
DA:5,1
DA:6,1
DA:7,1
DA:8,1
DA:10,1
DA:15,0
DA:16,0
DA:25,0
DA:29,0
DA:32,0
DA:39,0
DA:40,0
DA:41,0
DA:42,0
DA:43,0
DA:44,0
DA:46,0
DA:49,0
DA:54,0
DA:56,0
DA:58,0
DA:68,0
DA:73,0
DA:74,0
DA:75,0
DA:77,0
DA:82,0
DA:86,0
DA:87,0
DA:88,0
DA:89,0
DA:90,0
DA:92,0
DA:93,0
DA:98,0
DA:102,0
LF:40
LH:9
BRDA:26,0,0,0
BRDA:26,0,1,0
BRDA:39,1,0,0
BRDA:39,1,1,0
BRDA:41,2,0,0
BRDA:41,2,1,0
BRDA:42,3,0,0
BRDA:42,3,1,0
BRDA:43,4,0,0
BRDA:43,4,1,0
BRDA:74,5,0,0
BRDA:74,5,1,0
BRDA:87,6,0,0
BRDA:87,6,1,0
BRDA:89,7,0,0
BRDA:89,7,1,0
BRDA:92,8,0,0
BRDA:92,8,1,0
BRDA:92,9,0,0
BRDA:92,9,1,0
BRF:20
BRH:0
end_of_record
TN:
SF:src/repositories/staffRepository.ts
FN:13,(anonymous_1)
FN:18,(anonymous_2)
FN:39,(anonymous_3)
FN:60,(anonymous_4)
FN:111,(anonymous_5)
FN:121,(anonymous_6)
FN:137,(anonymous_7)
FN:148,(anonymous_8)
FN:153,(anonymous_9)
FN:158,(anonymous_10)
FN:176,(anonymous_11)
FN:189,(anonymous_12)
FN:190,(anonymous_13)
FN:208,(anonymous_14)
FN:221,(anonymous_15)
FN:222,(anonymous_16)
FN:231,(anonymous_17)
FN:238,(anonymous_18)
FN:248,(anonymous_19)
FN:255,(anonymous_20)
FNF:20
FNH:10
FNDA:27,(anonymous_1)
FNDA:8,(anonymous_2)
FNDA:8,(anonymous_3)
FNDA:1,(anonymous_4)
FNDA:88,(anonymous_5)
FNDA:4,(anonymous_6)
FNDA:2,(anonymous_7)
FNDA:0,(anonymous_8)
FNDA:23,(anonymous_9)
FNDA:0,(anonymous_10)
FNDA:0,(anonymous_11)
FNDA:0,(anonymous_12)
FNDA:0,(anonymous_13)
FNDA:1,(anonymous_14)
FNDA:0,(anonymous_15)
FNDA:1,(anonymous_16)
FNDA:0,(anonymous_17)
FNDA:0,(anonymous_18)
FNDA:0,(anonymous_19)
FNDA:0,(anonymous_20)
DA:1,1
DA:2,1
DA:3,1
DA:4,1
DA:5,1
DA:6,1
DA:7,1
DA:9,1
DA:14,27
DA:15,27
DA:19,8
DA:25,8
DA:26,8
DA:34,8
DA:35,8
DA:40,8
DA:46,8
DA:47,8
DA:55,8
DA:56,8
DA:62,1
DA:63,1
DA:64,1
DA:68,1
DA:69,0
DA:73,1
DA:81,1
DA:82,1
DA:86,1
DA:87,1
DA:88,1
DA:92,1
DA:93,0
DA:97,1
DA:105,1
DA:106,1
DA:110,1
DA:111,88
DA:112,16
DA:113,8
DA:115,8
DA:122,4
DA:123,3
DA:133,1
DA:138,2
DA:149,0
DA:154,23
DA:166,0
DA:167,0
DA:170,0
DA:171,0
DA:172,0
DA:174,0
DA:176,0
DA:180,0
DA:181,0
DA:184,0
DA:188,0
DA:189,0
DA:190,0
DA:191,0
DA:195,0
DA:204,0
DA:209,1
DA:210,1
DA:212,1
DA:213,0
DA:216,1
DA:220,1
DA:221,1
DA:222,1
DA:223,1
DA:226,0
DA:227,0
DA:232,0
DA:233,0
DA:235,0
DA:236,0
DA:238,0
DA:239,0
DA:240,0
DA:243,0
DA:244,0
DA:249,0
DA:250,0
DA:252,0
DA:253,0
DA:255,0
DA:256,0
LF:89
LH:52
BRDA:25,0,0,8
BRDA:25,0,1,0
BRDA:46,1,0,8
BRDA:46,1,1,0
BRDA:63,2,0,1
BRDA:63,2,1,0
BRDA:68,3,0,0
BRDA:68,3,1,1
BRDA:87,4,0,1
BRDA:87,4,1,0
BRDA:92,5,0,0
BRDA:92,5,1,1
BRDA:112,6,0,8
BRDA:112,6,1,8
BRDA:122,7,0,3
BRDA:122,7,1,1
BRDA:122,8,0,4
BRDA:122,8,1,1
BRDA:126,9,0,0
BRDA:126,9,1,3
BRDA:127,10,0,1
BRDA:127,10,1,2
BRDA:141,11,0,1
BRDA:141,11,1,1
BRDA:166,12,0,0
BRDA:166,12,1,0
BRDA:166,13,0,0
BRDA:166,13,1,0
BRDA:166,13,2,0
BRDA:166,13,3,0
BRDA:180,14,0,0
BRDA:180,14,1,0
BRDA:188,15,0,0
BRDA:188,15,1,0
BRDA:210,16,0,0
BRDA:210,16,1,1
BRDA:212,17,0,0
BRDA:212,17,1,1
BRDA:220,18,0,1
BRDA:220,18,1,0
BRDA:233,19,0,0
BRDA:233,19,1,0
BRDA:236,20,0,0
BRDA:236,20,1,0
BRDA:239,21,0,0
BRDA:239,21,1,0
BRDA:250,22,0,0
BRDA:250,22,1,0
BRDA:253,23,0,0
BRDA:253,23,1,0
BRF:50
BRH:20
end_of_record
TN:
SF:src/routes/authRoutes.ts
FN:19,(anonymous_0)
FN:53,(anonymous_1)
FN:69,(anonymous_2)
FN:87,(anonymous_3)
FN:88,(anonymous_4)
FN:96,(anonymous_5)
FN:100,(anonymous_6)
FN:109,(anonymous_7)
FN:119,(anonymous_8)
FN:134,(anonymous_9)
FNF:10
FNH:1
FNDA:0,(anonymous_0)
FNDA:0,(anonymous_1)
FNDA:11,(anonymous_2)
FNDA:0,(anonymous_3)
FNDA:0,(anonymous_4)
FNDA:0,(anonymous_5)
FNDA:0,(anonymous_6)
FNDA:0,(anonymous_7)
FNDA:0,(anonymous_8)
FNDA:0,(anonymous_9)
DA:1,1
DA:11,1
DA:12,1
DA:13,1
DA:14,1
DA:15,1
DA:17,1
DA:19,1
DA:20,0
DA:22,0
DA:24,0
DA:25,0
DA:27,0
DA:28,0
DA:30,0
DA:31,0
DA:33,0
DA:34,0
DA:36,0
DA:37,0
DA:39,0
DA:47,0
DA:49,0
DA:53,1
DA:54,0
DA:55,0
DA:63,0
DA:65,0
DA:69,1
DA:70,11
DA:72,11
DA:74,11
DA:75,0
DA:77,11
DA:78,0
DA:81,11
DA:83,0
DA:87,1
DA:88,0
DA:89,0
DA:90,0
DA:92,0
DA:96,1
DA:97,0
DA:100,1
DA:101,0
DA:102,0
DA:103,0
DA:105,0
DA:109,1
DA:110,0
DA:111,0
DA:112,0
DA:113,0
DA:115,0
DA:119,1
DA:120,0
DA:121,0
DA:123,0
DA:124,0
DA:127,0
DA:128,0
DA:130,0
DA:134,1
DA:135,0
DA:136,0
DA:137,0
DA:138,0
DA:140,0
DA:144,1
LF:70
LH:22
BRDA:24,0,0,0
BRDA:24,0,1,0
BRDA:24,1,0,0
BRDA:24,1,1,0
BRDA:27,2,0,0
BRDA:27,2,1,0
BRDA:30,3,0,0
BRDA:30,3,1,0
BRDA:33,4,0,0
BRDA:33,4,1,0
BRDA:36,5,0,0
BRDA:36,5,1,0
BRDA:74,6,0,0
BRDA:74,6,1,11
BRDA:77,7,0,0
BRDA:77,7,1,11
BRDA:89,8,0,0
BRDA:89,8,1,0
BRDA:123,9,0,0
BRDA:123,9,1,0
BRF:20
BRH:2
end_of_record
TN:
SF:src/routes/staffRoutes.ts
FN:16,(anonymous_0)
FN:22,(anonymous_1)
FNF:2
FNH:2
FNDA:1,(anonymous_0)
FNDA:2,(anonymous_1)
DA:1,1
DA:2,1
DA:3,1
DA:4,1
DA:5,1
DA:7,1
DA:9,1
DA:11,1
DA:13,1
DA:16,1
DA:19,1
DA:22,2
DA:25,1
LF:13
LH:13
BRF:0
BRH:0
end_of_record
TN:
SF:src/services/errorService.ts
FN:6,createAppError
FNF:1
FNH:1
FNDA:1,createAppError
DA:2,1
DA:3,1
DA:4,1
DA:6,1
DA:7,1
DA:13,1
DA:14,1
DA:18,1
DA:22,1
DA:25,1
LF:10
LH:10
BRDA:9,0,0,1
BRDA:9,0,1,0
BRDA:15,1,0,1
BRDA:15,1,1,0
BRDA:18,2,0,1
BRDA:18,2,1,0
BRDA:19,3,0,1
BRDA:19,3,1,0
BRDA:19,3,2,0
BRF:9
BRH:4
end_of_record
TN:
SF:src/services/mapperService.ts
FN:16,createErrorDTO
FN:28,removeNullAttributes
FN:31,(anonymous_2)
FN:41,mapCitizenDAOToDTO
FN:53,mapStaffDAOToDTO
FN:59,(anonymous_5)
FN:63,mapOfficeDAOToDTO
FN:69,(anonymous_7)
FN:75,mapReportDAOToDTO
FN:96,mapNotificationDAOToDTO
FN:109,mapMessageToDTO
FNF:11
FNH:5
FNDA:2,createErrorDTO
FNDA:61,removeNullAttributes
FNDA:301,(anonymous_2)
FNDA:0,mapCitizenDAOToDTO
FNDA:59,mapStaffDAOToDTO
FNDA:59,(anonymous_5)
FNDA:0,mapOfficeDAOToDTO
FNDA:0,(anonymous_7)
FNDA:0,mapReportDAOToDTO
FNDA:0,mapNotificationDAOToDTO
FNDA:0,mapMessageToDTO
DA:16,1
DA:21,2
DA:29,61
DA:32,301
DA:41,1
DA:42,0
DA:53,1
DA:54,59
DA:59,59
DA:63,1
DA:64,0
DA:69,0
DA:75,1
DA:76,0
DA:96,1
DA:97,0
DA:109,1
DA:110,0
LF:18
LH:12
BRDA:32,0,0,301
BRDA:32,0,1,301
BRDA:32,0,2,301
BRDA:32,0,3,59
BRDA:78,1,0,0
BRDA:78,1,1,0
BRF:6
BRH:4
end_of_record
