TN:
SF:src\utils.ts
FN:12,findOrThrowNotFound
FN:24,throwConflictIfFound
FN:34,validateStatus
FN:42,validateStatusByRole
FN:83,validateOfficeCategory
FN:91,validateIsExternal
FN:101,validateReportId
FN:109,validateDate
FN:117,isWithinTurin
FN:129,(anonymous_19)
FN:157,(anonymous_20)
FN:159,(anonymous_21)
FN:180,(anonymous_22)
FNF:13
FNH:11
FNDA:222,findOrThrowNotFound
FNDA:42,throwConflictIfFound
FNDA:5,validateStatus
FNDA:5,validateStatusByRole
FNDA:8,validateOfficeCategory
FNDA:9,validateIsExternal
FNDA:22,validateReportId
FNDA:0,validateDate
FNDA:14,isWithinTurin
FNDA:12,(anonymous_19)
FNDA:12,(anonymous_20)
FNDA:0,(anonymous_21)
FNDA:12,(anonymous_22)
DA:1,19
DA:2,19
DA:3,19
DA:4,19
DA:5,19
DA:6,19
DA:7,19
DA:8,19
DA:9,19
DA:12,19
DA:17,222
DA:18,222
DA:19,5
DA:21,217
DA:24,19
DA:29,42
DA:30,4
DA:34,19
DA:35,5
DA:36,5
DA:37,0
DA:39,5
DA:42,19
DA:48,5
DA:49,0
DA:52,5
DA:54,5
DA:62,5
DA:63,0
DA:66,5
DA:67,4
DA:68,0
DA:70,4
DA:71,0
DA:74,5
DA:75,1
DA:76,0
DA:80,5
DA:83,19
DA:84,8
DA:85,8
DA:86,1
DA:88,7
DA:91,19
DA:92,9
DA:93,2
DA:94,7
DA:95,1
DA:97,6
DA:101,19
DA:102,22
DA:103,22
DA:104,1
DA:106,21
DA:109,19
DA:110,0
DA:111,0
DA:112,0
DA:114,0
DA:117,19
DA:118,14
DA:119,14
DA:120,14
DA:122,13
DA:124,1
DA:125,1
DA:129,19
DA:130,12
DA:132,12
DA:133,5
DA:136,12
DA:137,1
DA:140,12
DA:141,1
DA:144,12
DA:145,2
DA:148,12
DA:149,0
DA:152,12
DA:154,12
DA:157,19
DA:158,12
DA:159,0
DA:160,0
DA:161,0
DA:162,0
DA:163,0
DA:165,0
DA:166,0
DA:167,0
DA:168,0
DA:169,0
DA:170,12
DA:171,9
DA:172,9
DA:173,0
DA:174,9
DA:175,8
DA:177,12
DA:180,19
DA:181,12
DA:182,0
DA:183,0
DA:184,0
DA:185,12
DA:186,0
DA:187,12
DA:188,0
DA:189,0
DA:190,0
DA:192,12
LF:111
LH:82
BRDA:18,0,0,5
BRDA:18,0,1,217
BRDA:29,1,0,4
BRDA:29,1,1,38
BRDA:36,2,0,0
BRDA:36,2,1,5
BRDA:48,3,0,0
BRDA:48,3,1,5
BRDA:62,4,0,0
BRDA:62,4,1,5
BRDA:66,5,0,4
BRDA:66,5,1,1
BRDA:67,6,0,0
BRDA:67,6,1,4
BRDA:67,7,0,4
BRDA:67,7,1,4
BRDA:67,7,2,4
BRDA:70,8,0,0
BRDA:70,8,1,4
BRDA:70,9,0,4
BRDA:70,9,1,0
BRDA:74,10,0,1
BRDA:74,10,1,4
BRDA:74,11,0,5
BRDA:74,11,1,4
BRDA:75,12,0,0
BRDA:75,12,1,1
BRDA:75,13,0,1
BRDA:75,13,1,1
BRDA:85,14,0,1
BRDA:85,14,1,7
BRDA:92,15,0,2
BRDA:92,15,1,7
BRDA:94,16,0,1
BRDA:94,16,1,6
BRDA:103,17,0,1
BRDA:103,17,1,21
BRDA:103,18,0,22
BRDA:103,18,1,22
BRDA:103,18,2,22
BRDA:111,19,0,0
BRDA:111,19,1,0
BRDA:132,20,0,5
BRDA:132,20,1,7
BRDA:136,21,0,1
BRDA:136,21,1,11
BRDA:140,22,0,1
BRDA:140,22,1,11
BRDA:144,23,0,2
BRDA:144,23,1,10
BRDA:148,24,0,0
BRDA:148,24,1,12
BRDA:158,25,0,0
BRDA:158,25,1,12
BRDA:160,26,0,0
BRDA:160,26,1,0
BRDA:160,27,0,0
BRDA:160,27,1,0
BRDA:162,28,0,0
BRDA:162,28,1,0
BRDA:166,29,0,0
BRDA:166,29,1,0
BRDA:166,30,0,0
BRDA:166,30,1,0
BRDA:168,31,0,0
BRDA:168,31,1,0
BRDA:170,32,0,9
BRDA:170,32,1,3
BRDA:172,33,0,0
BRDA:172,33,1,9
BRDA:172,34,0,9
BRDA:172,34,1,1
BRDA:174,35,0,8
BRDA:174,35,1,1
BRDA:181,36,0,0
BRDA:181,36,1,12
BRDA:181,37,0,12
BRDA:181,37,1,0
BRDA:185,38,0,0
BRDA:185,38,1,12
BRDA:187,39,0,0
BRDA:187,39,1,12
BRF:82
BRH:54
end_of_record
TN:
SF:src\controllers\authController.ts
FN:19,(anonymous_1)
FN:26,(anonymous_2)
FN:36,(anonymous_3)
FN:48,register
FN:75,createEmailVerification
FN:101,registerMunicipalityUser
FN:130,updateStaffOffices
FN:162,login
FN:171,(anonymous_9)
FN:183,(anonymous_10)
FN:193,createTelegramVerification
FN:201,verifyTelegramUser
FN:209,verifyEmailUser
FNF:13
FNH:7
FNDA:0,(anonymous_1)
FNDA:0,(anonymous_2)
FNDA:0,(anonymous_3)
FNDA:4,register
FNDA:2,createEmailVerification
FNDA:0,registerMunicipalityUser
FNDA:14,updateStaffOffices
FNDA:52,login
FNDA:50,(anonymous_9)
FNDA:47,(anonymous_10)
FNDA:0,createTelegramVerification
FNDA:0,verifyTelegramUser
FNDA:5,verifyEmailUser
DA:1,7
DA:2,7
DA:3,7
DA:4,7
DA:5,7
DA:6,7
DA:7,7
DA:8,7
DA:9,7
DA:11,7
DA:12,7
DA:13,7
DA:15,7
DA:18,7
DA:20,0
DA:21,0
DA:22,0
DA:24,0
DA:27,0
DA:28,0
DA:33,7
DA:37,0
DA:38,0
DA:39,0
DA:40,0
DA:41,0
DA:43,0
DA:48,7
DA:56,4
DA:57,4
DA:60,4
DA:69,2
DA:71,2
DA:75,7
DA:76,2
DA:77,2
DA:78,2
DA:79,0
DA:81,2
DA:82,0
DA:83,0
DA:85,0
DA:87,0
DA:91,2
DA:98,2
DA:101,7
DA:109,0
DA:110,0
DA:112,0
DA:113,0
DA:116,0
DA:118,0
DA:127,0
DA:130,7
DA:131,14
DA:132,14
DA:134,14
DA:135,14
DA:137,14
DA:138,7
DA:139,4
DA:142,7
DA:143,2
DA:144,1
DA:147,5
DA:148,1
DA:149,1
DA:152,4
DA:158,4
DA:162,7
DA:163,52
DA:165,52
DA:166,2
DA:169,50
DA:171,50
DA:172,50
DA:173,1
DA:176,49
DA:177,2
DA:183,47
DA:184,47
DA:185,0
DA:188,47
DA:193,7
DA:194,0
DA:195,0
DA:196,0
DA:197,0
DA:198,0
DA:201,7
DA:202,0
DA:203,0
DA:205,0
DA:206,0
DA:209,7
DA:210,5
DA:211,1
DA:213,4
DA:214,4
LF:99
LH:65
BRDA:21,0,0,0
BRDA:21,0,1,0
BRDA:40,1,0,0
BRDA:40,1,1,0
BRDA:40,2,0,0
BRDA:40,2,1,0
BRDA:54,3,0,0
BRDA:78,4,0,0
BRDA:78,4,1,2
BRDA:81,5,0,0
BRDA:81,5,1,2
BRDA:83,6,0,0
BRDA:83,6,1,0
BRDA:112,7,0,0
BRDA:112,7,1,0
BRDA:137,8,0,7
BRDA:137,8,1,7
BRDA:142,9,0,2
BRDA:142,9,1,5
BRDA:147,10,0,1
BRDA:147,10,1,4
BRDA:165,11,0,2
BRDA:165,11,1,50
BRDA:165,12,0,52
BRDA:165,12,1,32
BRDA:169,13,0,20
BRDA:169,13,1,30
BRDA:172,14,0,1
BRDA:172,14,1,49
BRDA:176,15,0,2
BRDA:176,15,1,47
BRDA:178,16,0,2
BRDA:178,16,1,0
BRDA:184,17,0,0
BRDA:184,17,1,47
BRDA:195,18,0,0
BRDA:195,18,1,0
BRDA:202,19,0,0
BRDA:202,19,1,0
BRDA:210,20,0,1
BRDA:210,20,1,4
BRF:41
BRH:22
end_of_record
TN:
SF:src\controllers\citizenController.ts
FN:13,getAllCitizens
FN:18,getCitizenById
FN:26,getCitizenByEmail
FN:34,getCitizenByUsername
FN:43,(anonymous_5)
FN:50,(anonymous_6)
FN:61,(anonymous_7)
FN:71,updateCitizenProfile
FN:83,getCitizenByTelegramUsername
FNF:9
FNH:6
FNDA:3,getAllCitizens
FNDA:4,getCitizenById
FNDA:4,getCitizenByEmail
FNDA:5,getCitizenByUsername
FNDA:0,(anonymous_5)
FNDA:0,(anonymous_6)
FNDA:0,(anonymous_7)
FNDA:6,updateCitizenProfile
FNDA:4,getCitizenByTelegramUsername
DA:2,3
DA:3,3
DA:4,3
DA:5,3
DA:6,3
DA:7,3
DA:8,3
DA:11,3
DA:13,3
DA:14,3
DA:15,3
DA:18,3
DA:19,4
DA:20,4
DA:21,2
DA:23,2
DA:26,3
DA:27,4
DA:28,4
DA:29,2
DA:31,2
DA:34,3
DA:35,5
DA:36,5
DA:37,2
DA:39,3
DA:42,3
DA:44,0
DA:45,0
DA:46,0
DA:48,0
DA:51,0
DA:52,0
DA:56,3
DA:62,0
DA:63,0
DA:64,0
DA:65,0
DA:67,0
DA:71,3
DA:79,6
DA:80,6
DA:83,3
DA:84,4
DA:85,4
DA:86,2
DA:88,2
LF:47
LH:36
BRDA:20,0,0,2
BRDA:20,0,1,2
BRDA:28,1,0,2
BRDA:28,1,1,2
BRDA:36,2,0,2
BRDA:36,2,1,3
BRDA:45,3,0,0
BRDA:45,3,1,0
BRDA:64,4,0,0
BRDA:64,4,1,0
BRDA:85,5,0,2
BRDA:85,5,1,2
BRF:12
BRH:8
end_of_record
TN:
SF:src\controllers\notificationController.ts
FN:6,getNotificationsOfUser
FN:19,markNotificationAsRead
FNF:2
FNH:2
FNDA:7,getNotificationsOfUser
FNDA:3,markNotificationAsRead
DA:1,2
DA:2,2
DA:4,2
DA:6,2
DA:7,7
DA:10,5
DA:11,3
DA:13,2
DA:16,5
DA:19,2
DA:20,3
LF:11
LH:11
BRDA:7,0,0,2
BRDA:7,0,1,5
BRDA:10,1,0,3
BRDA:10,1,1,2
BRF:4
BRH:4
end_of_record
TN:
SF:src\controllers\officeController.ts
FN:7,(anonymous_0)
FNF:1
FNH:1
FNDA:2,(anonymous_0)
DA:2,1
DA:3,1
DA:5,1
DA:8,2
DA:9,2
DA:12,2
DA:13,2
DA:14,2
DA:15,2
DA:17,0
DA:18,0
LF:11
LH:9
BRDA:9,0,0,0
BRDA:9,0,1,2
BRF:2
BRH:1
end_of_record
TN:
SF:src\controllers\reportController.ts
FN:22,(anonymous_1)
FN:29,(anonymous_2)
FN:42,(anonymous_3)
FN:54,createReport
FN:103,getReports
FN:112,getMapReports
FN:117,getReportById
FN:122,updateReportAsMPRO
FN:127,selfAssignReport
FN:132,updateReportAsTOSM
FN:137,assignReportToEM
FN:142,updateReportAsEM
FN:147,handleStaffMessage
FN:173,handleCitizenMessage
FN:184,addMessageToReport
FN:187,(anonymous_16)
FN:198,getAllMessages
FN:201,(anonymous_18)
FN:211,getReportsByCitizenUsername
FNF:19
FNH:17
FNDA:8,(anonymous_1)
FNDA:8,(anonymous_2)
FNDA:8,(anonymous_3)
FNDA:19,createReport
FNDA:3,getReports
FNDA:0,getMapReports
FNDA:4,getReportById
FNDA:9,updateReportAsMPRO
FNDA:8,selfAssignReport
FNDA:0,updateReportAsTOSM
FNDA:3,assignReportToEM
FNDA:1,updateReportAsEM
FNDA:11,handleStaffMessage
FNDA:4,handleCitizenMessage
FNDA:17,addMessageToReport
FNDA:15,(anonymous_16)
FNDA:6,getAllMessages
FNDA:4,(anonymous_18)
FNDA:4,getReportsByCitizenUsername
DA:1,2
DA:2,2
DA:3,2
DA:4,2
DA:6,2
DA:7,2
DA:8,2
DA:9,2
DA:12,2
DA:13,2
DA:15,2
DA:17,2
DA:18,2
DA:19,2
DA:21,2
DA:23,8
DA:24,8
DA:25,0
DA:27,8
DA:30,8
DA:31,8
DA:35,2
DA:43,8
DA:44,8
DA:45,8
DA:46,8
DA:47,8
DA:49,0
DA:54,2
DA:62,19
DA:64,19
DA:66,19
DA:67,1
DA:70,18
DA:71,2
DA:74,16
DA:75,2
DA:77,14
DA:78,14
DA:79,14
DA:81,14
DA:82,14
DA:83,14
DA:85,14
DA:86,2
DA:89,12
DA:103,2
DA:104,3
DA:105,3
DA:106,0
DA:108,3
DA:109,3
DA:112,2
DA:113,0
DA:114,0
DA:117,2
DA:118,4
DA:119,2
DA:122,2
DA:123,9
DA:124,9
DA:127,2
DA:128,8
DA:129,8
DA:132,2
DA:133,0
DA:134,0
DA:137,2
DA:138,3
DA:139,3
DA:142,2
DA:143,1
DA:144,1
DA:148,11
DA:149,11
DA:150,0
DA:153,11
DA:154,7
DA:155,0
DA:157,7
DA:158,0
DA:160,7
DA:163,4
DA:164,4
DA:165,2
DA:167,2
DA:170,0
DA:174,4
DA:175,4
DA:176,0
DA:178,4
DA:179,0
DA:181,4
DA:184,2
DA:185,17
DA:187,15
DA:191,15
DA:195,13
DA:198,2
DA:199,6
DA:201,4
DA:205,4
DA:206,1
DA:208,3
DA:211,2
DA:212,4
DA:213,4
DA:214,1
DA:218,3
DA:223,3
DA:227,3
DA:228,3
LF:112
LH:99
BRDA:24,0,0,0
BRDA:24,0,1,8
BRDA:46,1,0,8
BRDA:46,1,1,0
BRDA:46,2,0,8
BRDA:46,2,1,8
BRDA:66,3,0,1
BRDA:66,3,1,18
BRDA:70,4,0,2
BRDA:70,4,1,16
BRDA:70,5,0,18
BRDA:70,5,1,17
BRDA:70,5,2,16
BRDA:70,5,3,16
BRDA:70,5,4,16
BRDA:74,6,0,2
BRDA:74,6,1,14
BRDA:74,7,0,16
BRDA:74,7,1,16
BRDA:78,8,0,3
BRDA:78,8,1,11
BRDA:79,9,0,2
BRDA:79,9,1,12
BRDA:81,10,0,14
BRDA:81,10,1,12
BRDA:85,11,0,2
BRDA:85,11,1,12
BRDA:105,12,0,0
BRDA:105,12,1,3
BRDA:149,13,0,0
BRDA:149,13,1,11
BRDA:153,14,0,7
BRDA:153,14,1,4
BRDA:154,15,0,0
BRDA:154,15,1,7
BRDA:154,16,0,7
BRDA:154,16,1,7
BRDA:157,17,0,0
BRDA:157,17,1,7
BRDA:163,18,0,4
BRDA:163,18,1,0
BRDA:164,19,0,2
BRDA:164,19,1,2
BRDA:164,20,0,4
BRDA:164,20,1,2
BRDA:175,21,0,0
BRDA:175,21,1,4
BRDA:178,22,0,0
BRDA:178,22,1,4
BRDA:191,23,0,11
BRDA:191,23,1,4
BRDA:205,24,0,1
BRDA:205,24,1,3
BRDA:213,25,0,1
BRDA:213,25,1,3
BRF:55
BRH:46
end_of_record
TN:
SF:src\controllers\staffController.ts
FN:8,getAllStaff
FN:30,getAllEMStaff
FN:47,getAllTOSM
FNF:3
FNH:3
FNDA:7,getAllStaff
FNDA:4,getAllEMStaff
FNDA:5,getAllTOSM
DA:2,2
DA:3,2
DA:4,2
DA:6,2
DA:8,2
DA:9,7
DA:10,7
DA:13,7
DA:17,7
DA:19,7
DA:21,7
DA:23,7
DA:25,0
DA:26,0
DA:30,2
DA:31,4
DA:32,4
DA:36,4
DA:38,4
DA:40,4
DA:42,0
DA:43,0
DA:47,2
DA:48,5
DA:49,5
DA:52,5
DA:54,4
DA:55,4
DA:57,4
DA:59,1
DA:60,1
LF:31
LH:27
BRDA:10,0,0,4
BRDA:10,0,1,3
BRDA:13,1,0,2
BRDA:13,1,1,5
BRDA:19,2,0,2
BRDA:19,2,1,5
BRDA:32,3,0,2
BRDA:32,3,1,2
BRDA:36,4,0,2
BRDA:36,4,1,2
BRDA:49,5,0,3
BRDA:49,5,1,2
BRDA:52,6,0,3
BRDA:52,6,1,2
BRF:14
BRH:14
end_of_record
TN:
SF:src\middlewares\authMiddleware.ts
FN:7,(anonymous_0)
FN:8,(anonymous_1)
FN:44,telegramBotAuth
FNF:3
FNH:3
FNDA:37,(anonymous_0)
FNDA:55,(anonymous_1)
FNDA:7,telegramBotAuth
DA:3,5
DA:7,5
DA:8,37
DA:9,55
DA:10,5
DA:13,50
DA:14,5
DA:17,45
DA:18,45
DA:20,45
DA:21,16
DA:22,16
DA:24,0
DA:27,29
DA:28,29
DA:29,7
DA:32,22
DA:33,22
DA:34,17
DA:37,5
DA:40,0
DA:44,5
DA:45,7
DA:47,7
DA:48,2
DA:50,5
LF:26
LH:24
BRDA:9,0,0,5
BRDA:9,0,1,50
BRDA:13,1,0,5
BRDA:13,1,1,45
BRDA:13,2,0,50
BRDA:13,2,1,45
BRDA:20,3,0,16
BRDA:20,3,1,29
BRDA:21,4,0,16
BRDA:21,4,1,0
BRDA:27,5,0,29
BRDA:27,5,1,0
BRDA:28,6,0,7
BRDA:28,6,1,22
BRDA:33,7,0,17
BRDA:33,7,1,5
BRDA:33,8,0,22
BRDA:33,8,1,22
BRDA:47,9,0,2
BRDA:47,9,1,5
BRDA:47,10,0,7
BRDA:47,10,1,5
BRF:22
BRH:20
end_of_record
TN:
SF:src\middlewares\errorMiddleware.ts
FN:5,errorHandler
FNF:1
FNH:1
FNDA:11,errorHandler
DA:1,4
DA:2,4
DA:5,4
DA:11,11
DA:12,11
LF:5
LH:5
BRF:0
BRH:0
end_of_record
TN:
SF:src\repositories\citizenRepository.ts
FN:11,(anonymous_1)
FN:15,(anonymous_2)
FN:46,(anonymous_3)
FN:51,(anonymous_4)
FN:56,(anonymous_5)
FN:61,(anonymous_6)
FN:86,(anonymous_8)
FN:92,(anonymous_9)
FN:107,(anonymous_10)
FN:136,(anonymous_11)
FNF:10
FNH:10
FNDA:71,(anonymous_1)
FNDA:17,(anonymous_2)
FNDA:4,(anonymous_3)
FNDA:6,(anonymous_4)
FNDA:6,(anonymous_5)
FNDA:83,(anonymous_6)
FNDA:1,(anonymous_8)
FNDA:2,(anonymous_9)
FNDA:9,(anonymous_10)
FNDA:5,(anonymous_11)
DA:1,19
DA:2,19
DA:3,19
DA:5,19
DA:6,19
DA:8,19
DA:12,71
DA:16,17
DA:17,51
DA:18,51
DA:19,51
DA:21,51
DA:28,51
DA:29,0
DA:31,51
DA:39,51
DA:40,51
DA:47,4
DA:52,6
DA:57,6
DA:62,83
DA:74,11
DA:75,1
DA:78,10
DA:79,10
DA:80,10
DA:81,10
DA:84,10
DA:86,1
DA:90,9
DA:92,2
DA:97,7
DA:116,9
DA:117,9
DA:118,0
DA:121,9
DA:122,9
DA:125,9
DA:126,4
DA:129,9
DA:130,0
DA:133,9
DA:137,5
LF:43
LH:40
BRDA:15,0,0,0
BRDA:28,1,0,0
BRDA:28,1,1,51
BRDA:72,2,0,1
BRDA:74,3,0,1
BRDA:74,3,1,10
BRDA:74,4,0,11
BRDA:74,4,1,10
BRDA:74,4,2,10
BRDA:74,4,3,10
BRDA:74,4,4,10
BRDA:117,5,0,0
BRDA:117,5,1,9
BRDA:121,6,0,9
BRDA:121,6,1,0
BRDA:125,7,0,4
BRDA:125,7,1,5
BRDA:129,8,0,0
BRDA:129,8,1,9
BRF:19
BRH:14
end_of_record
TN:
SF:src\repositories\notificationRepository.ts
FN:8,(anonymous_0)
FN:13,(anonymous_1)
FN:37,(anonymous_2)
FN:60,(anonymous_3)
FN:68,(anonymous_4)
FN:75,(anonymous_5)
FNF:6
FNH:6
FNDA:11,(anonymous_0)
FNDA:81,(anonymous_1)
FNDA:5,(anonymous_2)
FNDA:4,(anonymous_3)
FNDA:3,(anonymous_4)
FNDA:3,(anonymous_5)
DA:1,5
DA:2,5
DA:3,5
DA:4,5
DA:5,5
DA:8,5
DA:9,11
DA:10,11
DA:11,11
DA:18,81
DA:22,81
DA:23,1
DA:26,80
DA:34,80
DA:42,5
DA:46,5
DA:47,1
DA:50,4
DA:57,4
DA:61,4
DA:69,3
DA:76,3
DA:77,3
DA:78,1
DA:80,2
LF:25
LH:25
BRDA:22,0,0,1
BRDA:22,0,1,80
BRDA:46,1,0,1
BRDA:46,1,1,4
BRDA:77,2,0,1
BRDA:77,2,1,2
BRF:6
BRH:6
end_of_record
TN:
SF:src\repositories\officeRepository.ts
FN:9,(anonymous_0)
FN:14,(anonymous_1)
FN:127,(anonymous_2)
FN:135,(anonymous_3)
FN:140,(anonymous_4)
FN:145,(anonymous_5)
FNF:6
FNH:6
FNDA:25,(anonymous_0)
FNDA:18,(anonymous_1)
FNDA:5,(anonymous_2)
FNDA:1,(anonymous_3)
FNDA:2,(anonymous_4)
FNDA:1,(anonymous_5)
DA:1,19
DA:2,19
DA:6,19
DA:10,25
DA:15,18
DA:114,18
DA:115,306
DA:116,306
DA:118,306
DA:119,289
DA:120,289
DA:121,289
DA:128,5
DA:129,0
DA:131,5
DA:136,1
DA:141,2
DA:146,1
LF:18
LH:17
BRDA:118,0,0,289
BRDA:118,0,1,17
BRDA:128,1,0,0
BRDA:128,1,1,5
BRF:4
BRH:3
end_of_record
TN:
SF:src\repositories\pendingVerificationRepository.ts
FN:14,(anonymous_0)
FN:19,(anonymous_1)
FN:29,(anonymous_2)
FN:67,(anonymous_3)
FN:82,(anonymous_4)
FN:97,(anonymous_5)
FN:102,(anonymous_6)
FNF:7
FNH:4
FNDA:11,(anonymous_0)
FNDA:8,(anonymous_1)
FNDA:0,(anonymous_2)
FNDA:7,(anonymous_3)
FNDA:4,(anonymous_4)
FNDA:0,(anonymous_5)
FNDA:0,(anonymous_6)
DA:1,8
DA:2,8
DA:3,8
DA:4,8
DA:5,8
DA:6,8
DA:7,8
DA:8,8
DA:10,8
DA:15,11
DA:16,11
DA:25,8
DA:29,0
DA:32,8
DA:39,8
DA:40,1
DA:41,7
DA:42,2
DA:43,1
DA:44,1
DA:46,0
DA:49,1
DA:54,6
DA:56,6
DA:58,6
DA:68,7
DA:73,7
DA:74,7
DA:75,1
DA:77,7
DA:82,4
DA:86,4
DA:87,4
DA:88,3
DA:89,1
DA:90,1
DA:92,4
DA:93,0
DA:98,0
DA:102,0
LF:40
LH:35
BRDA:26,0,0,0
BRDA:26,0,1,8
BRDA:39,1,0,1
BRDA:39,1,1,7
BRDA:41,2,0,2
BRDA:41,2,1,5
BRDA:42,3,0,1
BRDA:42,3,1,1
BRDA:43,4,0,1
BRDA:43,4,1,0
BRDA:74,5,0,1
BRDA:74,5,1,6
BRDA:87,6,0,3
BRDA:87,6,1,1
BRDA:89,7,0,1
BRDA:89,7,1,0
BRDA:92,8,0,0
BRDA:92,8,1,4
BRDA:92,9,0,4
BRDA:92,9,1,4
BRF:20
BRH:16
end_of_record
TN:
SF:src\repositories\reportRepository.ts
FN:29,(anonymous_0)
FN:36,(anonymous_1)
FN:64,(anonymous_2)
FN:79,(anonymous_3)
FN:88,(anonymous_4)
FN:100,(anonymous_5)
FN:143,(anonymous_6)
FN:146,(anonymous_7)
FN:152,(anonymous_8)
FN:159,(anonymous_9)
FN:172,(anonymous_10)
FN:177,(anonymous_11)
FN:182,(anonymous_12)
FN:190,(anonymous_13)
FN:202,(anonymous_14)
FN:216,(anonymous_15)
FN:221,(anonymous_16)
FN:242,(anonymous_17)
FN:253,(anonymous_18)
FN:274,(anonymous_19)
FN:285,(anonymous_20)
FN:302,(anonymous_21)
FN:337,(anonymous_22)
FN:363,(anonymous_23)
FN:371,(anonymous_24)
FNF:25
FNH:24
FNDA:7,(anonymous_0)
FNDA:114,(anonymous_1)
FNDA:12,(anonymous_2)
FNDA:0,(anonymous_3)
FNDA:33,(anonymous_4)
FNDA:54,(anonymous_5)
FNDA:42,(anonymous_6)
FNDA:42,(anonymous_7)
FNDA:41,(anonymous_8)
FNDA:40,(anonymous_9)
FNDA:38,(anonymous_10)
FNDA:21,(anonymous_11)
FNDA:20,(anonymous_12)
FNDA:20,(anonymous_13)
FNDA:17,(anonymous_14)
FNDA:17,(anonymous_15)
FNDA:12,(anonymous_16)
FNDA:7,(anonymous_17)
FNDA:13,(anonymous_18)
FNDA:9,(anonymous_19)
FNDA:25,(anonymous_20)
FNDA:66,(anonymous_21)
FNDA:20,(anonymous_22)
FNDA:4,(anonymous_23)
FNDA:2,(anonymous_24)
DA:1,5
DA:2,5
DA:3,5
DA:5,5
DA:6,5
DA:7,5
DA:8,5
DA:9,5
DA:10,5
DA:11,5
DA:23,5
DA:30,7
DA:31,7
DA:32,7
DA:33,7
DA:48,114
DA:50,114
DA:66,12
DA:68,12
DA:69,0
DA:71,12
DA:81,0
DA:89,33
DA:94,33
DA:95,10
DA:97,23
DA:106,54
DA:111,54
DA:112,2
DA:114,52
DA:115,1
DA:117,51
DA:118,1
DA:120,50
DA:122,50
DA:131,50
DA:137,50
DA:138,50
DA:140,50
DA:144,42
DA:146,42
DA:150,42
DA:152,41
DA:156,41
DA:157,1
DA:159,40
DA:160,1
DA:162,39
DA:163,1
DA:165,38
DA:170,38
DA:172,38
DA:179,21
DA:180,20
DA:182,20
DA:188,21
DA:190,20
DA:194,20
DA:195,1
DA:197,19
DA:198,1
DA:200,18
DA:201,18
DA:202,17
DA:203,1
DA:204,16
DA:206,1
DA:209,17
DA:214,17
DA:216,17
DA:223,12
DA:225,10
DA:226,1
DA:227,9
DA:228,2
DA:230,7
DA:234,7
DA:235,0
DA:238,7
DA:240,7
DA:242,7
DA:247,7
DA:248,7
DA:250,7
DA:255,13
DA:257,11
DA:258,1
DA:259,10
DA:260,1
DA:262,9
DA:266,9
DA:267,0
DA:270,9
DA:272,9
DA:274,9
DA:279,9
DA:280,9
DA:282,9
DA:286,25
DA:291,25
DA:292,2
DA:294,23
DA:295,0
DA:297,23
DA:298,2
DA:299,21
DA:303,66
DA:304,66
DA:306,66
DA:307,48
DA:308,48
DA:309,18
DA:310,2
DA:311,2
DA:312,2
DA:313,2
DA:315,16
DA:316,6
DA:317,6
DA:318,10
DA:319,6
DA:320,6
DA:321,4
DA:322,4
DA:323,4
DA:324,4
DA:325,0
DA:328,66
DA:329,66
DA:338,20
DA:339,20
DA:340,20
DA:341,20
DA:342,20
DA:345,20
DA:348,20
DA:349,7
DA:357,20
DA:364,4
DA:372,2
LF:140
LH:134
BRDA:68,0,0,0
BRDA:68,0,1,12
BRDA:94,1,0,10
BRDA:94,1,1,23
BRDA:111,2,0,2
BRDA:111,2,1,52
BRDA:114,3,0,1
BRDA:114,3,1,51
BRDA:117,4,0,1
BRDA:117,4,1,50
BRDA:117,5,0,51
BRDA:117,5,1,49
BRDA:126,6,0,50
BRDA:126,6,1,2
BRDA:127,7,0,50
BRDA:127,7,1,2
BRDA:137,8,0,50
BRDA:137,8,1,0
BRDA:137,9,0,50
BRDA:137,9,1,50
BRDA:156,10,0,1
BRDA:156,10,1,40
BRDA:159,11,0,1
BRDA:159,11,1,39
BRDA:162,12,0,1
BRDA:162,12,1,38
BRDA:179,13,0,20
BRDA:179,13,1,1
BRDA:194,14,0,1
BRDA:194,14,1,19
BRDA:197,15,0,1
BRDA:197,15,1,18
BRDA:201,16,0,17
BRDA:201,16,1,1
BRDA:202,17,0,1
BRDA:202,17,1,16
BRDA:225,18,0,1
BRDA:225,18,1,9
BRDA:227,19,0,2
BRDA:227,19,1,7
BRDA:234,20,0,0
BRDA:234,20,1,7
BRDA:247,21,0,7
BRDA:247,21,1,0
BRDA:247,22,0,7
BRDA:247,22,1,7
BRDA:257,23,0,1
BRDA:257,23,1,10
BRDA:259,24,0,1
BRDA:259,24,1,9
BRDA:266,25,0,0
BRDA:266,25,1,9
BRDA:279,26,0,9
BRDA:279,26,1,0
BRDA:279,27,0,9
BRDA:279,27,1,9
BRDA:291,28,0,2
BRDA:291,28,1,23
BRDA:294,29,0,0
BRDA:294,29,1,23
BRDA:297,30,0,2
BRDA:297,30,1,21
BRDA:297,31,0,23
BRDA:297,31,1,2
BRDA:306,32,0,48
BRDA:306,32,1,18
BRDA:309,33,0,2
BRDA:309,33,1,16
BRDA:312,34,0,2
BRDA:312,34,1,0
BRDA:315,35,0,6
BRDA:315,35,1,10
BRDA:318,36,0,6
BRDA:318,36,1,4
BRDA:321,37,0,4
BRDA:321,37,1,0
BRDA:324,38,0,0
BRDA:324,38,1,4
BRDA:328,39,0,66
BRDA:328,39,1,0
BRDA:337,40,0,4
BRDA:348,41,0,7
BRDA:348,41,1,13
BRDA:348,42,0,20
BRDA:348,42,1,16
BRDA:348,42,2,16
BRF:86
BRH:75
end_of_record
TN:
SF:src\repositories\staffRepository.ts
FN:13,(anonymous_1)
FN:18,(anonymous_2)
FN:39,(anonymous_3)
FN:60,(anonymous_4)
FN:111,(anonymous_5)
FN:121,(anonymous_6)
FN:137,(anonymous_7)
FN:148,(anonymous_8)
FN:153,(anonymous_9)
FN:158,(anonymous_10)
FN:176,(anonymous_11)
FN:189,(anonymous_12)
FN:190,(anonymous_13)
FN:208,(anonymous_14)
FN:221,(anonymous_15)
FN:222,(anonymous_16)
FN:231,(anonymous_17)
FN:238,(anonymous_18)
FN:248,(anonymous_19)
FN:255,(anonymous_20)
FNF:20
FNH:18
FNDA:106,(anonymous_1)
FNDA:136,(anonymous_2)
FNDA:136,(anonymous_3)
FNDA:17,(anonymous_4)
FNDA:1496,(anonymous_5)
FNDA:12,(anonymous_6)
FNDA:4,(anonymous_7)
FNDA:0,(anonymous_8)
FNDA:104,(anonymous_9)
FNDA:15,(anonymous_10)
FNDA:1,(anonymous_11)
FNDA:1,(anonymous_12)
FNDA:2,(anonymous_13)
FNDA:12,(anonymous_14)
FNDA:0,(anonymous_15)
FNDA:4,(anonymous_16)
FNDA:6,(anonymous_17)
FNDA:5,(anonymous_18)
FNDA:4,(anonymous_19)
FNDA:5,(anonymous_20)
DA:1,19
DA:2,19
DA:3,19
DA:4,19
DA:5,19
DA:6,19
DA:7,19
DA:9,19
DA:14,106
DA:15,106
DA:19,136
DA:25,136
DA:26,136
DA:34,136
DA:35,136
DA:40,136
DA:46,136
DA:47,136
DA:55,136
DA:56,136
DA:62,17
DA:63,17
DA:64,17
DA:68,17
DA:69,0
DA:73,17
DA:81,17
DA:82,17
DA:86,17
DA:87,17
DA:88,17
DA:92,17
DA:93,0
DA:97,17
DA:105,17
DA:106,17
DA:110,17
DA:111,1496
DA:112,272
DA:113,136
DA:115,136
DA:122,12
DA:123,8
DA:133,4
DA:138,4
DA:149,0
DA:154,104
DA:166,15
DA:167,0
DA:170,15
DA:171,15
DA:172,15
DA:174,15
DA:176,1
DA:180,14
DA:181,0
DA:184,14
DA:188,14
DA:189,1
DA:190,2
DA:191,1
DA:195,13
DA:204,13
DA:209,12
DA:210,12
DA:212,10
DA:213,1
DA:216,9
DA:220,9
DA:221,3
DA:222,4
DA:223,3
DA:226,6
DA:227,6
DA:232,6
DA:233,6
DA:235,5
DA:236,5
DA:238,5
DA:239,4
DA:240,2
DA:243,2
DA:244,2
DA:249,4
DA:250,4
DA:252,3
DA:253,3
DA:255,5
DA:256,2
LF:89
LH:84
BRDA:25,0,0,136
BRDA:25,0,1,0
BRDA:46,1,0,136
BRDA:46,1,1,0
BRDA:63,2,0,17
BRDA:63,2,1,0
BRDA:68,3,0,0
BRDA:68,3,1,17
BRDA:87,4,0,17
BRDA:87,4,1,0
BRDA:92,5,0,0
BRDA:92,5,1,17
BRDA:112,6,0,136
BRDA:112,6,1,136
BRDA:122,7,0,8
BRDA:122,7,1,4
BRDA:122,8,0,12
BRDA:122,8,1,5
BRDA:126,9,0,1
BRDA:126,9,1,7
BRDA:127,10,0,4
BRDA:127,10,1,4
BRDA:141,11,0,2
BRDA:141,11,1,2
BRDA:166,12,0,0
BRDA:166,12,1,15
BRDA:166,13,0,15
BRDA:166,13,1,15
BRDA:166,13,2,15
BRDA:166,13,3,15
BRDA:180,14,0,0
BRDA:180,14,1,14
BRDA:188,15,0,1
BRDA:188,15,1,13
BRDA:210,16,0,2
BRDA:210,16,1,10
BRDA:212,17,0,1
BRDA:212,17,1,9
BRDA:220,18,0,3
BRDA:220,18,1,6
BRDA:233,19,0,1
BRDA:233,19,1,5
BRDA:236,20,0,1
BRDA:236,20,1,4
BRDA:239,21,0,2
BRDA:239,21,1,2
BRDA:250,22,0,1
BRDA:250,22,1,3
BRDA:253,23,0,1
BRDA:253,23,1,2
BRF:50
BRH:42
end_of_record
TN:
SF:src\routes\authRoutes.ts
FN:19,(anonymous_0)
FN:53,(anonymous_1)
FN:69,(anonymous_2)
FN:87,(anonymous_3)
FN:88,(anonymous_4)
FN:96,(anonymous_5)
FN:100,(anonymous_6)
FN:109,(anonymous_7)
FN:119,(anonymous_8)
FN:134,(anonymous_9)
FNF:10
FNH:2
FNDA:0,(anonymous_0)
FNDA:0,(anonymous_1)
FNDA:46,(anonymous_2)
FNDA:0,(anonymous_3)
FNDA:0,(anonymous_4)
FNDA:0,(anonymous_5)
FNDA:0,(anonymous_6)
FNDA:0,(anonymous_7)
FNDA:3,(anonymous_8)
FNDA:0,(anonymous_9)
DA:1,5
DA:11,5
DA:12,5
DA:13,5
DA:14,5
DA:15,5
DA:17,5
DA:19,5
DA:20,0
DA:22,0
DA:24,0
DA:25,0
DA:27,0
DA:28,0
DA:30,0
DA:31,0
DA:33,0
DA:34,0
DA:36,0
DA:37,0
DA:39,0
DA:47,0
DA:49,0
DA:53,5
DA:54,0
DA:55,0
DA:63,0
DA:65,0
DA:69,5
DA:70,46
DA:72,46
DA:74,46
DA:75,0
DA:77,46
DA:78,0
DA:81,46
DA:83,0
DA:87,5
DA:88,0
DA:89,0
DA:90,0
DA:92,0
DA:96,5
DA:97,0
DA:100,5
DA:101,0
DA:102,0
DA:103,0
DA:105,0
DA:109,5
DA:110,0
DA:111,0
DA:112,0
DA:113,0
DA:115,0
DA:119,5
DA:120,3
DA:121,3
DA:123,3
DA:124,1
DA:127,2
DA:128,1
DA:130,1
DA:134,5
DA:135,0
DA:136,0
DA:137,0
DA:138,0
DA:140,0
DA:144,5
LF:70
LH:29
BRDA:24,0,0,0
BRDA:24,0,1,0
BRDA:24,1,0,0
BRDA:24,1,1,0
BRDA:27,2,0,0
BRDA:27,2,1,0
BRDA:30,3,0,0
BRDA:30,3,1,0
BRDA:33,4,0,0
BRDA:33,4,1,0
BRDA:36,5,0,0
BRDA:36,5,1,0
BRDA:74,6,0,0
BRDA:74,6,1,46
BRDA:77,7,0,0
BRDA:77,7,1,46
BRDA:89,8,0,0
BRDA:89,8,1,0
BRDA:123,9,0,1
BRDA:123,9,1,2
BRF:20
BRH:4
end_of_record
TN:
SF:src\routes\citizenRoutes.ts
FN:17,(anonymous_0)
FN:27,(anonymous_1)
FN:42,(anonymous_2)
FN:57,(anonymous_3)
FN:72,(anonymous_4)
FN:106,(anonymous_5)
FNF:6
FNH:5
FNDA:2,(anonymous_0)
FNDA:3,(anonymous_1)
FNDA:3,(anonymous_2)
FNDA:2,(anonymous_3)
FNDA:4,(anonymous_4)
FNDA:0,(anonymous_5)
DA:1,2
DA:2,2
DA:3,2
DA:12,2
DA:14,2
DA:17,2
DA:18,2
DA:19,2
DA:20,2
DA:22,0
DA:27,2
DA:28,3
DA:29,3
DA:31,3
DA:32,1
DA:34,2
DA:35,2
DA:37,0
DA:42,2
DA:43,3
DA:44,3
DA:46,3
DA:47,1
DA:49,2
DA:50,2
DA:52,0
DA:57,2
DA:58,2
DA:59,2
DA:61,2
DA:62,0
DA:64,2
DA:65,2
DA:67,0
DA:72,2
DA:73,4
DA:74,4
DA:75,4
DA:78,4
DA:79,1
DA:83,3
DA:86,3
DA:87,3
DA:92,3
DA:93,3
DA:94,3
DA:95,3
DA:98,3
DA:100,3
DA:102,0
DA:106,2
DA:107,0
DA:108,0
DA:109,0
DA:111,0
DA:115,2
LF:56
LH:46
BRDA:31,0,0,1
BRDA:31,0,1,2
BRDA:46,1,0,1
BRDA:46,1,1,2
BRDA:46,2,0,3
BRDA:46,2,1,3
BRDA:46,2,2,3
BRDA:61,3,0,0
BRDA:61,3,1,2
BRDA:61,4,0,2
BRDA:61,4,1,2
BRDA:78,5,0,1
BRDA:78,5,1,3
BRDA:87,6,0,0
BRDA:87,6,1,3
BRDA:93,7,0,3
BRDA:93,7,1,0
BRDA:94,8,0,2
BRDA:94,8,1,1
BRDA:94,9,0,2
BRDA:94,9,1,2
BRDA:95,10,0,0
BRDA:95,10,1,3
BRF:23
BRH:19
end_of_record
TN:
SF:src\routes\notificationRoutes.ts
FN:8,(anonymous_0)
FN:17,(anonymous_1)
FNF:2
FNH:2
FNDA:3,(anonymous_0)
FNDA:2,(anonymous_1)
DA:1,1
DA:2,1
DA:3,1
DA:4,1
DA:6,1
DA:8,1
DA:9,3
DA:10,3
DA:11,3
DA:13,0
DA:17,1
DA:18,2
DA:19,2
DA:20,1
DA:22,1
DA:26,1
LF:16
LH:15
BRF:0
BRH:0
end_of_record
TN:
SF:src\routes\reportRoutes.ts
FN:30,(anonymous_0)
FN:69,(anonymous_1)
FN:79,(anonymous_2)
FN:90,(anonymous_3)
FN:100,(anonymous_4)
FN:112,(anonymous_5)
FN:133,(anonymous_6)
FN:149,(anonymous_7)
FN:173,(anonymous_8)
FN:201,(anonymous_9)
FN:218,(anonymous_10)
FN:230,(anonymous_11)
FN:244,(anonymous_12)
FN:257,(anonymous_13)
FNF:14
FNH:12
FNDA:3,(anonymous_0)
FNDA:7,(anonymous_1)
FNDA:3,(anonymous_2)
FNDA:0,(anonymous_3)
FNDA:2,(anonymous_4)
FNDA:4,(anonymous_5)
FNDA:3,(anonymous_6)
FNDA:2,(anonymous_7)
FNDA:1,(anonymous_8)
FNDA:6,(anonymous_9)
FNDA:1,(anonymous_10)
FNDA:0,(anonymous_11)
FNDA:2,(anonymous_12)
FNDA:3,(anonymous_13)
DA:1,1
DA:2,1
DA:3,1
DA:4,1
DA:21,1
DA:23,1
DA:25,1
DA:26,1
DA:28,1
DA:30,1
DA:31,3
DA:32,3
DA:34,3
DA:35,0
DA:38,3
DA:39,0
DA:42,3
DA:43,0
DA:46,3
DA:47,0
DA:50,3
DA:51,0
DA:54,3
DA:55,0
DA:58,3
DA:59,0
DA:62,3
DA:63,1
DA:66,3
DA:69,1
DA:70,7
DA:71,7
DA:72,7
DA:73,7
DA:75,4
DA:79,1
DA:80,3
DA:81,3
DA:82,3
DA:83,3
DA:86,0
DA:90,1
DA:91,0
DA:92,0
DA:93,0
DA:96,0
DA:100,1
DA:101,2
DA:102,2
DA:104,2
DA:105,1
DA:107,1
DA:112,1
DA:113,4
DA:114,4
DA:116,4
DA:118,4
DA:121,4
DA:122,0
DA:125,4
DA:126,4
DA:128,0
DA:133,1
DA:134,3
DA:135,3
DA:137,3
DA:139,3
DA:141,3
DA:143,0
DA:149,1
DA:150,2
DA:151,2
DA:153,2
DA:155,2
DA:157,2
DA:158,0
DA:161,2
DA:163,2
DA:165,2
DA:167,0
DA:173,1
DA:174,1
DA:175,1
DA:177,1
DA:179,1
DA:181,1
DA:183,1
DA:187,1
DA:188,0
DA:189,1
DA:190,1
DA:193,1
DA:195,0
DA:201,1
DA:202,6
DA:203,6
DA:204,6
DA:206,6
DA:208,6
DA:209,0
DA:212,6
DA:214,1
DA:218,1
DA:219,1
DA:220,1
DA:222,1
DA:224,1
DA:226,0
DA:230,1
DA:231,0
DA:232,0
DA:233,0
DA:234,0
DA:235,0
DA:237,0
DA:238,0
DA:240,0
DA:244,1
DA:245,2
DA:246,2
DA:247,2
DA:249,1
DA:251,1
DA:253,1
DA:257,1
DA:258,3
DA:259,3
DA:260,2
DA:261,1
DA:263,2
DA:267,1
LF:131
LH:102
BRDA:34,0,0,0
BRDA:34,0,1,3
BRDA:34,1,0,3
BRDA:34,1,1,0
BRDA:38,2,0,0
BRDA:38,2,1,3
BRDA:38,3,0,3
BRDA:38,3,1,0
BRDA:42,4,0,0
BRDA:42,4,1,3
BRDA:42,5,0,3
BRDA:42,5,1,0
BRDA:46,6,0,0
BRDA:46,6,1,3
BRDA:50,7,0,0
BRDA:50,7,1,3
BRDA:54,8,0,0
BRDA:54,8,1,3
BRDA:54,9,0,3
BRDA:54,9,1,0
BRDA:54,9,2,0
BRDA:58,10,0,0
BRDA:58,10,1,3
BRDA:62,11,0,1
BRDA:62,11,1,2
BRDA:121,12,0,0
BRDA:121,12,1,4
BRDA:157,13,0,0
BRDA:157,13,1,2
BRDA:187,14,0,0
BRDA:187,14,1,1
BRDA:189,15,0,1
BRDA:189,15,1,0
BRDA:208,16,0,0
BRDA:208,16,1,6
BRDA:208,17,0,6
BRDA:208,17,1,6
BRDA:208,17,2,6
BRDA:233,18,0,0
BRDA:233,18,1,0
BRF:40
BRH:21
end_of_record
TN:
SF:src\routes\staffRoutes.ts
FN:16,(anonymous_0)
FN:22,(anonymous_1)
FNF:2
FNH:2
FNDA:1,(anonymous_0)
FNDA:2,(anonymous_1)
DA:1,1
DA:2,1
DA:3,1
DA:4,1
DA:5,1
DA:7,1
DA:9,1
DA:11,1
DA:13,1
DA:16,1
DA:19,1
DA:22,2
DA:25,1
LF:13
LH:13
BRF:0
BRH:0
end_of_record
TN:
SF:src\services\errorService.ts
FN:6,createAppError
FNF:1
FNH:1
FNDA:11,createAppError
DA:2,4
DA:3,4
DA:4,4
DA:6,4
DA:7,11
DA:13,11
DA:14,11
DA:18,11
DA:22,11
DA:25,11
LF:10
LH:10
BRDA:9,0,0,11
BRDA:9,0,1,0
BRDA:15,1,0,11
BRDA:15,1,1,0
BRDA:18,2,0,11
BRDA:18,2,1,0
BRDA:19,3,0,11
BRDA:19,3,1,0
BRDA:19,3,2,0
BRF:9
BRH:4
end_of_record
TN:
SF:src\services\mapperService.ts
FN:16,createErrorDTO
FN:28,removeNullAttributes
FN:31,(anonymous_2)
FN:41,mapCitizenDAOToDTO
FN:53,mapStaffDAOToDTO
FN:59,(anonymous_5)
FN:63,mapOfficeDAOToDTO
FN:69,(anonymous_7)
FN:75,mapReportDAOToDTO
FN:96,mapNotificationDAOToDTO
FN:109,mapMessageToDTO
FNF:11
FNH:9
FNDA:22,createErrorDTO
FNDA:330,removeNullAttributes
FNDA:2108,(anonymous_2)
FNDA:64,mapCitizenDAOToDTO
FNDA:178,mapStaffDAOToDTO
FNDA:181,(anonymous_5)
FNDA:0,mapOfficeDAOToDTO
FNDA:0,(anonymous_7)
FNDA:44,mapReportDAOToDTO
FNDA:3,mapNotificationDAOToDTO
FNDA:22,mapMessageToDTO
DA:16,11
DA:21,22
DA:29,330
DA:32,2108
DA:41,11
DA:42,64
DA:53,11
DA:54,178
DA:59,181
DA:63,11
DA:64,0
DA:69,0
DA:75,11
DA:76,44
DA:96,11
DA:97,3
DA:109,11
DA:110,22
LF:18
LH:16
BRDA:32,0,0,2108
BRDA:32,0,1,1945
BRDA:32,0,2,1844
BRDA:32,0,3,281
BRDA:78,1,0,1
BRDA:78,1,1,43
BRF:6
BRH:6
end_of_record
